#
# A fatal error has been detected by the Java Runtime Environment:
#
#  EXCEPTION_ACCESS_VIOLATION (0xc0000005) at pc=0x000000005e8b5190, pid=3932, tid=0x0000000000003b14
#
# JRE version: Java(TM) SE Runtime Environment (8.0_111-b14) (build 1.8.0_111-b14)
# Java VM: Java HotSpot(TM) 64-Bit Server VM (25.111-b14 mixed mode windows-amd64 compressed oops)
# Problematic frame:
# V  [jvm.dll+0x275190]
#
# Failed to write core dump. Minidumps are not enabled by default on client versions of Windows
#
# If you would like to submit a bug report, please visit:
#   http://bugreport.java.com/bugreport/crash.jsp
#

---------------  T H R E A D  ---------------

Current thread (0x000000001bfdf000):  JavaThread "AWT-EventQueue-0" [_thread_in_vm, id=15124, stack(0x000000001cbd0000,0x000000001ccd0000)]

siginfo: ExceptionCode=0xc0000005, reading address 0x000000002768f000

Registers:
RAX=0x0000000000000000, RBX=0x000000001bfdf000, RCX=0x0000000006c2b1f0, RDX=0x00000000209cc110
RSP=0x000000001cccc5e0, RBP=0x0000000000000000, RSI=0x0000000000097e00, RDI=0x0000000000000000
R8 =0x0000000000000020, R9 =0x0000000020a63e10, R10=0x000000000584e8f2, R11=0x000000000584e898
R12=0x00000000275f7300, R13=0x000000001cccc6e0, R14=0x000000001cccc7a8, R15=0x000000001bfdf000
RIP=0x000000005e8b5190, EFLAGS=0x0000000000010202

Top of Stack: (sp=0x000000001cccc5e0)
0x000000001cccc5e0:   00000000193b0198 000000001cccc678
0x000000001cccc5f0:   0000000000000017 000000005e85efc1
0x000000001cccc600:   00000000d7755ce0 000000005e823b57
0x000000001cccc610:   000000001cccc670 00000000051883fd
0x000000001cccc620:   00000000051883fd 00000000d7755ce0
0x000000001cccc630:   000000001cccc630 000000001d258ad9
0x000000001cccc640:   0000000000000000 000000000584e970
0x000000001cccc650:   0000000000000000 00000000193b02c8
0x000000001cccc660:   000000001cccc6c0 00000000209cc110
0x000000001cccc670:   0000000000000000 00000000209cc110
0x000000001cccc680:   0000000000097e00 00000000d7e0e758
0x000000001cccc690:   0000000000000000 0000000019359d01
0x000000001cccc6a0:   0000000000000000 0000000019412670
0x000000001cccc6b0:   0000000000000000 0000000019359d10
0x000000001cccc6c0:   000000001cccc768 00000000051883fd
0x000000001cccc6d0:   000000001cccc728 00000000051883fd 

Instructions: (pc=0x000000005e8b5190)
0x000000005e8b5170:   a8 07 75 65 49 c1 e8 03 48 3b ca 76 29 4d 85 c0
0x000000005e8b5180:   0f 84 cd 00 00 00 48 2b ca 0f 1f 80 00 00 00 00
0x000000005e8b5190:   4a 8b 04 09 49 83 c1 08 49 ff c8 49 89 41 f8 75
0x000000005e8b51a0:   ef 48 83 c4 28 c3 4a 8d 54 c1 f8 4b 8d 4c c1 f8 


Register to memory mapping:

RAX=0x0000000000000000 is an unknown value
RBX=0x000000001bfdf000 is a thread
RCX=0x0000000006c2b1f0 is an unknown value
RDX=0x00000000209cc110 is an unknown value
RSP=0x000000001cccc5e0 is pointing into the stack for thread: 0x000000001bfdf000
RBP=0x0000000000000000 is an unknown value
RSI=0x0000000000097e00 is an unknown value
RDI=0x0000000000000000 is an unknown value
R8 =0x0000000000000020 is an unknown value
R9 =0x0000000020a63e10 is an unknown value
R10=0x000000000584e8f2 is at entry_point+114 in (nmethod*)0x000000000584e710
R11=0x000000000584e898 is at entry_point+24 in (nmethod*)0x000000000584e710
R12=0x00000000275f7300 is an unknown value
R13=0x000000001cccc6e0 is pointing into the stack for thread: 0x000000001bfdf000
R14=0x000000001cccc7a8 is pointing into the stack for thread: 0x000000001bfdf000
R15=0x000000001bfdf000 is a thread


Stack: [0x000000001cbd0000,0x000000001ccd0000],  sp=0x000000001cccc5e0,  free space=1009k
Native frames: (J=compiled Java code, j=interpreted, Vv=VM code, C=native code)

Java frames: (J=compiled Java code, j=interpreted, Vv=VM code)
J 1925  sun.misc.Unsafe.copyMemory(Ljava/lang/Object;JLjava/lang/Object;JJ)V (0 bytes) @ 0x000000000584e8f2 [0x000000000584e880+0x72]
j  sun.misc.Unsafe.copyMemory(JJJ)V+7
j  java.nio.DirectByteBuffer.put(Ljava/nio/ByteBuffer;)Ljava/nio/ByteBuffer;+157
j  org.bytedeco.javacv.Frame.cloneBufferArray([Ljava/nio/Buffer;)[Ljava/nio/Buffer;+67
j  org.bytedeco.javacv.Frame.clone()Lorg/bytedeco/javacv/Frame;+69
j  org.bytedeco.javacv.Java2DFrameUtils.toBufferedImage(Lorg/bytedeco/javacpp/opencv_core$Mat;)Ljava/awt/image/BufferedImage;+10
j  IEv4.Imagensish.<init>(Lorg/bytedeco/javacpp/opencv_core$Mat;I)V+29
j  IEv4.DB.TileImage()V+68
j  IEv4.DB.GenerateMosaic()Lorg/bytedeco/javacpp/opencv_core$Mat;+1
j  IEv4.IEv4UI.ShowPhotoMosaicActionPerformed(Ljava/awt/event/ActionEvent;)V+47
j  IEv4.IEv4UI.access$1800(LIEv4/IEv4UI;Ljava/awt/event/ActionEvent;)V+2
j  IEv4.IEv4UI$19.actionPerformed(Ljava/awt/event/ActionEvent;)V+5
j  javax.swing.AbstractButton.fireActionPerformed(Ljava/awt/event/ActionEvent;)V+83
j  javax.swing.AbstractButton$Handler.actionPerformed(Ljava/awt/event/ActionEvent;)V+5
j  javax.swing.DefaultButtonModel.fireActionPerformed(Ljava/awt/event/ActionEvent;)V+34
j  javax.swing.DefaultButtonModel.setPressed(Z)V+117
j  javax.swing.plaf.basic.BasicButtonListener.mouseReleased(Ljava/awt/event/MouseEvent;)V+35
j  java.awt.Component.processMouseEvent(Ljava/awt/event/MouseEvent;)V+64
j  javax.swing.JComponent.processMouseEvent(Ljava/awt/event/MouseEvent;)V+23
J 1125 C1 java.awt.Component.processEvent(Ljava/awt/AWTEvent;)V (220 bytes) @ 0x000000000556989c [0x0000000005569360+0x53c]
J 1124 C1 java.awt.Container.processEvent(Ljava/awt/AWTEvent;)V (22 bytes) @ 0x0000000005568eac [0x0000000005568b60+0x34c]
J 842 C1 java.awt.Component.dispatchEventImpl(Ljava/awt/AWTEvent;)V (883 bytes) @ 0x000000000548dae4 [0x0000000005488560+0x5584]
J 776 C1 java.awt.Container.dispatchEventImpl(Ljava/awt/AWTEvent;)V (129 bytes) @ 0x00000000054318e4 [0x00000000054317a0+0x144]
J 828 C1 java.awt.LightweightDispatcher.retargetMouseEvent(Ljava/awt/Component;ILjava/awt/event/MouseEvent;)V (350 bytes) @ 0x000000000545dd1c [0x000000000545b760+0x25bc]
J 1140 C1 java.awt.LightweightDispatcher.processMouseEvent(Ljava/awt/event/MouseEvent;)Z (286 bytes) @ 0x000000000557929c [0x0000000005577b40+0x175c]
J 867 C1 java.awt.LightweightDispatcher.dispatchEvent(Ljava/awt/AWTEvent;)Z (73 bytes) @ 0x00000000054a61f4 [0x00000000054a5dc0+0x434]
J 776 C1 java.awt.Container.dispatchEventImpl(Ljava/awt/AWTEvent;)V (129 bytes) @ 0x0000000005431884 [0x00000000054317a0+0xe4]
J 871 C1 java.awt.Window.dispatchEventImpl(Ljava/awt/AWTEvent;)V (23 bytes) @ 0x00000000054a7f6c [0x00000000054a7980+0x5ec]
J 818 C1 java.awt.EventQueue.dispatchEventImpl(Ljava/awt/AWTEvent;Ljava/lang/Object;)V (149 bytes) @ 0x00000000054567f4 [0x0000000005454f80+0x1874]
J 820 C1 java.awt.EventQueue$3.run()Ljava/lang/Void; (60 bytes) @ 0x0000000005457c5c [0x0000000005457a40+0x21c]
J 766 C1 java.awt.EventQueue$3.run()Ljava/lang/Object; (5 bytes) @ 0x0000000005425f54 [0x0000000005425ec0+0x94]
v  ~StubRoutines::call_stub
J 742  java.security.AccessController.doPrivileged(Ljava/security/PrivilegedAction;Ljava/security/AccessControlContext;)Ljava/lang/Object; (0 bytes) @ 0x000000000541cf26 [0x000000000541cec0+0x66]
J 864 C1 java.awt.EventQueue$4.run()Ljava/lang/Object; (5 bytes) @ 0x00000000054a39bc [0x00000000054a3580+0x43c]
v  ~StubRoutines::call_stub
J 742  java.security.AccessController.doPrivileged(Ljava/security/PrivilegedAction;Ljava/security/AccessControlContext;)Ljava/lang/Object; (0 bytes) @ 0x000000000541cf26 [0x000000000541cec0+0x66]
J 764 C1 java.awt.EventQueue.dispatchEvent(Ljava/awt/AWTEvent;)V (80 bytes) @ 0x000000000542ac64 [0x0000000005429dc0+0xea4]
J 821 C1 java.awt.EventDispatchThread.pumpOneEventForFilters(I)V (295 bytes) @ 0x00000000054508ac [0x000000000544eca0+0x1c0c]
j  java.awt.EventDispatchThread.pumpEventsForFilter(ILjava/awt/Conditional;Ljava/awt/EventFilter;)V+35
j  java.awt.EventDispatchThread.pumpEventsForHierarchy(ILjava/awt/Conditional;Ljava/awt/Component;)V+11
j  java.awt.EventDispatchThread.pumpEvents(ILjava/awt/Conditional;)V+4
j  java.awt.EventDispatchThread.pumpEvents(Ljava/awt/Conditional;)V+3
j  java.awt.EventDispatchThread.run()V+9
v  ~StubRoutines::call_stub

---------------  P R O C E S S  ---------------

Java Threads: ( => current thread )
  0x000000001c5a1000 JavaThread "JavaCPP Deallocator" daemon [_thread_blocked, id=13864, stack(0x0000000021700000,0x0000000021800000)]
  0x000000001c5e1800 JavaThread "Swing-Shell" daemon [_thread_blocked, id=104, stack(0x000000001f810000,0x000000001f910000)]
  0x000000001c110800 JavaThread "TimerQueue" daemon [_thread_blocked, id=12712, stack(0x000000001d3d0000,0x000000001d4d0000)]
  0x000000001bfec800 JavaThread "org.netbeans.modules.debugger.jpda.visual AWT Access Loop" daemon [_thread_blocked, id=3976, stack(0x000000001ccd0000,0x000000001cdd0000)]
  0x0000000005082800 JavaThread "DestroyJavaVM" [_thread_blocked, id=13144, stack(0x0000000004f80000,0x0000000005080000)]
=>0x000000001bfdf000 JavaThread "AWT-EventQueue-0" [_thread_in_vm, id=15124, stack(0x000000001cbd0000,0x000000001ccd0000)]
  0x000000001bfda800 JavaThread "AWT-Windows" daemon [_thread_in_native, id=10676, stack(0x000000001c960000,0x000000001ca60000)]
  0x000000001bfd9000 JavaThread "AWT-Shutdown" [_thread_blocked, id=1088, stack(0x000000001c860000,0x000000001c960000)]
  0x000000001bfd8000 JavaThread "Java2D Disposer" daemon [_thread_blocked, id=5720, stack(0x000000001c760000,0x000000001c860000)]
  0x000000001b87f800 JavaThread "Service Thread" daemon [_thread_blocked, id=7680, stack(0x000000001bc20000,0x000000001bd20000)]
  0x0000000019d00000 JavaThread "C1 CompilerThread2" daemon [_thread_blocked, id=8552, stack(0x000000001b720000,0x000000001b820000)]
  0x0000000019cfa800 JavaThread "C2 CompilerThread1" daemon [_thread_blocked, id=5388, stack(0x000000001b620000,0x000000001b720000)]
  0x0000000019cf6000 JavaThread "C2 CompilerThread0" daemon [_thread_blocked, id=14508, stack(0x000000001b520000,0x000000001b620000)]
  0x0000000019cea000 JavaThread "JDWP Command Reader" daemon [_thread_in_native, id=8364, stack(0x000000001b420000,0x000000001b520000)]
  0x0000000019ce7000 JavaThread "JDWP Event Helper Thread" daemon [_thread_blocked, id=10436, stack(0x000000001b320000,0x000000001b420000)]
  0x0000000019cd9800 JavaThread "JDWP Transport Listener: dt_shmem" daemon [_thread_blocked, id=9212, stack(0x000000001b220000,0x000000001b320000)]
  0x0000000019cce000 JavaThread "Attach Listener" daemon [_thread_blocked, id=8216, stack(0x000000001b120000,0x000000001b220000)]
  0x0000000019ccd000 JavaThread "Signal Dispatcher" daemon [_thread_blocked, id=8576, stack(0x000000001b020000,0x000000001b120000)]
  0x0000000019cc0000 JavaThread "Finalizer" daemon [_thread_blocked, id=11164, stack(0x000000001af20000,0x000000001b020000)]
  0x0000000005173000 JavaThread "Reference Handler" daemon [_thread_blocked, id=14236, stack(0x000000001ae20000,0x000000001af20000)]

Other Threads:
  0x0000000019c97000 VMThread [stack: 0x000000001ad20000,0x000000001ae20000] [id=4840]
  0x000000001b886800 WatcherThread [stack: 0x000000001bd20000,0x000000001be20000] [id=11828]

VM state:not at safepoint (normal execution)

VM Mutex/Monitor currently owned by a thread: None

Heap:
 PSYoungGen      total 38400K, used 31715K [0x00000000d5d80000, 0x00000000dab80000, 0x0000000100000000)
  eden space 33280K, 79% used [0x00000000d5d80000,0x00000000d777fbf0,0x00000000d7e00000)
  from space 5120K, 99% used [0x00000000d7e00000,0x00000000d82f9220,0x00000000d8300000)
  to   space 6656K, 0% used [0x00000000da500000,0x00000000da500000,0x00000000dab80000)
 ParOldGen       total 87552K, used 3163K [0x0000000081800000, 0x0000000086d80000, 0x00000000d5d80000)
  object space 87552K, 3% used [0x0000000081800000,0x0000000081b16e78,0x0000000086d80000)
 Metaspace       used 19124K, capacity 19314K, committed 19584K, reserved 1067008K
  class space    used 2335K, capacity 2419K, committed 2432K, reserved 1048576K

Card table byte_map: [0x0000000014540000,0x0000000014940000] byte_map_base: 0x0000000014134000

Marking Bits: (ParMarkBitMap*) 0x000000005ee5a6c0
 Begin Bits: [0x0000000014ff0000, 0x0000000016f90000)
 End Bits:   [0x0000000016f90000, 0x0000000018f30000)

Polling page: 0x0000000000dd0000

CodeCache: size=245760Kb used=7852Kb max_used=7906Kb free=237907Kb
 bounds [0x0000000005180000, 0x0000000005950000, 0x0000000014180000]
 total_blobs=2756 nmethods=2120 adapters=556
 compilation: enabled

Compilation events (10 events):
Event: 24.254 Thread 0x0000000019d00000 2185       3       org.bytedeco.javacpp.Pointer::access$100 (4 bytes)
Event: 24.254 Thread 0x0000000019d00000 nmethod 2185 0x000000000593b990 code [0x000000000593bae0, 0x000000000593bc10]
Event: 24.256 Thread 0x0000000019d00000 2186       1       java.lang.Float::intValue (6 bytes)
Event: 24.256 Thread 0x0000000019d00000 nmethod 2186 0x000000000593b690 code [0x000000000593b7e0, 0x000000000593b910]
Event: 24.264 Thread 0x0000000019d00000 2187       3       java.nio.Buffer::rewind (12 bytes)
Event: 24.264 Thread 0x0000000019d00000 nmethod 2187 0x00000000053a9010 code [0x00000000053a9160, 0x00000000053a92d0]
Event: 24.264 Thread 0x0000000019d00000 2188       1       java.awt.color.ColorSpace::getType (5 bytes)
Event: 24.264 Thread 0x0000000019d00000 nmethod 2188 0x000000000593b3d0 code [0x000000000593b520, 0x000000000593b630]
Event: 24.279 Thread 0x0000000019d00000 2189   !   3       org.bytedeco.javacpp.Pointer$DeallocatorReference::add (59 bytes)
Event: 24.279 Thread 0x0000000019d00000 nmethod 2189 0x00000000054332d0 code [0x0000000005433440, 0x0000000005433870]

GC Heap History (10 events):
Event: 14.788 GC heap before
{Heap before GC invocations=1 (full 0):
 PSYoungGen      total 38400K, used 33280K [0x00000000d5d80000, 0x00000000d8800000, 0x0000000100000000)
  eden space 33280K, 100% used [0x00000000d5d80000,0x00000000d7e00000,0x00000000d7e00000)
  from space 5120K, 0% used [0x00000000d8300000,0x00000000d8300000,0x00000000d8800000)
  to   space 5120K, 0% used [0x00000000d7e00000,0x00000000d7e00000,0x00000000d8300000)
 ParOldGen       total 87552K, used 0K [0x0000000081800000, 0x0000000086d80000, 0x00000000d5d80000)
  object space 87552K, 0% used [0x0000000081800000,0x0000000081800000,0x0000000086d80000)
 Metaspace       used 16239K, capacity 16498K, committed 16768K, reserved 1064960K
  class space    used 2061K, capacity 2163K, committed 2176K, reserved 1048576K
Event: 14.795 GC heap after
Heap after GC invocations=1 (full 0):
 PSYoungGen      total 38400K, used 5091K [0x00000000d5d80000, 0x00000000d8800000, 0x0000000100000000)
  eden space 33280K, 0% used [0x00000000d5d80000,0x00000000d5d80000,0x00000000d7e00000)
  from space 5120K, 99% used [0x00000000d7e00000,0x00000000d82f8f08,0x00000000d8300000)
  to   space 5120K, 0% used [0x00000000d8300000,0x00000000d8300000,0x00000000d8800000)
 ParOldGen       total 87552K, used 918K [0x0000000081800000, 0x0000000086d80000, 0x00000000d5d80000)
  object space 87552K, 1% used [0x0000000081800000,0x00000000818e5a68,0x0000000086d80000)
 Metaspace       used 16239K, capacity 16498K, committed 16768K, reserved 1064960K
  class space    used 2061K, capacity 2163K, committed 2176K, reserved 1048576K
}
Event: 16.421 GC heap before
{Heap before GC invocations=2 (full 0):
 PSYoungGen      total 38400K, used 38371K [0x00000000d5d80000, 0x00000000d8800000, 0x0000000100000000)
  eden space 33280K, 100% used [0x00000000d5d80000,0x00000000d7e00000,0x00000000d7e00000)
  from space 5120K, 99% used [0x00000000d7e00000,0x00000000d82f8f08,0x00000000d8300000)
  to   space 5120K, 0% used [0x00000000d8300000,0x00000000d8300000,0x00000000d8800000)
 ParOldGen       total 87552K, used 918K [0x0000000081800000, 0x0000000086d80000, 0x00000000d5d80000)
  object space 87552K, 1% used [0x0000000081800000,0x00000000818e5a68,0x0000000086d80000)
 Metaspace       used 18553K, capacity 18770K, committed 19072K, reserved 1067008K
  class space    used 2312K, capacity 2387K, committed 2432K, reserved 1048576K
Event: 16.427 GC heap after
Heap after GC invocations=2 (full 0):
 PSYoungGen      total 38400K, used 5091K [0x00000000d5d80000, 0x00000000d8800000, 0x0000000100000000)
  eden space 33280K, 0% used [0x00000000d5d80000,0x00000000d5d80000,0x00000000d7e00000)
  from space 5120K, 99% used [0x00000000d8300000,0x00000000d87f8ee8,0x00000000d8800000)
  to   space 5120K, 0% used [0x00000000d7e00000,0x00000000d7e00000,0x00000000d8300000)
 ParOldGen       total 87552K, used 1978K [0x0000000081800000, 0x0000000086d80000, 0x00000000d5d80000)
  object space 87552K, 2% used [0x0000000081800000,0x00000000819eea10,0x0000000086d80000)
 Metaspace       used 18553K, capacity 18770K, committed 19072K, reserved 1067008K
  class space    used 2312K, capacity 2387K, committed 2432K, reserved 1048576K
}
Event: 24.088 GC heap before
{Heap before GC invocations=3 (full 0):
 PSYoungGen      total 38400K, used 38371K [0x00000000d5d80000, 0x00000000d8800000, 0x0000000100000000)
  eden space 33280K, 100% used [0x00000000d5d80000,0x00000000d7e00000,0x00000000d7e00000)
  from space 5120K, 99% used [0x00000000d8300000,0x00000000d87f8ee8,0x00000000d8800000)
  to   space 5120K, 0% used [0x00000000d7e00000,0x00000000d7e00000,0x00000000d8300000)
 ParOldGen       total 87552K, used 1978K [0x0000000081800000, 0x0000000086d80000, 0x00000000d5d80000)
  object space 87552K, 2% used [0x0000000081800000,0x00000000819eea10,0x0000000086d80000)
 Metaspace       used 19106K, capacity 19314K, committed 19584K, reserved 1067008K
  class space    used 2335K, capacity 2419K, committed 2432K, reserved 1048576K
Event: 24.094 GC heap after
Heap after GC invocations=3 (full 0):
 PSYoungGen      total 38400K, used 5108K [0x00000000d5d80000, 0x00000000d8800000, 0x0000000100000000)
  eden space 33280K, 0% used [0x00000000d5d80000,0x00000000d5d80000,0x00000000d7e00000)
  from space 5120K, 99% used [0x00000000d7e00000,0x00000000d82fd210,0x00000000d8300000)
  to   space 5120K, 0% used [0x00000000d8300000,0x00000000d8300000,0x00000000d8800000)
 ParOldGen       total 87552K, used 3027K [0x0000000081800000, 0x0000000086d80000, 0x00000000d5d80000)
  object space 87552K, 3% used [0x0000000081800000,0x0000000081af4e78,0x0000000086d80000)
 Metaspace       used 19106K, capacity 19314K, committed 19584K, reserved 1067008K
  class space    used 2335K, capacity 2419K, committed 2432K, reserved 1048576K
}
Event: 24.163 GC heap before
{Heap before GC invocations=4 (full 0):
 PSYoungGen      total 38400K, used 38388K [0x00000000d5d80000, 0x00000000d8800000, 0x0000000100000000)
  eden space 33280K, 100% used [0x00000000d5d80000,0x00000000d7e00000,0x00000000d7e00000)
  from space 5120K, 99% used [0x00000000d7e00000,0x00000000d82fd210,0x00000000d8300000)
  to   space 5120K, 0% used [0x00000000d8300000,0x00000000d8300000,0x00000000d8800000)
 ParOldGen       total 87552K, used 3027K [0x0000000081800000, 0x0000000086d80000, 0x00000000d5d80000)
  object space 87552K, 3% used [0x0000000081800000,0x0000000081af4e78,0x0000000086d80000)
 Metaspace       used 19114K, capacity 19314K, committed 19584K, reserved 1067008K
  class space    used 2335K, capacity 2419K, committed 2432K, reserved 1048576K
Event: 24.168 GC heap after
Heap after GC invocations=4 (full 0):
 PSYoungGen      total 38400K, used 5108K [0x00000000d5d80000, 0x00000000da880000, 0x0000000100000000)
  eden space 33280K, 0% used [0x00000000d5d80000,0x00000000d5d80000,0x00000000d7e00000)
  from space 5120K, 99% used [0x00000000d8300000,0x00000000d87fd230,0x00000000d8800000)
  to   space 5120K, 0% used [0x00000000d7e00000,0x00000000d7e00000,0x00000000d8300000)
 ParOldGen       total 87552K, used 3067K [0x0000000081800000, 0x0000000086d80000, 0x00000000d5d80000)
  object space 87552K, 3% used [0x0000000081800000,0x0000000081afee78,0x0000000086d80000)
 Metaspace       used 19114K, capacity 19314K, committed 19584K, reserved 1067008K
  class space    used 2335K, capacity 2419K, committed 2432K, reserved 1048576K
}
Event: 24.244 GC heap before
{Heap before GC invocations=5 (full 0):
 PSYoungGen      total 38400K, used 38388K [0x00000000d5d80000, 0x00000000da880000, 0x0000000100000000)
  eden space 33280K, 100% used [0x00000000d5d80000,0x00000000d7e00000,0x00000000d7e00000)
  from space 5120K, 99% used [0x00000000d8300000,0x00000000d87fd230,0x00000000d8800000)
  to   space 5120K, 0% used [0x00000000d7e00000,0x00000000d7e00000,0x00000000d8300000)
 ParOldGen       total 87552K, used 3067K [0x0000000081800000, 0x0000000086d80000, 0x00000000d5d80000)
  object space 87552K, 3% used [0x0000000081800000,0x0000000081afee78,0x0000000086d80000)
 Metaspace       used 19123K, capacity 19314K, committed 19584K, reserved 1067008K
  class space    used 2335K, capacity 2419K, committed 2432K, reserved 1048576K
Event: 24.249 GC heap after
Heap after GC invocations=5 (full 0):
 PSYoungGen      total 38400K, used 5092K [0x00000000d5d80000, 0x00000000dab80000, 0x0000000100000000)
  eden space 33280K, 0% used [0x00000000d5d80000,0x00000000d5d80000,0x00000000d7e00000)
  from space 5120K, 99% used [0x00000000d7e00000,0x00000000d82f9220,0x00000000d8300000)
  to   space 6656K, 0% used [0x00000000da500000,0x00000000da500000,0x00000000dab80000)
 ParOldGen       total 87552K, used 3163K [0x0000000081800000, 0x0000000086d80000, 0x00000000d5d80000)
  object space 87552K, 3% used [0x0000000081800000,0x0000000081b16e78,0x0000000086d80000)
 Metaspace       used 19123K, capacity 19314K, committed 19584K, reserved 1067008K
  class space    used 2335K, capacity 2419K, committed 2432K, reserved 1048576K
}

Deoptimization events (10 events):
Event: 14.221 Thread 0x000000001bfdf000 Uncommon trap: reason=class_check action=maybe_recompile pc=0x00000000056933fc method=java.util.HashMap.putVal(ILjava/lang/Object;Ljava/lang/Object;ZZ)Ljava/lang/Object; @ 253
Event: 14.221 Thread 0x000000001bfdf000 Uncommon trap: reason=class_check action=maybe_recompile pc=0x0000000005693560 method=java.util.HashMap.putVal(ILjava/lang/Object;Ljava/lang/Object;ZZ)Ljava/lang/Object; @ 203
Event: 15.961 Thread 0x000000001bfdf000 Uncommon trap: reason=unstable_if action=reinterpret pc=0x000000000573a758 method=java.net.URI.match(CJJ)Z @ 19
Event: 16.756 Thread 0x000000001bfdf000 Uncommon trap: reason=unstable_if action=reinterpret pc=0x0000000005644d0c method=java.awt.Component.getInputContext()Ljava/awt/im/InputContext; @ 6
Event: 17.972 Thread 0x000000001bfdf000 Uncommon trap: reason=unstable_if action=reinterpret pc=0x00000000055cace4 method=java.awt.Container.findComponentAtImpl(IIZ)Ljava/awt/Component; @ 24
Event: 17.973 Thread 0x000000001bfdf000 Uncommon trap: reason=unstable_if action=reinterpret pc=0x00000000055ff580 method=java.awt.Container.findComponentAtImpl(IIZ)Ljava/awt/Component; @ 24
Event: 22.297 Thread 0x000000001bfdf000 Uncommon trap: reason=unstable_if action=reinterpret pc=0x00000000058a6c20 method=org.bytedeco.javacv.Java2DFrameConverter.flipCopyWithGamma(Ljava/nio/ByteBuffer;ILjava/nio/ByteBuffer;IZDZI)V @ 50
Event: 23.909 Thread 0x000000001bfdf000 Uncommon trap: reason=unstable_if action=reinterpret pc=0x0000000005856584 method=sun.misc.URLClassPath$FileLoader.getResource(Ljava/lang/String;Z)Lsun/misc/Resource; @ 139
Event: 24.041 Thread 0x000000001bfdf000 Uncommon trap: reason=unstable_if action=reinterpret pc=0x000000000592d5ac method=java.awt.image.ComponentColorModel.getRGB(Ljava/lang/Object;)I @ 4
Event: 24.050 Thread 0x000000001bfdf000 Uncommon trap: reason=unstable_if action=reinterpret pc=0x0000000005925450 method=java.awt.image.ComponentColorModel.getRGB(Ljava/lang/Object;)I @ 4

Internal exceptions (10 events):
Event: 0.389 Thread 0x0000000005082800 Exception <a 'java/security/PrivilegedActionException'> (0x00000000d606c0e8) thrown at [C:\re\workspace\8-2-build-windows-amd64-cygwin\jdk8u111\7883\hotspot\src\share\vm\prims\jvm.cpp, line 1386]
Event: 0.389 Thread 0x0000000005082800 Exception <a 'java/security/PrivilegedActionException'> (0x00000000d606c2f8) thrown at [C:\re\workspace\8-2-build-windows-amd64-cygwin\jdk8u111\7883\hotspot\src\share\vm\prims\jvm.cpp, line 1386]
Event: 0.486 Thread 0x0000000005082800 Exception <a 'java/lang/NoSuchFieldError': method resolution failed> (0x00000000d614ce50) thrown at [C:\re\workspace\8-2-build-windows-amd64-cygwin\jdk8u111\7883\hotspot\src\share\vm\prims\methodHandles.cpp, line 1146]
Event: 0.489 Thread 0x0000000005082800 Exception <a 'java/lang/NoSuchFieldError': method resolution failed> (0x00000000d615a250) thrown at [C:\re\workspace\8-2-build-windows-amd64-cygwin\jdk8u111\7883\hotspot\src\share\vm\prims\methodHandles.cpp, line 1146]
Event: 0.540 Thread 0x0000000005082800 Exception <a 'java/security/PrivilegedActionException'> (0x00000000d61e6298) thrown at [C:\re\workspace\8-2-build-windows-amd64-cygwin\jdk8u111\7883\hotspot\src\share\vm\prims\jvm.cpp, line 1386]
Event: 0.540 Thread 0x0000000005082800 Exception <a 'java/security/PrivilegedActionException'> (0x00000000d61e64a8) thrown at [C:\re\workspace\8-2-build-windows-amd64-cygwin\jdk8u111\7883\hotspot\src\share\vm\prims\jvm.cpp, line 1386]
Event: 0.541 Thread 0x0000000005082800 Exception <a 'java/security/PrivilegedActionException'> (0x00000000d61ea390) thrown at [C:\re\workspace\8-2-build-windows-amd64-cygwin\jdk8u111\7883\hotspot\src\share\vm\prims\jvm.cpp, line 1386]
Event: 0.541 Thread 0x0000000005082800 Exception <a 'java/security/PrivilegedActionException'> (0x00000000d61ea5a0) thrown at [C:\re\workspace\8-2-build-windows-amd64-cygwin\jdk8u111\7883\hotspot\src\share\vm\prims\jvm.cpp, line 1386]
Event: 0.547 Thread 0x0000000005082800 Exception <a 'java/io/FileNotFoundException'> (0x00000000d61ec9d8) thrown at [C:\re\workspace\8-2-build-windows-amd64-cygwin\jdk8u111\7883\hotspot\src\share\vm\prims\jni.cpp, line 709]
Event: 0.726 Thread 0x000000001bfdf000 Exception <a 'java/io/FileNotFoundException'> (0x00000000d63439a8) thrown at [C:\re\workspace\8-2-build-windows-amd64-cygwin\jdk8u111\7883\hotspot\src\share\vm\prims\jni.cpp, line 709]

Events (10 events):
Event: 24.116 Thread 0x0000000019d00000 flushing nmethod 0x000000000540d690
Event: 24.116 Thread 0x0000000019d00000 flushing nmethod 0x0000000005423a90
Event: 24.116 Thread 0x0000000019d00000 flushing nmethod 0x0000000005432fd0
Event: 24.116 Thread 0x0000000019d00000 flushing nmethod 0x0000000005463710
Event: 24.116 Thread 0x0000000019d00000 flushing nmethod 0x00000000054b4710
Event: 24.116 Thread 0x0000000019d00000 flushing nmethod 0x00000000054b9110
Event: 24.163 Executing VM operation: ParallelGCFailedAllocation
Event: 24.168 Executing VM operation: ParallelGCFailedAllocation done
Event: 24.244 Executing VM operation: ParallelGCFailedAllocation
Event: 24.249 Executing VM operation: ParallelGCFailedAllocation done


Dynamic libraries:
0x00007ff6bdd40000 - 0x00007ff6bdd77000 	C:\Program Files\Java\jdk1.8.0_111\bin\java.exe
0x00007ffdc6080000 - 0x00007ffdc6260000 	C:\Windows\SYSTEM32\ntdll.dll
0x00007ffdc3700000 - 0x00007ffdc37ae000 	C:\Windows\System32\KERNEL32.DLL
0x00007ffdc2860000 - 0x00007ffdc2ac6000 	C:\Windows\System32\KERNELBASE.dll
0x00007ffdc35b0000 - 0x00007ffdc3651000 	C:\Windows\System32\ADVAPI32.dll
0x00007ffdc5880000 - 0x00007ffdc591d000 	C:\Windows\System32\msvcrt.dll
0x00007ffdc56d0000 - 0x00007ffdc572b000 	C:\Windows\System32\sechost.dll
0x00007ffdc5f30000 - 0x00007ffdc604f000 	C:\Windows\System32\RPCRT4.dll
0x00007ffdc5da0000 - 0x00007ffdc5f2f000 	C:\Windows\System32\USER32.dll
0x00007ffdc2bf0000 - 0x00007ffdc2c10000 	C:\Windows\System32\win32u.dll
0x00007ffdc4ed0000 - 0x00007ffdc4ef8000 	C:\Windows\System32\GDI32.dll
0x00007ffdc33b0000 - 0x00007ffdc3544000 	C:\Windows\System32\gdi32full.dll
0x00007ffdc2ad0000 - 0x00007ffdc2b6b000 	C:\Windows\System32\msvcp_win.dll
0x00007ffdc2760000 - 0x00007ffdc2856000 	C:\Windows\System32\ucrtbase.dll
0x00007ffdb2be0000 - 0x00007ffdb2e49000 	C:\Windows\WinSxS\amd64_microsoft.windows.common-controls_6595b64144ccf1df_6.0.16299.64_none_cc9304e22215ca8f\COMCTL32.dll
0x00007ffdc5350000 - 0x00007ffdc5658000 	C:\Windows\System32\combase.dll
0x00007ffdc2b70000 - 0x00007ffdc2be2000 	C:\Windows\System32\bcryptPrimitives.dll
0x00007ffdc3810000 - 0x00007ffdc383d000 	C:\Windows\System32\IMM32.DLL
0x000000005f740000 - 0x000000005f812000 	C:\Program Files\Java\jdk1.8.0_111\jre\bin\msvcr100.dll
0x000000005e640000 - 0x000000005eeda000 	C:\Program Files\Java\jdk1.8.0_111\jre\bin\server\jvm.dll
0x00007ffdc59a0000 - 0x00007ffdc59a8000 	C:\Windows\System32\PSAPI.DLL
0x00007ffdbf560000 - 0x00007ffdbf583000 	C:\Windows\SYSTEM32\WINMM.dll
0x00007ffdbf550000 - 0x00007ffdbf559000 	C:\Windows\SYSTEM32\WSOCK32.dll
0x00007ffdb4690000 - 0x00007ffdb469a000 	C:\Windows\SYSTEM32\VERSION.dll
0x00007ffdc5660000 - 0x00007ffdc56cc000 	C:\Windows\System32\WS2_32.dll
0x00007ffdbee90000 - 0x00007ffdbeeba000 	C:\Windows\SYSTEM32\WINMMBASE.dll
0x00007ffdc3360000 - 0x00007ffdc33aa000 	C:\Windows\System32\cfgmgr32.dll
0x000000005f110000 - 0x000000005f11f000 	C:\Program Files\Java\jdk1.8.0_111\jre\bin\verify.dll
0x000000005f0e0000 - 0x000000005f109000 	C:\Program Files\Java\jdk1.8.0_111\jre\bin\java.dll
0x000000005d610000 - 0x000000005d645000 	C:\Program Files\Java\jdk1.8.0_111\jre\bin\jdwp.dll
0x000000005d600000 - 0x000000005d608000 	C:\Program Files\Java\jdk1.8.0_111\jre\bin\npt.dll
0x000000005f0c0000 - 0x000000005f0d6000 	C:\Program Files\Java\jdk1.8.0_111\jre\bin\zip.dll
0x00007ffdc38c0000 - 0x00007ffdc4cf7000 	C:\Windows\System32\SHELL32.dll
0x00007ffdc4d10000 - 0x00007ffdc4db6000 	C:\Windows\System32\shcore.dll
0x00007ffdc2c10000 - 0x00007ffdc3357000 	C:\Windows\System32\windows.storage.dll
0x00007ffdc3840000 - 0x00007ffdc3891000 	C:\Windows\System32\shlwapi.dll
0x00007ffdc23d0000 - 0x00007ffdc23e1000 	C:\Windows\System32\kernel.appcore.dll
0x00007ffdc2430000 - 0x00007ffdc247c000 	C:\Windows\System32\powrprof.dll
0x00007ffdc23f0000 - 0x00007ffdc240b000 	C:\Windows\System32\profapi.dll
0x000000005d650000 - 0x000000005d65b000 	C:\Program Files\Java\jdk1.8.0_111\jre\bin\dt_shmem.dll
0x000000005e460000 - 0x000000005e5f8000 	C:\Program Files\Java\jdk1.8.0_111\jre\bin\awt.dll
0x00007ffdc59b0000 - 0x00007ffdc5a75000 	C:\Windows\System32\OLEAUT32.dll
0x00007ffdc0890000 - 0x00007ffdc0917000 	C:\Windows\SYSTEM32\apphelp.dll
0x00007ffdc0a10000 - 0x00007ffdc0aa5000 	C:\Windows\system32\uxtheme.dll
0x00007ffdc5c30000 - 0x00007ffdc5d97000 	C:\Windows\System32\MSCTF.dll
0x00007ffdc0c80000 - 0x00007ffdc0caa000 	C:\Windows\system32\dwmapi.dll
0x00007ffdc5730000 - 0x00007ffdc5879000 	C:\Windows\System32\ole32.dll
0x000000005e410000 - 0x000000005e457000 	C:\Program Files\Java\jdk1.8.0_111\jre\bin\fontmanager.dll
0x000000005e620000 - 0x000000005e63a000 	C:\Program Files\Java\jdk1.8.0_111\jre\bin\net.dll
0x00007ffdc1c60000 - 0x00007ffdc1cc6000 	C:\Windows\system32\mswsock.dll
0x000000005e600000 - 0x000000005e611000 	C:\Program Files\Java\jdk1.8.0_111\jre\bin\nio.dll
0x000000005e3c0000 - 0x000000005e402000 	C:\Program Files\Java\jdk1.8.0_111\jre\bin\t2k.dll
0x00007ffdc3660000 - 0x00007ffdc36fe000 	C:\Windows\System32\clbcatq.dll
0x00007ffdb0860000 - 0x00007ffdb0a0b000 	C:\Windows\SYSTEM32\WindowsCodecs.dll
0x00007ffdad200000 - 0x00007ffdad24f000 	C:\Windows\system32\dataexchange.dll
0x00007ffdc0360000 - 0x00007ffdc04a2000 	C:\Windows\system32\dcomp.dll
0x00007ffdbf9d0000 - 0x00007ffdbfcb2000 	C:\Windows\system32\d3d11.dll
0x00007ffdc1240000 - 0x00007ffdc12ef000 	C:\Windows\system32\dxgi.dll
0x00007ffdc0d70000 - 0x00007ffdc0eeb000 	C:\Windows\system32\twinapi.appcore.dll
0x00007ffdc1f30000 - 0x00007ffdc1f55000 	C:\Windows\system32\bcrypt.dll
0x00007ffdc0ef0000 - 0x00007ffdc0f10000 	C:\Windows\system32\RMCLIENT.dll
0x00007ffdbbbc0000 - 0x00007ffdbbc58000 	C:\Windows\System32\TextInputFramework.dll
0x00007ffdc0280000 - 0x00007ffdc035d000 	C:\Windows\System32\CoreMessaging.dll
0x00007ffdb80f0000 - 0x00007ffdb83de000 	C:\Windows\System32\CoreUIComponents.dll
0x00007ffdbeb70000 - 0x00007ffdbeca6000 	C:\Windows\SYSTEM32\wintypes.dll
0x00007ffdc1510000 - 0x00007ffdc1541000 	C:\Windows\SYSTEM32\ntmarta.dll
0x00007ffdb14b0000 - 0x00007ffdb1556000 	C:\Windows\WinSxS\amd64_microsoft.windows.common-controls_6595b64144ccf1df_5.82.16299.64_none_e47b13aa03396f3a\comctl32.dll
0x00007ffdbe3c0000 - 0x00007ffdbe571000 	C:\Windows\SYSTEM32\PROPSYS.dll
0x00007ffdb65c0000 - 0x00007ffdb6bb4000 	C:\Windows\System32\OneCoreUAPCommonProxyStub.dll
0x00007ffda4d50000 - 0x00007ffda4e77000 	C:\Windows\system32\NetworkExplorer.dll
0x00007ffdb63a0000 - 0x00007ffdb63bb000 	C:\Windows\SYSTEM32\MPR.dll
0x00007ffdbee70000 - 0x00007ffdbee7b000 	C:\Windows\System32\drprov.dll
0x00007ffdc18b0000 - 0x00007ffdc1905000 	C:\Windows\System32\WINSTA.dll
0x00007ffdbd6f0000 - 0x00007ffdbd706000 	C:\Windows\System32\ntlanman.dll
0x00007ffdbd6a0000 - 0x00007ffdbd6bc000 	C:\Windows\System32\davclnt.dll
0x00007ffdbf520000 - 0x00007ffdbf52c000 	C:\Windows\System32\DAVHLPR.dll
0x00007ffdbeef0000 - 0x00007ffdbef07000 	C:\Windows\System32\wkscli.dll
0x00007ffdadc70000 - 0x00007ffdadc82000 	C:\Windows\SYSTEM32\cscapi.dll
0x00007ffdadff0000 - 0x00007ffdae03a000 	C:\Windows\System32\dlnashext.dll
0x00007ffdb1440000 - 0x00007ffdb14a3000 	C:\Windows\System32\PlayToDevice.dll
0x00007ffdb23c0000 - 0x00007ffdb23df000 	C:\Windows\System32\DevDispItemProvider.dll
0x00007ffdbe580000 - 0x00007ffdbe5ef000 	C:\Windows\System32\MMDevApi.dll
0x00007ffdc21e0000 - 0x00007ffdc2207000 	C:\Windows\System32\DEVOBJ.dll
0x00007ffda1080000 - 0x00007ffda125f000 	C:\Windows\system32\wpdshext.dll
0x00007ffda9a30000 - 0x00007ffda9bcc000 	C:\Windows\WinSxS\amd64_microsoft.windows.gdiplus_6595b64144ccf1df_1.1.16299.64_none_4c5a740035ade6b7\gdiplus.dll
0x00007ffda6a20000 - 0x00007ffda6ac0000 	C:\Windows\System32\PortableDeviceApi.dll
0x00007ffdc4f00000 - 0x00007ffdc534e000 	C:\Windows\System32\SETUPAPI.dll
0x00007ffdc2700000 - 0x00007ffdc2758000 	C:\Windows\System32\WINTRUST.dll
0x00007ffdc2410000 - 0x00007ffdc2422000 	C:\Windows\System32\MSASN1.dll
0x00007ffdc2480000 - 0x00007ffdc264e000 	C:\Windows\System32\CRYPT32.dll
0x00007ffda6b10000 - 0x00007ffda6b42000 	C:\Windows\System32\PortableDeviceTypes.dll
0x00007ffda9be0000 - 0x00007ffda9c16000 	C:\Windows\System32\EhStorShell.dll
0x00007ffdbb5a0000 - 0x00007ffdbb5c5000 	C:\Windows\System32\EhStorAPI.dll
0x00007ffdbede0000 - 0x00007ffdbedf3000 	C:\Windows\System32\WTSAPI32.dll
0x00007ffdb48c0000 - 0x00007ffdb48d0000 	C:\Windows\SYSTEM32\LINKINFO.dll
0x00007ffda35d0000 - 0x00007ffda3697000 	C:\Users\FliaMejias\.javacpp\cache\ffmpeg-windows-x86_64.jar\org\bytedeco\javacpp\windows-x86_64\avutil-55.dll
0x000000006fe00000 - 0x000000006fed2000 	C:\Users\FliaMejias\.javacpp\cache\ffmpeg-windows-x86_64.jar\org\bytedeco\javacpp\windows-x86_64\jniavutil.dll
0x00007ffdb17e0000 - 0x00007ffdb1808000 	C:\Users\FliaMejias\.javacpp\cache\ffmpeg-windows-x86_64.jar\org\bytedeco\javacpp\windows-x86_64\swresample-2.dll
0x0000000070080000 - 0x00000000700ae000 	C:\Users\FliaMejias\.javacpp\cache\ffmpeg-windows-x86_64.jar\org\bytedeco\javacpp\windows-x86_64\jniswresample.dll
0x00007ffd95f10000 - 0x00007ffd97eb9000 	C:\Users\FliaMejias\.javacpp\cache\ffmpeg-windows-x86_64.jar\org\bytedeco\javacpp\windows-x86_64\avcodec-57.dll
0x000000006a1c0000 - 0x000000006a44d000 	C:\Users\FliaMejias\.javacpp\cache\ffmpeg-windows-x86_64.jar\org\bytedeco\javacpp\windows-x86_64\jniavcodec.dll
0x00007ffd9c2b0000 - 0x00007ffd9c6fd000 	C:\Users\FliaMejias\.javacpp\cache\ffmpeg-windows-x86_64.jar\org\bytedeco\javacpp\windows-x86_64\avformat-57.dll
0x00007ffdbab50000 - 0x00007ffdbab5c000 	C:\Windows\SYSTEM32\Secur32.dll
0x00007ffdc2300000 - 0x00007ffdc2330000 	C:\Windows\SYSTEM32\SSPICLI.DLL
0x000000006abc0000 - 0x000000006ad0a000 	C:\Users\FliaMejias\.javacpp\cache\ffmpeg-windows-x86_64.jar\org\bytedeco\javacpp\windows-x86_64\jniavformat.dll
0x00007ffdb13a0000 - 0x00007ffdb1434000 	C:\Users\FliaMejias\.javacpp\cache\ffmpeg-windows-x86_64.jar\org\bytedeco\javacpp\windows-x86_64\swscale-4.dll
0x0000000067cc0000 - 0x0000000067cf6000 	C:\Users\FliaMejias\.javacpp\cache\ffmpeg-windows-x86_64.jar\org\bytedeco\javacpp\windows-x86_64\jniswscale.dll
0x00007ffdb15f0000 - 0x00007ffdb161a000 	C:\Users\FliaMejias\.javacpp\cache\ffmpeg-windows-x86_64.jar\org\bytedeco\javacpp\windows-x86_64\postproc-54.dll
0x000000006a0c0000 - 0x000000006a0ec000 	C:\Users\FliaMejias\.javacpp\cache\ffmpeg-windows-x86_64.jar\org\bytedeco\javacpp\windows-x86_64\jnipostproc.dll
0x00007ffda3170000 - 0x00007ffda34c9000 	C:\Users\FliaMejias\.javacpp\cache\ffmpeg-windows-x86_64.jar\org\bytedeco\javacpp\windows-x86_64\avfilter-6.dll
0x0000000064400000 - 0x0000000064478000 	C:\Users\FliaMejias\.javacpp\cache\ffmpeg-windows-x86_64.jar\org\bytedeco\javacpp\windows-x86_64\jniavfilter.dll
0x00007ffdb15c0000 - 0x00007ffdb15ed000 	C:\Users\FliaMejias\.javacpp\cache\ffmpeg-windows-x86_64.jar\org\bytedeco\javacpp\windows-x86_64\avdevice-57.dll
0x00007ffdb2ba0000 - 0x00007ffdb2bb8000 	C:\Windows\SYSTEM32\AVICAP32.dll
0x00007ffdb1320000 - 0x00007ffdb1349000 	C:\Windows\SYSTEM32\MSVFW32.dll
0x000000001f9a0000 - 0x000000001f9d9000 	C:\Users\FliaMejias\.javacpp\cache\ffmpeg-windows-x86_64.jar\org\bytedeco\javacpp\windows-x86_64\jniavdevice.dll
0x00007ffdb1230000 - 0x00007ffdb1281000 	C:\Users\FliaMejias\.javacpp\cache\opencv-windows-x86_64.jar\org\bytedeco\javacpp\windows-x86_64\concrt140.dll
0x00007ffdb1300000 - 0x00007ffdb1316000 	C:\Windows\SYSTEM32\VCRUNTIME140.dll
0x00007ffda2f20000 - 0x00007ffda2fc6000 	C:\Windows\SYSTEM32\MSVCP140.dll
0x00007ffda72a0000 - 0x00007ffda733d000 	C:\Users\FliaMejias\.javacpp\cache\opencv-windows-x86_64.jar\org\bytedeco\javacpp\windows-x86_64\msvcp140.dll
0x00007ffdb12e0000 - 0x00007ffdb12f7000 	C:\Users\FliaMejias\.javacpp\cache\opencv-windows-x86_64.jar\org\bytedeco\javacpp\windows-x86_64\vcruntime140.dll
0x000000001f9e0000 - 0x000000001f9e3000 	C:\Users\FliaMejias\.javacpp\cache\opencv-windows-x86_64.jar\org\bytedeco\javacpp\windows-x86_64\api-ms-win-crt-locale-l1-1-0.dll
0x000000001f9f0000 - 0x000000001f9f4000 	C:\Users\FliaMejias\.javacpp\cache\opencv-windows-x86_64.jar\org\bytedeco\javacpp\windows-x86_64\api-ms-win-crt-string-l1-1-0.dll
0x000000001fa00000 - 0x000000001fa04000 	C:\Users\FliaMejias\.javacpp\cache\opencv-windows-x86_64.jar\org\bytedeco\javacpp\windows-x86_64\api-ms-win-crt-stdio-l1-1-0.dll
0x000000001fa10000 - 0x000000001fa15000 	C:\Users\FliaMejias\.javacpp\cache\opencv-windows-x86_64.jar\org\bytedeco\javacpp\windows-x86_64\api-ms-win-crt-math-l1-1-0.dll
0x000000001fa20000 - 0x000000001fa23000 	C:\Users\FliaMejias\.javacpp\cache\opencv-windows-x86_64.jar\org\bytedeco\javacpp\windows-x86_64\api-ms-win-crt-heap-l1-1-0.dll
0x000000001fa30000 - 0x000000001fa34000 	C:\Users\FliaMejias\.javacpp\cache\opencv-windows-x86_64.jar\org\bytedeco\javacpp\windows-x86_64\api-ms-win-crt-runtime-l1-1-0.dll
0x000000001fa40000 - 0x000000001fa44000 	C:\Users\FliaMejias\.javacpp\cache\opencv-windows-x86_64.jar\org\bytedeco\javacpp\windows-x86_64\api-ms-win-crt-convert-l1-1-0.dll
0x000000001fa50000 - 0x000000001fa53000 	C:\Users\FliaMejias\.javacpp\cache\opencv-windows-x86_64.jar\org\bytedeco\javacpp\windows-x86_64\api-ms-win-crt-environment-l1-1-0.dll

VM Arguments:
jvm_args: -Xdebug -Xrunjdwp:transport=dt_shmem,address=javadebug -Dfile.encoding=UTF-8 
java_command: IEv4.IEv4
java_class_path (initial): C:\Users\FliaMejias\Desktop\javaCV\artoolkitplus-platform.jar;C:\Users\FliaMejias\Desktop\javaCV\artoolkitplus-windows-x86.jar;C:\Users\FliaMejias\Desktop\javaCV\artoolkitplus-windows-x86_64.jar;C:\Users\FliaMejias\Desktop\javaCV\artoolkitplus.jar;C:\Users\FliaMejias\Desktop\javaCV\ffmpeg-platform.jar;C:\Users\FliaMejias\Desktop\javaCV\ffmpeg-windows-x86.jar;C:\Users\FliaMejias\Desktop\javaCV\ffmpeg-windows-x86_64.jar;C:\Users\FliaMejias\Desktop\javaCV\ffmpeg.jar;C:\Users\FliaMejias\Desktop\javaCV\flandmark-platform.jar;C:\Users\FliaMejias\Desktop\javaCV\flandmark-windows-x86.jar;C:\Users\FliaMejias\Desktop\javaCV\flandmark-windows-x86_64.jar;C:\Users\FliaMejias\Desktop\javaCV\flandmark.jar;C:\Users\FliaMejias\Desktop\javaCV\flycapture-platform.jar;C:\Users\FliaMejias\Desktop\javaCV\flycapture-windows-x86.jar;C:\Users\FliaMejias\Desktop\javaCV\flycapture-windows-x86_64.jar;C:\Users\FliaMejias\Desktop\javaCV\flycapture.jar;C:\Users\FliaMejias\Desktop\javaCV\javacpp.jar;C:\Users\FliaMejias\Desktop\javaCV\javacv-platform.jar;C:\Users\FliaMejias\Desktop\javaCV\javacv.jar;C:\Users\FliaMejias\Desktop\javaCV\libdc1394-platform.jar;C:\Users\FliaMejias\Desktop\javaCV\libdc1394-windows-x86.jar;C:\Users\FliaMejias\Desktop\javaCV\libdc1394-windows-x86_64.jar;C:\Users\FliaMejias\Desktop\javaCV\libdc1394.jar;C:\Users\FliaMejias\Desktop\javaCV\libfreenect-platform.jar;C:\Users\FliaMejias\Desktop\javaCV\libfreenect-windows-x86.jar;C:\Users\FliaMejias\Desktop\javaCV\libfreenect-windows-x86_64.jar;C:\Users\FliaMejias\Desktop\javaCV\libfreenect.jar;C:\Users\FliaMejias\Desktop\javaCV\libfreenect2-platform.jar;C:\Users\FliaMejias\Desktop\javaCV\libfreenect2-windows-x86_64.jar;C:\Users\FliaMejias\Desktop\javaCV\libfreenect2.jar;C:\Users\FliaMejias\Desktop\javaCV\librealsense-platform.jar;C:\Users\FliaMejias\Desktop\javaCV\librealsense-windows-x86.jar;C:\Users\FliaMejias\Desktop\javaCV\librealsense-windows-x86_64.jar;C:\Users\FliaMejias\Desktop\javaCV\libreals
Launcher Type: SUN_STANDARD

Environment Variables:
PATH=C:\Program Files (x86)\Common Files\Oracle\Java\javapath;C:\ProgramData\Oracle\Java\javapath;C:\Windows\system32;C:\Windows;C:\Windows\System32\Wbem;C:\Windows\System32\WindowsPowerShell\v1.0\;C:\Program Files\Git\cmd;C:\Program Files\nodejs\;C:\xampp\php;C:\ProgramData\ComposerSetup\bin;C:\Program Files\SourceGear\Common\DiffMerge\;C:\Program Files (x86)\GtkSharp\2.12\bin;C:\Users\FliaMejias\AppData\Local\Microsoft\WindowsApps;C:\Program Files\Microsoft VS Code\bin;C:\Users\FliaMejias\AppData\Roaming\npm;C:\cygwin64\bin;C:\Users\FliaMejias\AppData\Roaming\Composer\vendor\bin
USERNAME=FliaMejias
OS=Windows_NT
PROCESSOR_IDENTIFIER=Intel64 Family 6 Model 58 Stepping 9, GenuineIntel



---------------  S Y S T E M  ---------------

OS: Windows 10.0 , 64 bit Build 16299 (10.0.16299.15)

CPU:total 4 (2 cores per cpu, 2 threads per core) family 6 model 58 stepping 9, cmov, cx8, fxsr, mmx, sse, sse2, sse3, ssse3, sse4.1, sse4.2, popcnt, avx, clmul, erms, ht, tsc, tscinvbit, tscinv

Memory: 4k page, physical 8282888k(2339208k free), swap 15436100k(5314552k free)

vm_info: Java HotSpot(TM) 64-Bit Server VM (25.111-b14) for windows-amd64 JRE (1.8.0_111-b14), built on Sep 22 2016 19:24:05 by "java_re" with MS VC++ 10.0 (VS2010)

time: Sun Jun 24 00:29:23 2018
elapsed time: 24 seconds (0d 0h 0m 24s)

