#
# A fatal error has been detected by the Java Runtime Environment:
#
#  EXCEPTION_ACCESS_VIOLATION (0xc0000005) at pc=0x000000005e8b5190, pid=624, tid=0x0000000000002a74
#
# JRE version: Java(TM) SE Runtime Environment (8.0_111-b14) (build 1.8.0_111-b14)
# Java VM: Java HotSpot(TM) 64-Bit Server VM (25.111-b14 mixed mode windows-amd64 compressed oops)
# Problematic frame:
# V  [jvm.dll+0x275190]
#
# Failed to write core dump. Minidumps are not enabled by default on client versions of Windows
#
# If you would like to submit a bug report, please visit:
#   http://bugreport.java.com/bugreport/crash.jsp
#

---------------  T H R E A D  ---------------

Current thread (0x000000001bf0e000):  JavaThread "AWT-EventQueue-0" [_thread_in_vm, id=10868, stack(0x000000001ca40000,0x000000001cb40000)]

siginfo: ExceptionCode=0xc0000005, reading address 0x0000000029b4c000

Registers:
RAX=0x0000000000000000, RBX=0x000000001bf0e000, RCX=0x0000000009f24b90, RDX=0x000000001fb8f770
RSP=0x000000001cb3c680, RBP=0x0000000000000000, RSI=0x0000000000097e00, RDI=0x0000000000000000
R8 =0x0000000000000020, R9 =0x000000001fc27470, R10=0x00000000055e5bb2, R11=0x00000000055e5b58
R12=0x0000000029ab4300, R13=0x000000001cb3c780, R14=0x000000001cb3c848, R15=0x000000001bf0e000
RIP=0x000000005e8b5190, EFLAGS=0x0000000000010202

Top of Stack: (sp=0x000000001cb3c680)
0x000000001cb3c680:   00000000191a0198 000000001cb3c718
0x000000001cb3c690:   0000000000000018 000000005e85efc1
0x000000001cb3c6a0:   00000000d78e6ee8 000000005e823b57
0x000000001cb3c6b0:   000000001cb3c710 0000000004f483fd
0x000000001cb3c6c0:   0000000004f483fd 00000000d78e6ee8
0x000000001cb3c6d0:   000000001cb3c6d0 000000001d0e7f09
0x000000001cb3c6e0:   0000000000000000 00000000055e5c30
0x000000001cb3c6f0:   0000000000000000 00000000191a02c8
0x000000001cb3c700:   000000001cb3c760 000000001fb8f770
0x000000001cb3c710:   0000000000000000 000000001fb8f770
0x000000001cb3c720:   0000000000097e00 00000000d7e00d20
0x000000001cb3c730:   0000000000000000 0000000019149d01
0x000000001cb3c740:   0000000000000000 0000000019202670
0x000000001cb3c750:   0000000000000000 0000000019149d10
0x000000001cb3c760:   000000001cb3c808 0000000004f483fd
0x000000001cb3c770:   000000001cb3c7c8 0000000004f483fd 

Instructions: (pc=0x000000005e8b5190)
0x000000005e8b5170:   a8 07 75 65 49 c1 e8 03 48 3b ca 76 29 4d 85 c0
0x000000005e8b5180:   0f 84 cd 00 00 00 48 2b ca 0f 1f 80 00 00 00 00
0x000000005e8b5190:   4a 8b 04 09 49 83 c1 08 49 ff c8 49 89 41 f8 75
0x000000005e8b51a0:   ef 48 83 c4 28 c3 4a 8d 54 c1 f8 4b 8d 4c c1 f8 


Register to memory mapping:

RAX=0x0000000000000000 is an unknown value
RBX=0x000000001bf0e000 is a thread
RCX=0x0000000009f24b90 is an unknown value
RDX=0x000000001fb8f770 is an unknown value
RSP=0x000000001cb3c680 is pointing into the stack for thread: 0x000000001bf0e000
RBP=0x0000000000000000 is an unknown value
RSI=0x0000000000097e00 is an unknown value
RDI=0x0000000000000000 is an unknown value
R8 =0x0000000000000020 is an unknown value
R9 =0x000000001fc27470 is an unknown value
R10=0x00000000055e5bb2 is at entry_point+114 in (nmethod*)0x00000000055e59d0
R11=0x00000000055e5b58 is at entry_point+24 in (nmethod*)0x00000000055e59d0
R12=0x0000000029ab4300 is an unknown value
R13=0x000000001cb3c780 is pointing into the stack for thread: 0x000000001bf0e000
R14=0x000000001cb3c848 is pointing into the stack for thread: 0x000000001bf0e000
R15=0x000000001bf0e000 is a thread


Stack: [0x000000001ca40000,0x000000001cb40000],  sp=0x000000001cb3c680,  free space=1009k
Native frames: (J=compiled Java code, j=interpreted, Vv=VM code, C=native code)

Java frames: (J=compiled Java code, j=interpreted, Vv=VM code)
J 1913  sun.misc.Unsafe.copyMemory(Ljava/lang/Object;JLjava/lang/Object;JJ)V (0 bytes) @ 0x00000000055e5bb2 [0x00000000055e5b40+0x72]
j  sun.misc.Unsafe.copyMemory(JJJ)V+7
j  java.nio.DirectByteBuffer.put(Ljava/nio/ByteBuffer;)Ljava/nio/ByteBuffer;+157
j  org.bytedeco.javacv.Frame.cloneBufferArray([Ljava/nio/Buffer;)[Ljava/nio/Buffer;+67
j  org.bytedeco.javacv.Frame.clone()Lorg/bytedeco/javacv/Frame;+69
j  org.bytedeco.javacv.Java2DFrameUtils.toBufferedImage(Lorg/bytedeco/javacpp/opencv_core$Mat;)Ljava/awt/image/BufferedImage;+10
j  IEv4.Imagensish.<init>(Lorg/bytedeco/javacpp/opencv_core$Mat;I)V+29
j  IEv4.DB.TileImage()V+68
j  IEv4.DB.GenerateMosaic()Lorg/bytedeco/javacpp/opencv_core$Mat;+1
j  IEv4.IEv4UI.ShowPhotoMosaicActionPerformed(Ljava/awt/event/ActionEvent;)V+47
j  IEv4.IEv4UI.access$1800(LIEv4/IEv4UI;Ljava/awt/event/ActionEvent;)V+2
j  IEv4.IEv4UI$19.actionPerformed(Ljava/awt/event/ActionEvent;)V+5
j  javax.swing.AbstractButton.fireActionPerformed(Ljava/awt/event/ActionEvent;)V+83
j  javax.swing.AbstractButton$Handler.actionPerformed(Ljava/awt/event/ActionEvent;)V+5
j  javax.swing.DefaultButtonModel.fireActionPerformed(Ljava/awt/event/ActionEvent;)V+34
j  javax.swing.DefaultButtonModel.setPressed(Z)V+117
j  javax.swing.plaf.basic.BasicButtonListener.mouseReleased(Ljava/awt/event/MouseEvent;)V+35
j  java.awt.Component.processMouseEvent(Ljava/awt/event/MouseEvent;)V+64
j  javax.swing.JComponent.processMouseEvent(Ljava/awt/event/MouseEvent;)V+23
J 1344 C1 java.awt.Component.processEvent(Ljava/awt/AWTEvent;)V (220 bytes) @ 0x00000000053c021c [0x00000000053bfce0+0x53c]
J 1264 C1 java.awt.Container.processEvent(Ljava/awt/AWTEvent;)V (22 bytes) @ 0x000000000538872c [0x00000000053883e0+0x34c]
J 1265 C1 java.awt.Component.dispatchEventImpl(Ljava/awt/AWTEvent;)V (883 bytes) @ 0x000000000538eecc [0x0000000005389980+0x554c]
J 1048 C1 java.awt.Container.dispatchEventImpl(Ljava/awt/AWTEvent;)V (129 bytes) @ 0x00000000052c5264 [0x00000000052c5120+0x144]
J 1250 C1 java.awt.LightweightDispatcher.retargetMouseEvent(Ljava/awt/Component;ILjava/awt/event/MouseEvent;)V (350 bytes) @ 0x000000000537c134 [0x0000000005379da0+0x2394]
J 1259 C1 java.awt.LightweightDispatcher.processMouseEvent(Ljava/awt/event/MouseEvent;)Z (286 bytes) @ 0x000000000538393c [0x00000000053821c0+0x177c]
J 1274 C1 java.awt.LightweightDispatcher.dispatchEvent(Ljava/awt/AWTEvent;)Z (73 bytes) @ 0x0000000005398bb4 [0x0000000005398780+0x434]
J 1048 C1 java.awt.Container.dispatchEventImpl(Ljava/awt/AWTEvent;)V (129 bytes) @ 0x00000000052c5204 [0x00000000052c5120+0xe4]
J 1238 C1 java.awt.Window.dispatchEventImpl(Ljava/awt/AWTEvent;)V (23 bytes) @ 0x000000000536f4ac [0x000000000536eec0+0x5ec]
J 1038 C1 java.awt.EventQueue.dispatchEventImpl(Ljava/awt/AWTEvent;Ljava/lang/Object;)V (149 bytes) @ 0x00000000052bb5f4 [0x00000000052b9d80+0x1874]
J 1036 C1 java.awt.EventQueue$3.run()Ljava/lang/Void; (60 bytes) @ 0x00000000052b8e9c [0x00000000052b8c80+0x21c]
J 1035 C1 java.awt.EventQueue$3.run()Ljava/lang/Object; (5 bytes) @ 0x00000000052b9594 [0x00000000052b9500+0x94]
v  ~StubRoutines::call_stub
J 740  java.security.AccessController.doPrivileged(Ljava/security/PrivilegedAction;Ljava/security/AccessControlContext;)Ljava/lang/Object; (0 bytes) @ 0x00000000051e13a6 [0x00000000051e1340+0x66]
J 1143 C1 java.awt.EventQueue$4.run()Ljava/lang/Object; (5 bytes) @ 0x00000000053267fc [0x00000000053263c0+0x43c]
v  ~StubRoutines::call_stub
J 740  java.security.AccessController.doPrivileged(Ljava/security/PrivilegedAction;Ljava/security/AccessControlContext;)Ljava/lang/Object; (0 bytes) @ 0x00000000051e13a6 [0x00000000051e1340+0x66]
J 981 C1 java.awt.EventQueue.dispatchEvent(Ljava/awt/AWTEvent;)V (80 bytes) @ 0x00000000052931a4 [0x0000000005292300+0xea4]
J 1044 C1 java.awt.EventDispatchThread.pumpOneEventForFilters(I)V (295 bytes) @ 0x00000000052c1c6c [0x00000000052c0060+0x1c0c]
j  java.awt.EventDispatchThread.pumpEventsForFilter(ILjava/awt/Conditional;Ljava/awt/EventFilter;)V+35
j  java.awt.EventDispatchThread.pumpEventsForHierarchy(ILjava/awt/Conditional;Ljava/awt/Component;)V+11
j  java.awt.EventDispatchThread.pumpEvents(ILjava/awt/Conditional;)V+4
j  java.awt.EventDispatchThread.pumpEvents(Ljava/awt/Conditional;)V+3
j  java.awt.EventDispatchThread.run()V+9
v  ~StubRoutines::call_stub

---------------  P R O C E S S  ---------------

Java Threads: ( => current thread )
  0x000000001c18b800 JavaThread "JavaCPP Deallocator" daemon [_thread_blocked, id=9460, stack(0x0000000021570000,0x0000000021670000)]
  0x000000001c0ae000 JavaThread "Swing-Shell" daemon [_thread_blocked, id=11208, stack(0x000000001e7d0000,0x000000001e8d0000)]
  0x000000001c044800 JavaThread "TimerQueue" daemon [_thread_blocked, id=10812, stack(0x000000001d260000,0x000000001d360000)]
  0x000000001bf61800 JavaThread "org.netbeans.modules.debugger.jpda.visual AWT Access Loop" daemon [_thread_blocked, id=13088, stack(0x000000001cb40000,0x000000001cc40000)]
  0x0000000004e42800 JavaThread "DestroyJavaVM" [_thread_blocked, id=324, stack(0x0000000004ce0000,0x0000000004de0000)]
=>0x000000001bf0e000 JavaThread "AWT-EventQueue-0" [_thread_in_vm, id=10868, stack(0x000000001ca40000,0x000000001cb40000)]
  0x000000001bf06000 JavaThread "AWT-Windows" daemon [_thread_in_native, id=13864, stack(0x000000001c850000,0x000000001c950000)]
  0x000000001bf05000 JavaThread "AWT-Shutdown" [_thread_blocked, id=11828, stack(0x000000001c750000,0x000000001c850000)]
  0x000000001bf03000 JavaThread "Java2D Disposer" daemon [_thread_blocked, id=2668, stack(0x000000001c650000,0x000000001c750000)]
  0x0000000019b1e800 JavaThread "Service Thread" daemon [_thread_blocked, id=1904, stack(0x000000001bb10000,0x000000001bc10000)]
  0x0000000019aeb000 JavaThread "C1 CompilerThread2" daemon [_thread_blocked, id=14812, stack(0x000000001b610000,0x000000001b710000)]
  0x0000000019aea800 JavaThread "C2 CompilerThread1" daemon [_thread_blocked, id=12444, stack(0x000000001b510000,0x000000001b610000)]
  0x0000000019ae6800 JavaThread "C2 CompilerThread0" daemon [_thread_blocked, id=8312, stack(0x000000001b410000,0x000000001b510000)]
  0x0000000019ae5800 JavaThread "JDWP Command Reader" daemon [_thread_in_native, id=13848, stack(0x000000001b310000,0x000000001b410000)]
  0x0000000019ad8800 JavaThread "JDWP Event Helper Thread" daemon [_thread_blocked, id=14996, stack(0x000000001b210000,0x000000001b310000)]
  0x0000000019acc000 JavaThread "JDWP Transport Listener: dt_shmem" daemon [_thread_blocked, id=4368, stack(0x000000001b110000,0x000000001b210000)]
  0x0000000019abf800 JavaThread "Attach Listener" daemon [_thread_blocked, id=2240, stack(0x000000001b010000,0x000000001b110000)]
  0x0000000019abc800 JavaThread "Signal Dispatcher" daemon [_thread_blocked, id=12580, stack(0x000000001af10000,0x000000001b010000)]
  0x0000000004f3d800 JavaThread "Finalizer" daemon [_thread_blocked, id=1000, stack(0x000000001ad20000,0x000000001ae20000)]
  0x0000000004f32000 JavaThread "Reference Handler" daemon [_thread_blocked, id=3316, stack(0x000000001ac20000,0x000000001ad20000)]

Other Threads:
  0x0000000019a87000 VMThread [stack: 0x000000001ab20000,0x000000001ac20000] [id=14584]
  0x000000001b773800 WatcherThread [stack: 0x000000001bc10000,0x000000001bd10000] [id=1596]

VM state:not at safepoint (normal execution)

VM Mutex/Monitor currently owned by a thread: None

Heap:
 PSYoungGen      total 38400K, used 33599K [0x00000000d5d80000, 0x00000000dad80000, 0x0000000100000000)
  eden space 33280K, 85% used [0x00000000d5d80000,0x00000000d7952f00,0x00000000d7e00000)
  from space 5120K, 99% used [0x00000000d7e00000,0x00000000d82fcfd8,0x00000000d8300000)
  to   space 7680K, 0% used [0x00000000da600000,0x00000000da600000,0x00000000dad80000)
 ParOldGen       total 87552K, used 5487K [0x0000000081800000, 0x0000000086d80000, 0x00000000d5d80000)
  object space 87552K, 6% used [0x0000000081800000,0x0000000081d5bc78,0x0000000086d80000)
 Metaspace       used 19280K, capacity 19538K, committed 19712K, reserved 1067008K
  class space    used 2353K, capacity 2451K, committed 2560K, reserved 1048576K

Card table byte_map: [0x0000000014300000,0x0000000014700000] byte_map_base: 0x0000000013ef4000

Marking Bits: (ParMarkBitMap*) 0x000000005ee5a6c0
 Begin Bits: [0x0000000014db0000, 0x0000000016d50000)
 End Bits:   [0x0000000016d50000, 0x0000000018cf0000)

Polling page: 0x0000000003020000

CodeCache: size=245760Kb used=7955Kb max_used=7955Kb free=237805Kb
 bounds [0x0000000004f40000, 0x0000000005710000, 0x0000000013f40000]
 total_blobs=2879 nmethods=2242 adapters=556
 compilation: enabled

Compilation events (10 events):
Event: 30.910 Thread 0x0000000019aeb000 2255       3       java.awt.image.DataBuffer$1::getTrackable (5 bytes)
Event: 30.910 Thread 0x0000000019aeb000 nmethod 2255 0x00000000057071d0 code [0x0000000005707320, 0x0000000005707470]
Event: 30.916 Thread 0x0000000019aeb000 2256       1       java.awt.image.DataBuffer::getDataType (5 bytes)
Event: 30.916 Thread 0x0000000019aeb000 nmethod 2256 0x0000000005706f10 code [0x0000000005707060, 0x0000000005707170]
Event: 30.916 Thread 0x0000000019aeb000 2257       1       java.awt.image.SampleModel::getHeight (5 bytes)
Event: 30.916 Thread 0x0000000019aeb000 nmethod 2257 0x0000000005706c50 code [0x0000000005706da0, 0x0000000005706eb0]
Event: 30.917 Thread 0x0000000019aeb000 2258       1       java.awt.image.DataBuffer::getNumBanks (5 bytes)
Event: 30.917 Thread 0x0000000019aeb000 nmethod 2258 0x0000000005706990 code [0x0000000005706ae0, 0x0000000005706bf0]
Event: 30.920 Thread 0x0000000019aeb000 2259       3       java.util.concurrent.atomic.AtomicLong::addAndGet (14 bytes)
Event: 30.920 Thread 0x0000000019aeb000 nmethod 2259 0x0000000005706650 code [0x00000000057067a0, 0x00000000057068f0]

GC Heap History (10 events):
Event: 13.656 GC heap before
{Heap before GC invocations=1 (full 0):
 PSYoungGen      total 38400K, used 33280K [0x00000000d5d80000, 0x00000000d8800000, 0x0000000100000000)
  eden space 33280K, 100% used [0x00000000d5d80000,0x00000000d7e00000,0x00000000d7e00000)
  from space 5120K, 0% used [0x00000000d8300000,0x00000000d8300000,0x00000000d8800000)
  to   space 5120K, 0% used [0x00000000d7e00000,0x00000000d7e00000,0x00000000d8300000)
 ParOldGen       total 87552K, used 0K [0x0000000081800000, 0x0000000086d80000, 0x00000000d5d80000)
  object space 87552K, 0% used [0x0000000081800000,0x0000000081800000,0x0000000086d80000)
 Metaspace       used 16380K, capacity 16626K, committed 16768K, reserved 1064960K
  class space    used 2080K, capacity 2163K, committed 2176K, reserved 1048576K
Event: 13.663 GC heap after
Heap after GC invocations=1 (full 0):
 PSYoungGen      total 38400K, used 5091K [0x00000000d5d80000, 0x00000000d8800000, 0x0000000100000000)
  eden space 33280K, 0% used [0x00000000d5d80000,0x00000000d5d80000,0x00000000d7e00000)
  from space 5120K, 99% used [0x00000000d7e00000,0x00000000d82f8ee8,0x00000000d8300000)
  to   space 5120K, 0% used [0x00000000d8300000,0x00000000d8300000,0x00000000d8800000)
 ParOldGen       total 87552K, used 948K [0x0000000081800000, 0x0000000086d80000, 0x00000000d5d80000)
  object space 87552K, 1% used [0x0000000081800000,0x00000000818ed280,0x0000000086d80000)
 Metaspace       used 16380K, capacity 16626K, committed 16768K, reserved 1064960K
  class space    used 2080K, capacity 2163K, committed 2176K, reserved 1048576K
}
Event: 15.598 GC heap before
{Heap before GC invocations=2 (full 0):
 PSYoungGen      total 38400K, used 38371K [0x00000000d5d80000, 0x00000000d8800000, 0x0000000100000000)
  eden space 33280K, 100% used [0x00000000d5d80000,0x00000000d7e00000,0x00000000d7e00000)
  from space 5120K, 99% used [0x00000000d7e00000,0x00000000d82f8ee8,0x00000000d8300000)
  to   space 5120K, 0% used [0x00000000d8300000,0x00000000d8300000,0x00000000d8800000)
 ParOldGen       total 87552K, used 948K [0x0000000081800000, 0x0000000086d80000, 0x00000000d5d80000)
  object space 87552K, 1% used [0x0000000081800000,0x00000000818ed280,0x0000000086d80000)
 Metaspace       used 18682K, capacity 18898K, committed 19072K, reserved 1067008K
  class space    used 2331K, capacity 2387K, committed 2432K, reserved 1048576K
Event: 15.604 GC heap after
Heap after GC invocations=2 (full 0):
 PSYoungGen      total 38400K, used 5091K [0x00000000d5d80000, 0x00000000d8800000, 0x0000000100000000)
  eden space 33280K, 0% used [0x00000000d5d80000,0x00000000d5d80000,0x00000000d7e00000)
  from space 5120K, 99% used [0x00000000d8300000,0x00000000d87f8f08,0x00000000d8800000)
  to   space 5120K, 0% used [0x00000000d7e00000,0x00000000d7e00000,0x00000000d8300000)
 ParOldGen       total 87552K, used 2020K [0x0000000081800000, 0x0000000086d80000, 0x00000000d5d80000)
  object space 87552K, 2% used [0x0000000081800000,0x00000000819f9028,0x0000000086d80000)
 Metaspace       used 18682K, capacity 18898K, committed 19072K, reserved 1067008K
  class space    used 2331K, capacity 2387K, committed 2432K, reserved 1048576K
}
Event: 30.709 GC heap before
{Heap before GC invocations=3 (full 0):
 PSYoungGen      total 38400K, used 38371K [0x00000000d5d80000, 0x00000000d8800000, 0x0000000100000000)
  eden space 33280K, 100% used [0x00000000d5d80000,0x00000000d7e00000,0x00000000d7e00000)
  from space 5120K, 99% used [0x00000000d8300000,0x00000000d87f8f08,0x00000000d8800000)
  to   space 5120K, 0% used [0x00000000d7e00000,0x00000000d7e00000,0x00000000d8300000)
 ParOldGen       total 87552K, used 2020K [0x0000000081800000, 0x0000000086d80000, 0x00000000d5d80000)
  object space 87552K, 2% used [0x0000000081800000,0x00000000819f9028,0x0000000086d80000)
 Metaspace       used 19260K, capacity 19474K, committed 19712K, reserved 1067008K
  class space    used 2353K, capacity 2451K, committed 2560K, reserved 1048576K
Event: 30.715 GC heap after
Heap after GC invocations=3 (full 0):
 PSYoungGen      total 38400K, used 5104K [0x00000000d5d80000, 0x00000000d8800000, 0x0000000100000000)
  eden space 33280K, 0% used [0x00000000d5d80000,0x00000000d5d80000,0x00000000d7e00000)
  from space 5120K, 99% used [0x00000000d7e00000,0x00000000d82fc308,0x00000000d8300000)
  to   space 5120K, 0% used [0x00000000d8300000,0x00000000d8300000,0x00000000d8800000)
 ParOldGen       total 87552K, used 3211K [0x0000000081800000, 0x0000000086d80000, 0x00000000d5d80000)
  object space 87552K, 3% used [0x0000000081800000,0x0000000081b22d90,0x0000000086d80000)
 Metaspace       used 19260K, capacity 19474K, committed 19712K, reserved 1067008K
  class space    used 2353K, capacity 2451K, committed 2560K, reserved 1048576K
}
Event: 30.782 GC heap before
{Heap before GC invocations=4 (full 0):
 PSYoungGen      total 38400K, used 38384K [0x00000000d5d80000, 0x00000000d8800000, 0x0000000100000000)
  eden space 33280K, 100% used [0x00000000d5d80000,0x00000000d7e00000,0x00000000d7e00000)
  from space 5120K, 99% used [0x00000000d7e00000,0x00000000d82fc308,0x00000000d8300000)
  to   space 5120K, 0% used [0x00000000d8300000,0x00000000d8300000,0x00000000d8800000)
 ParOldGen       total 87552K, used 3211K [0x0000000081800000, 0x0000000086d80000, 0x00000000d5d80000)
  object space 87552K, 3% used [0x0000000081800000,0x0000000081b22d90,0x0000000086d80000)
 Metaspace       used 19269K, capacity 19474K, committed 19712K, reserved 1067008K
  class space    used 2353K, capacity 2451K, committed 2560K, reserved 1048576K
Event: 30.788 GC heap after
Heap after GC invocations=4 (full 0):
 PSYoungGen      total 38400K, used 5104K [0x00000000d5d80000, 0x00000000da880000, 0x0000000100000000)
  eden space 33280K, 0% used [0x00000000d5d80000,0x00000000d5d80000,0x00000000d7e00000)
  from space 5120K, 99% used [0x00000000d8300000,0x00000000d87fc2e8,0x00000000d8800000)
  to   space 5120K, 0% used [0x00000000d7e00000,0x00000000d7e00000,0x00000000d8300000)
 ParOldGen       total 87552K, used 5479K [0x0000000081800000, 0x0000000086d80000, 0x00000000d5d80000)
  object space 87552K, 6% used [0x0000000081800000,0x0000000081d59c78,0x0000000086d80000)
 Metaspace       used 19269K, capacity 19474K, committed 19712K, reserved 1067008K
  class space    used 2353K, capacity 2451K, committed 2560K, reserved 1048576K
}
Event: 30.862 GC heap before
{Heap before GC invocations=5 (full 0):
 PSYoungGen      total 38400K, used 38384K [0x00000000d5d80000, 0x00000000da880000, 0x0000000100000000)
  eden space 33280K, 100% used [0x00000000d5d80000,0x00000000d7e00000,0x00000000d7e00000)
  from space 5120K, 99% used [0x00000000d8300000,0x00000000d87fc2e8,0x00000000d8800000)
  to   space 5120K, 0% used [0x00000000d7e00000,0x00000000d7e00000,0x00000000d8300000)
 ParOldGen       total 87552K, used 5479K [0x0000000081800000, 0x0000000086d80000, 0x00000000d5d80000)
  object space 87552K, 6% used [0x0000000081800000,0x0000000081d59c78,0x0000000086d80000)
 Metaspace       used 19277K, capacity 19538K, committed 19712K, reserved 1067008K
  class space    used 2353K, capacity 2451K, committed 2560K, reserved 1048576K
Event: 30.867 GC heap after
Heap after GC invocations=5 (full 0):
 PSYoungGen      total 38400K, used 5107K [0x00000000d5d80000, 0x00000000dad80000, 0x0000000100000000)
  eden space 33280K, 0% used [0x00000000d5d80000,0x00000000d5d80000,0x00000000d7e00000)
  from space 5120K, 99% used [0x00000000d7e00000,0x00000000d82fcfd8,0x00000000d8300000)
  to   space 7680K, 0% used [0x00000000da600000,0x00000000da600000,0x00000000dad80000)
 ParOldGen       total 87552K, used 5487K [0x0000000081800000, 0x0000000086d80000, 0x00000000d5d80000)
  object space 87552K, 6% used [0x0000000081800000,0x0000000081d5bc78,0x0000000086d80000)
 Metaspace       used 19277K, capacity 19538K, committed 19712K, reserved 1067008K
  class space    used 2353K, capacity 2451K, committed 2560K, reserved 1048576K
}

Deoptimization events (10 events):
Event: 3.003 Thread 0x000000001bf0e000 Uncommon trap: reason=class_check action=maybe_recompile pc=0x00000000050e73d4 method=java.lang.String.equals(Ljava/lang/Object;)Z @ 8
Event: 3.003 Thread 0x000000001bf0e000 Uncommon trap: reason=class_check action=maybe_recompile pc=0x00000000050e73d4 method=java.lang.String.equals(Ljava/lang/Object;)Z @ 8
Event: 3.003 Thread 0x000000001bf0e000 Uncommon trap: reason=class_check action=maybe_recompile pc=0x00000000050e73d4 method=java.lang.String.equals(Ljava/lang/Object;)Z @ 8
Event: 12.950 Thread 0x000000001bf0e000 Uncommon trap: reason=unstable_if action=reinterpret pc=0x00000000051a9e10 method=java.util.HashMap.getNode(ILjava/lang/Object;)Ljava/util/HashMap$Node; @ 62
Event: 12.951 Thread 0x000000001bf0e000 Uncommon trap: reason=unstable_if action=reinterpret pc=0x0000000005194f60 method=java.util.HashMap.getNode(ILjava/lang/Object;)Ljava/util/HashMap$Node; @ 62
Event: 15.122 Thread 0x000000001bf0e000 Uncommon trap: reason=unstable_if action=reinterpret pc=0x00000000054cd9d8 method=java.net.URI.match(CJJ)Z @ 19
Event: 21.658 Thread 0x000000001bf0e000 Uncommon trap: reason=unstable_if action=reinterpret pc=0x00000000056403e0 method=org.bytedeco.javacv.Java2DFrameConverter.flipCopyWithGamma(Ljava/nio/ByteBuffer;ILjava/nio/ByteBuffer;IZDZI)V @ 50
Event: 30.481 Thread 0x000000001bf0e000 Uncommon trap: reason=unstable_if action=reinterpret pc=0x00000000055f1398 method=sun.misc.URLClassPath$FileLoader.getResource(Ljava/lang/String;Z)Lsun/misc/Resource; @ 139
Event: 30.670 Thread 0x000000001bf0e000 Uncommon trap: reason=unstable_if action=reinterpret pc=0x00000000056da66c method=java.awt.image.ComponentColorModel.getRGB(Ljava/lang/Object;)I @ 4
Event: 30.677 Thread 0x000000001bf0e000 Uncommon trap: reason=unstable_if action=reinterpret pc=0x00000000056dc8d0 method=java.awt.image.ComponentColorModel.getRGB(Ljava/lang/Object;)I @ 4

Internal exceptions (10 events):
Event: 0.275 Thread 0x0000000004e42800 Exception <a 'java/security/PrivilegedActionException'> (0x00000000d606c0e8) thrown at [C:\re\workspace\8-2-build-windows-amd64-cygwin\jdk8u111\7883\hotspot\src\share\vm\prims\jvm.cpp, line 1386]
Event: 0.275 Thread 0x0000000004e42800 Exception <a 'java/security/PrivilegedActionException'> (0x00000000d606c2f8) thrown at [C:\re\workspace\8-2-build-windows-amd64-cygwin\jdk8u111\7883\hotspot\src\share\vm\prims\jvm.cpp, line 1386]
Event: 0.411 Thread 0x0000000004e42800 Exception <a 'java/lang/NoSuchFieldError': method resolution failed> (0x00000000d614d128) thrown at [C:\re\workspace\8-2-build-windows-amd64-cygwin\jdk8u111\7883\hotspot\src\share\vm\prims\methodHandles.cpp, line 1146]
Event: 0.415 Thread 0x0000000004e42800 Exception <a 'java/lang/NoSuchFieldError': method resolution failed> (0x00000000d615a528) thrown at [C:\re\workspace\8-2-build-windows-amd64-cygwin\jdk8u111\7883\hotspot\src\share\vm\prims\methodHandles.cpp, line 1146]
Event: 0.465 Thread 0x0000000004e42800 Exception <a 'java/security/PrivilegedActionException'> (0x00000000d61e6588) thrown at [C:\re\workspace\8-2-build-windows-amd64-cygwin\jdk8u111\7883\hotspot\src\share\vm\prims\jvm.cpp, line 1386]
Event: 0.465 Thread 0x0000000004e42800 Exception <a 'java/security/PrivilegedActionException'> (0x00000000d61e6798) thrown at [C:\re\workspace\8-2-build-windows-amd64-cygwin\jdk8u111\7883\hotspot\src\share\vm\prims\jvm.cpp, line 1386]
Event: 0.466 Thread 0x0000000004e42800 Exception <a 'java/security/PrivilegedActionException'> (0x00000000d61ea680) thrown at [C:\re\workspace\8-2-build-windows-amd64-cygwin\jdk8u111\7883\hotspot\src\share\vm\prims\jvm.cpp, line 1386]
Event: 0.466 Thread 0x0000000004e42800 Exception <a 'java/security/PrivilegedActionException'> (0x00000000d61ea890) thrown at [C:\re\workspace\8-2-build-windows-amd64-cygwin\jdk8u111\7883\hotspot\src\share\vm\prims\jvm.cpp, line 1386]
Event: 0.475 Thread 0x0000000004e42800 Exception <a 'java/io/FileNotFoundException'> (0x00000000d61eccc8) thrown at [C:\re\workspace\8-2-build-windows-amd64-cygwin\jdk8u111\7883\hotspot\src\share\vm\prims\jni.cpp, line 709]
Event: 0.656 Thread 0x000000001bf0e000 Exception <a 'java/io/FileNotFoundException'> (0x00000000d6343a48) thrown at [C:\re\workspace\8-2-build-windows-amd64-cygwin\jdk8u111\7883\hotspot\src\share\vm\prims\jni.cpp, line 709]

Events (10 events):
Event: 30.703 Thread 0x000000001bf0e000 DEOPT PACKING pc=0x00000000056e5480 sp=0x000000001cb3c880
Event: 30.703 Thread 0x000000001bf0e000 DEOPT UNPACKING pc=0x0000000004f8787f sp=0x000000001cb3c640 mode 0
Event: 30.704 Thread 0x000000001bf0e000 DEOPT PACKING pc=0x00000000056e5480 sp=0x000000001cb3c880
Event: 30.704 Thread 0x000000001bf0e000 DEOPT UNPACKING pc=0x0000000004f8787f sp=0x000000001cb3c640 mode 0
Event: 30.709 Executing VM operation: ParallelGCFailedAllocation
Event: 30.715 Executing VM operation: ParallelGCFailedAllocation done
Event: 30.782 Executing VM operation: ParallelGCFailedAllocation
Event: 30.788 Executing VM operation: ParallelGCFailedAllocation done
Event: 30.862 Executing VM operation: ParallelGCFailedAllocation
Event: 30.867 Executing VM operation: ParallelGCFailedAllocation done


Dynamic libraries:
0x00007ff6bdd40000 - 0x00007ff6bdd77000 	C:\Program Files\Java\jdk1.8.0_111\bin\java.exe
0x00007ffdc6080000 - 0x00007ffdc6260000 	C:\Windows\SYSTEM32\ntdll.dll
0x00007ffdc3700000 - 0x00007ffdc37ae000 	C:\Windows\System32\KERNEL32.DLL
0x00007ffdc2860000 - 0x00007ffdc2ac6000 	C:\Windows\System32\KERNELBASE.dll
0x00007ffdc35b0000 - 0x00007ffdc3651000 	C:\Windows\System32\ADVAPI32.dll
0x00007ffdc5880000 - 0x00007ffdc591d000 	C:\Windows\System32\msvcrt.dll
0x00007ffdc56d0000 - 0x00007ffdc572b000 	C:\Windows\System32\sechost.dll
0x00007ffdc5f30000 - 0x00007ffdc604f000 	C:\Windows\System32\RPCRT4.dll
0x00007ffdc5da0000 - 0x00007ffdc5f2f000 	C:\Windows\System32\USER32.dll
0x00007ffdc2bf0000 - 0x00007ffdc2c10000 	C:\Windows\System32\win32u.dll
0x00007ffdc4ed0000 - 0x00007ffdc4ef8000 	C:\Windows\System32\GDI32.dll
0x00007ffdc33b0000 - 0x00007ffdc3544000 	C:\Windows\System32\gdi32full.dll
0x00007ffdc2ad0000 - 0x00007ffdc2b6b000 	C:\Windows\System32\msvcp_win.dll
0x00007ffdc2760000 - 0x00007ffdc2856000 	C:\Windows\System32\ucrtbase.dll
0x00007ffdb2be0000 - 0x00007ffdb2e49000 	C:\Windows\WinSxS\amd64_microsoft.windows.common-controls_6595b64144ccf1df_6.0.16299.64_none_cc9304e22215ca8f\COMCTL32.dll
0x00007ffdc5350000 - 0x00007ffdc5658000 	C:\Windows\System32\combase.dll
0x00007ffdc2b70000 - 0x00007ffdc2be2000 	C:\Windows\System32\bcryptPrimitives.dll
0x00007ffdc3810000 - 0x00007ffdc383d000 	C:\Windows\System32\IMM32.DLL
0x000000005f740000 - 0x000000005f812000 	C:\Program Files\Java\jdk1.8.0_111\jre\bin\msvcr100.dll
0x000000005e640000 - 0x000000005eeda000 	C:\Program Files\Java\jdk1.8.0_111\jre\bin\server\jvm.dll
0x00007ffdc59a0000 - 0x00007ffdc59a8000 	C:\Windows\System32\PSAPI.DLL
0x00007ffdb4690000 - 0x00007ffdb469a000 	C:\Windows\SYSTEM32\VERSION.dll
0x00007ffdbf560000 - 0x00007ffdbf583000 	C:\Windows\SYSTEM32\WINMM.dll
0x00007ffdbf550000 - 0x00007ffdbf559000 	C:\Windows\SYSTEM32\WSOCK32.dll
0x00007ffdc5660000 - 0x00007ffdc56cc000 	C:\Windows\System32\WS2_32.dll
0x00007ffdbee90000 - 0x00007ffdbeeba000 	C:\Windows\SYSTEM32\WINMMBASE.dll
0x00007ffdc3360000 - 0x00007ffdc33aa000 	C:\Windows\System32\cfgmgr32.dll
0x000000005f110000 - 0x000000005f11f000 	C:\Program Files\Java\jdk1.8.0_111\jre\bin\verify.dll
0x000000005f0e0000 - 0x000000005f109000 	C:\Program Files\Java\jdk1.8.0_111\jre\bin\java.dll
0x000000005d610000 - 0x000000005d645000 	C:\Program Files\Java\jdk1.8.0_111\jre\bin\jdwp.dll
0x000000005d600000 - 0x000000005d608000 	C:\Program Files\Java\jdk1.8.0_111\jre\bin\npt.dll
0x000000005f0c0000 - 0x000000005f0d6000 	C:\Program Files\Java\jdk1.8.0_111\jre\bin\zip.dll
0x00007ffdc38c0000 - 0x00007ffdc4cf7000 	C:\Windows\System32\SHELL32.dll
0x00007ffdc4d10000 - 0x00007ffdc4db6000 	C:\Windows\System32\shcore.dll
0x00007ffdc2c10000 - 0x00007ffdc3357000 	C:\Windows\System32\windows.storage.dll
0x00007ffdc3840000 - 0x00007ffdc3891000 	C:\Windows\System32\shlwapi.dll
0x00007ffdc23d0000 - 0x00007ffdc23e1000 	C:\Windows\System32\kernel.appcore.dll
0x00007ffdc2430000 - 0x00007ffdc247c000 	C:\Windows\System32\powrprof.dll
0x00007ffdc23f0000 - 0x00007ffdc240b000 	C:\Windows\System32\profapi.dll
0x000000005d650000 - 0x000000005d65b000 	C:\Program Files\Java\jdk1.8.0_111\jre\bin\dt_shmem.dll
0x000000005e460000 - 0x000000005e5f8000 	C:\Program Files\Java\jdk1.8.0_111\jre\bin\awt.dll
0x00007ffdc59b0000 - 0x00007ffdc5a75000 	C:\Windows\System32\OLEAUT32.dll
0x00007ffdc0890000 - 0x00007ffdc0917000 	C:\Windows\SYSTEM32\apphelp.dll
0x00007ffdc0a10000 - 0x00007ffdc0aa5000 	C:\Windows\system32\uxtheme.dll
0x00007ffdc5c30000 - 0x00007ffdc5d97000 	C:\Windows\System32\MSCTF.dll
0x00007ffdc0c80000 - 0x00007ffdc0caa000 	C:\Windows\system32\dwmapi.dll
0x00007ffdc5730000 - 0x00007ffdc5879000 	C:\Windows\System32\ole32.dll
0x000000005e410000 - 0x000000005e457000 	C:\Program Files\Java\jdk1.8.0_111\jre\bin\fontmanager.dll
0x000000005e620000 - 0x000000005e63a000 	C:\Program Files\Java\jdk1.8.0_111\jre\bin\net.dll
0x00007ffdc1c60000 - 0x00007ffdc1cc6000 	C:\Windows\system32\mswsock.dll
0x000000005e600000 - 0x000000005e611000 	C:\Program Files\Java\jdk1.8.0_111\jre\bin\nio.dll
0x000000005e3c0000 - 0x000000005e402000 	C:\Program Files\Java\jdk1.8.0_111\jre\bin\t2k.dll
0x00007ffdc3660000 - 0x00007ffdc36fe000 	C:\Windows\System32\clbcatq.dll
0x00007ffdb0860000 - 0x00007ffdb0a0b000 	C:\Windows\SYSTEM32\WindowsCodecs.dll
0x00007ffdad200000 - 0x00007ffdad24f000 	C:\Windows\system32\dataexchange.dll
0x00007ffdc0360000 - 0x00007ffdc04a2000 	C:\Windows\system32\dcomp.dll
0x00007ffdbf9d0000 - 0x00007ffdbfcb2000 	C:\Windows\system32\d3d11.dll
0x00007ffdc1240000 - 0x00007ffdc12ef000 	C:\Windows\system32\dxgi.dll
0x00007ffdc0d70000 - 0x00007ffdc0eeb000 	C:\Windows\system32\twinapi.appcore.dll
0x00007ffdc0ef0000 - 0x00007ffdc0f10000 	C:\Windows\system32\RMCLIENT.dll
0x00007ffdc1f30000 - 0x00007ffdc1f55000 	C:\Windows\system32\bcrypt.dll
0x00007ffdbbbc0000 - 0x00007ffdbbc58000 	C:\Windows\System32\TextInputFramework.dll
0x00007ffdc0280000 - 0x00007ffdc035d000 	C:\Windows\System32\CoreMessaging.dll
0x00007ffdb80f0000 - 0x00007ffdb83de000 	C:\Windows\System32\CoreUIComponents.dll
0x00007ffdc1510000 - 0x00007ffdc1541000 	C:\Windows\SYSTEM32\ntmarta.dll
0x00007ffdbeb70000 - 0x00007ffdbeca6000 	C:\Windows\SYSTEM32\wintypes.dll
0x00007ffdb14b0000 - 0x00007ffdb1556000 	C:\Windows\WinSxS\amd64_microsoft.windows.common-controls_6595b64144ccf1df_5.82.16299.64_none_e47b13aa03396f3a\comctl32.dll
0x00007ffdbe3c0000 - 0x00007ffdbe571000 	C:\Windows\SYSTEM32\PROPSYS.dll
0x00007ffdb65c0000 - 0x00007ffdb6bb4000 	C:\Windows\System32\OneCoreUAPCommonProxyStub.dll
0x00007ffda4d50000 - 0x00007ffda4e77000 	C:\Windows\system32\NetworkExplorer.dll
0x00007ffdb63a0000 - 0x00007ffdb63bb000 	C:\Windows\SYSTEM32\MPR.dll
0x00007ffdbee70000 - 0x00007ffdbee7b000 	C:\Windows\System32\drprov.dll
0x00007ffdc18b0000 - 0x00007ffdc1905000 	C:\Windows\System32\WINSTA.dll
0x00007ffdbd6f0000 - 0x00007ffdbd706000 	C:\Windows\System32\ntlanman.dll
0x00007ffdbd6a0000 - 0x00007ffdbd6bc000 	C:\Windows\System32\davclnt.dll
0x00007ffdbf520000 - 0x00007ffdbf52c000 	C:\Windows\System32\DAVHLPR.dll
0x00007ffdbeef0000 - 0x00007ffdbef07000 	C:\Windows\System32\wkscli.dll
0x00007ffdadc70000 - 0x00007ffdadc82000 	C:\Windows\SYSTEM32\cscapi.dll
0x00007ffdadff0000 - 0x00007ffdae03a000 	C:\Windows\System32\dlnashext.dll
0x00007ffdb13f0000 - 0x00007ffdb1453000 	C:\Windows\System32\PlayToDevice.dll
0x00007ffdb23c0000 - 0x00007ffdb23df000 	C:\Windows\System32\DevDispItemProvider.dll
0x00007ffdbe580000 - 0x00007ffdbe5ef000 	C:\Windows\System32\MMDevApi.dll
0x00007ffdc21e0000 - 0x00007ffdc2207000 	C:\Windows\System32\DEVOBJ.dll
0x00007ffda1080000 - 0x00007ffda125f000 	C:\Windows\system32\wpdshext.dll
0x00007ffda9a30000 - 0x00007ffda9bcc000 	C:\Windows\WinSxS\amd64_microsoft.windows.gdiplus_6595b64144ccf1df_1.1.16299.64_none_4c5a740035ade6b7\gdiplus.dll
0x00007ffda6a20000 - 0x00007ffda6ac0000 	C:\Windows\System32\PortableDeviceApi.dll
0x00007ffdc4f00000 - 0x00007ffdc534e000 	C:\Windows\System32\SETUPAPI.dll
0x00007ffdc2700000 - 0x00007ffdc2758000 	C:\Windows\System32\WINTRUST.dll
0x00007ffdc2410000 - 0x00007ffdc2422000 	C:\Windows\System32\MSASN1.dll
0x00007ffdc2480000 - 0x00007ffdc264e000 	C:\Windows\System32\CRYPT32.dll
0x00007ffda6b10000 - 0x00007ffda6b42000 	C:\Windows\System32\PortableDeviceTypes.dll
0x00007ffda9be0000 - 0x00007ffda9c16000 	C:\Windows\System32\EhStorShell.dll
0x00007ffdbb5a0000 - 0x00007ffdbb5c5000 	C:\Windows\System32\EhStorAPI.dll
0x00007ffdbede0000 - 0x00007ffdbedf3000 	C:\Windows\System32\WTSAPI32.dll
0x00007ffdb48c0000 - 0x00007ffdb48d0000 	C:\Windows\SYSTEM32\LINKINFO.dll
0x00007ffda35d0000 - 0x00007ffda3697000 	C:\Users\FliaMejias\.javacpp\cache\ffmpeg-windows-x86_64.jar\org\bytedeco\javacpp\windows-x86_64\avutil-55.dll
0x000000006fe00000 - 0x000000006fed2000 	C:\Users\FliaMejias\.javacpp\cache\ffmpeg-windows-x86_64.jar\org\bytedeco\javacpp\windows-x86_64\jniavutil.dll
0x00007ffdb17e0000 - 0x00007ffdb1808000 	C:\Users\FliaMejias\.javacpp\cache\ffmpeg-windows-x86_64.jar\org\bytedeco\javacpp\windows-x86_64\swresample-2.dll
0x0000000070080000 - 0x00000000700ae000 	C:\Users\FliaMejias\.javacpp\cache\ffmpeg-windows-x86_64.jar\org\bytedeco\javacpp\windows-x86_64\jniswresample.dll
0x00007ffd95f10000 - 0x00007ffd97eb9000 	C:\Users\FliaMejias\.javacpp\cache\ffmpeg-windows-x86_64.jar\org\bytedeco\javacpp\windows-x86_64\avcodec-57.dll
0x000000006a1c0000 - 0x000000006a44d000 	C:\Users\FliaMejias\.javacpp\cache\ffmpeg-windows-x86_64.jar\org\bytedeco\javacpp\windows-x86_64\jniavcodec.dll
0x00007ffd9c2b0000 - 0x00007ffd9c6fd000 	C:\Users\FliaMejias\.javacpp\cache\ffmpeg-windows-x86_64.jar\org\bytedeco\javacpp\windows-x86_64\avformat-57.dll
0x00007ffdbab50000 - 0x00007ffdbab5c000 	C:\Windows\SYSTEM32\Secur32.dll
0x00007ffdc2300000 - 0x00007ffdc2330000 	C:\Windows\SYSTEM32\SSPICLI.DLL
0x000000006abc0000 - 0x000000006ad0a000 	C:\Users\FliaMejias\.javacpp\cache\ffmpeg-windows-x86_64.jar\org\bytedeco\javacpp\windows-x86_64\jniavformat.dll
0x00007ffdac360000 - 0x00007ffdac3f4000 	C:\Users\FliaMejias\.javacpp\cache\ffmpeg-windows-x86_64.jar\org\bytedeco\javacpp\windows-x86_64\swscale-4.dll
0x0000000067cc0000 - 0x0000000067cf6000 	C:\Users\FliaMejias\.javacpp\cache\ffmpeg-windows-x86_64.jar\org\bytedeco\javacpp\windows-x86_64\jniswscale.dll
0x00007ffdb15c0000 - 0x00007ffdb15ea000 	C:\Users\FliaMejias\.javacpp\cache\ffmpeg-windows-x86_64.jar\org\bytedeco\javacpp\windows-x86_64\postproc-54.dll
0x000000006a0c0000 - 0x000000006a0ec000 	C:\Users\FliaMejias\.javacpp\cache\ffmpeg-windows-x86_64.jar\org\bytedeco\javacpp\windows-x86_64\jnipostproc.dll
0x00007ffd9d0b0000 - 0x00007ffd9d409000 	C:\Users\FliaMejias\.javacpp\cache\ffmpeg-windows-x86_64.jar\org\bytedeco\javacpp\windows-x86_64\avfilter-6.dll
0x0000000064400000 - 0x0000000064478000 	C:\Users\FliaMejias\.javacpp\cache\ffmpeg-windows-x86_64.jar\org\bytedeco\javacpp\windows-x86_64\jniavfilter.dll
0x00007ffdb13c0000 - 0x00007ffdb13ed000 	C:\Users\FliaMejias\.javacpp\cache\ffmpeg-windows-x86_64.jar\org\bytedeco\javacpp\windows-x86_64\avdevice-57.dll
0x00007ffdb2ba0000 - 0x00007ffdb2bb8000 	C:\Windows\SYSTEM32\AVICAP32.dll
0x00007ffdb1390000 - 0x00007ffdb13b9000 	C:\Windows\SYSTEM32\MSVFW32.dll
0x000000001e940000 - 0x000000001e979000 	C:\Users\FliaMejias\.javacpp\cache\ffmpeg-windows-x86_64.jar\org\bytedeco\javacpp\windows-x86_64\jniavdevice.dll
0x00007ffdb12f0000 - 0x00007ffdb1341000 	C:\Users\FliaMejias\.javacpp\cache\opencv-windows-x86_64.jar\org\bytedeco\javacpp\windows-x86_64\concrt140.dll
0x00007ffdb12d0000 - 0x00007ffdb12e6000 	C:\Windows\SYSTEM32\VCRUNTIME140.dll
0x00007ffda3240000 - 0x00007ffda32e6000 	C:\Windows\SYSTEM32\MSVCP140.dll
0x00007ffda72a0000 - 0x00007ffda733d000 	C:\Users\FliaMejias\.javacpp\cache\opencv-windows-x86_64.jar\org\bytedeco\javacpp\windows-x86_64\msvcp140.dll
0x00007ffdb1270000 - 0x00007ffdb1287000 	C:\Users\FliaMejias\.javacpp\cache\opencv-windows-x86_64.jar\org\bytedeco\javacpp\windows-x86_64\vcruntime140.dll
0x000000001e980000 - 0x000000001e983000 	C:\Users\FliaMejias\.javacpp\cache\opencv-windows-x86_64.jar\org\bytedeco\javacpp\windows-x86_64\api-ms-win-crt-locale-l1-1-0.dll
0x000000001e990000 - 0x000000001e994000 	C:\Users\FliaMejias\.javacpp\cache\opencv-windows-x86_64.jar\org\bytedeco\javacpp\windows-x86_64\api-ms-win-crt-string-l1-1-0.dll
0x000000001e9a0000 - 0x000000001e9a4000 	C:\Users\FliaMejias\.javacpp\cache\opencv-windows-x86_64.jar\org\bytedeco\javacpp\windows-x86_64\api-ms-win-crt-stdio-l1-1-0.dll
0x000000001e9b0000 - 0x000000001e9b5000 	C:\Users\FliaMejias\.javacpp\cache\opencv-windows-x86_64.jar\org\bytedeco\javacpp\windows-x86_64\api-ms-win-crt-math-l1-1-0.dll
0x000000001e9c0000 - 0x000000001e9c3000 	C:\Users\FliaMejias\.javacpp\cache\opencv-windows-x86_64.jar\org\bytedeco\javacpp\windows-x86_64\api-ms-win-crt-heap-l1-1-0.dll
0x000000001e9d0000 - 0x000000001e9d4000 	C:\Users\FliaMejias\.javacpp\cache\opencv-windows-x86_64.jar\org\bytedeco\javacpp\windows-x86_64\api-ms-win-crt-runtime-l1-1-0.dll
0x000000001e9e0000 - 0x000000001e9e4000 	C:\Users\FliaMejias\.javacpp\cache\opencv-windows-x86_64.jar\org\bytedeco\javacpp\windows-x86_64\api-ms-win-crt-convert-l1-1-0.dll
0x000000001e9f0000 - 0x000000001e9f3000 	C:\Users\FliaMejias\.javacpp\cache\opencv-windows-x86_64.jar\org\bytedeco\javacpp\windows-x86_64\api-ms-win-crt-environment-l1-1-0.dll

VM Arguments:
jvm_args: -Xdebug -Xrunjdwp:transport=dt_shmem,address=javadebug -Dfile.encoding=UTF-8 
java_command: IEv4.IEv4
java_class_path (initial): C:\Users\FliaMejias\Desktop\javaCV\artoolkitplus-platform.jar;C:\Users\FliaMejias\Desktop\javaCV\artoolkitplus-windows-x86.jar;C:\Users\FliaMejias\Desktop\javaCV\artoolkitplus-windows-x86_64.jar;C:\Users\FliaMejias\Desktop\javaCV\artoolkitplus.jar;C:\Users\FliaMejias\Desktop\javaCV\ffmpeg-platform.jar;C:\Users\FliaMejias\Desktop\javaCV\ffmpeg-windows-x86.jar;C:\Users\FliaMejias\Desktop\javaCV\ffmpeg-windows-x86_64.jar;C:\Users\FliaMejias\Desktop\javaCV\ffmpeg.jar;C:\Users\FliaMejias\Desktop\javaCV\flandmark-platform.jar;C:\Users\FliaMejias\Desktop\javaCV\flandmark-windows-x86.jar;C:\Users\FliaMejias\Desktop\javaCV\flandmark-windows-x86_64.jar;C:\Users\FliaMejias\Desktop\javaCV\flandmark.jar;C:\Users\FliaMejias\Desktop\javaCV\flycapture-platform.jar;C:\Users\FliaMejias\Desktop\javaCV\flycapture-windows-x86.jar;C:\Users\FliaMejias\Desktop\javaCV\flycapture-windows-x86_64.jar;C:\Users\FliaMejias\Desktop\javaCV\flycapture.jar;C:\Users\FliaMejias\Desktop\javaCV\javacpp.jar;C:\Users\FliaMejias\Desktop\javaCV\javacv-platform.jar;C:\Users\FliaMejias\Desktop\javaCV\javacv.jar;C:\Users\FliaMejias\Desktop\javaCV\libdc1394-platform.jar;C:\Users\FliaMejias\Desktop\javaCV\libdc1394-windows-x86.jar;C:\Users\FliaMejias\Desktop\javaCV\libdc1394-windows-x86_64.jar;C:\Users\FliaMejias\Desktop\javaCV\libdc1394.jar;C:\Users\FliaMejias\Desktop\javaCV\libfreenect-platform.jar;C:\Users\FliaMejias\Desktop\javaCV\libfreenect-windows-x86.jar;C:\Users\FliaMejias\Desktop\javaCV\libfreenect-windows-x86_64.jar;C:\Users\FliaMejias\Desktop\javaCV\libfreenect.jar;C:\Users\FliaMejias\Desktop\javaCV\libfreenect2-platform.jar;C:\Users\FliaMejias\Desktop\javaCV\libfreenect2-windows-x86_64.jar;C:\Users\FliaMejias\Desktop\javaCV\libfreenect2.jar;C:\Users\FliaMejias\Desktop\javaCV\librealsense-platform.jar;C:\Users\FliaMejias\Desktop\javaCV\librealsense-windows-x86.jar;C:\Users\FliaMejias\Desktop\javaCV\librealsense-windows-x86_64.jar;C:\Users\FliaMejias\Desktop\javaCV\libreals
Launcher Type: SUN_STANDARD

Environment Variables:
PATH=C:\Program Files (x86)\Common Files\Oracle\Java\javapath;C:\ProgramData\Oracle\Java\javapath;C:\Windows\system32;C:\Windows;C:\Windows\System32\Wbem;C:\Windows\System32\WindowsPowerShell\v1.0\;C:\Program Files\Git\cmd;C:\Program Files\nodejs\;C:\xampp\php;C:\ProgramData\ComposerSetup\bin;C:\Program Files\SourceGear\Common\DiffMerge\;C:\Program Files (x86)\GtkSharp\2.12\bin;C:\Users\FliaMejias\AppData\Local\Microsoft\WindowsApps;C:\Program Files\Microsoft VS Code\bin;C:\Users\FliaMejias\AppData\Roaming\npm;C:\cygwin64\bin;C:\Users\FliaMejias\AppData\Roaming\Composer\vendor\bin
USERNAME=FliaMejias
OS=Windows_NT
PROCESSOR_IDENTIFIER=Intel64 Family 6 Model 58 Stepping 9, GenuineIntel



---------------  S Y S T E M  ---------------

OS: Windows 10.0 , 64 bit Build 16299 (10.0.16299.15)

CPU:total 4 (2 cores per cpu, 2 threads per core) family 6 model 58 stepping 9, cmov, cx8, fxsr, mmx, sse, sse2, sse3, ssse3, sse4.1, sse4.2, popcnt, avx, clmul, erms, ht, tsc, tscinvbit, tscinv

Memory: 4k page, physical 8282888k(3881328k free), swap 15436100k(5179160k free)

vm_info: Java HotSpot(TM) 64-Bit Server VM (25.111-b14) for windows-amd64 JRE (1.8.0_111-b14), built on Sep 22 2016 19:24:05 by "java_re" with MS VC++ 10.0 (VS2010)

time: Sun Jun 24 10:16:07 2018
elapsed time: 31 seconds (0d 0h 0m 31s)

