#
# A fatal error has been detected by the Java Runtime Environment:
#
#  EXCEPTION_ACCESS_VIOLATION (0xc0000005) at pc=0x000000005e8b51c0, pid=7360, tid=0x0000000000001b4c
#
# JRE version: Java(TM) SE Runtime Environment (8.0_111-b14) (build 1.8.0_111-b14)
# Java VM: Java HotSpot(TM) 64-Bit Server VM (25.111-b14 mixed mode windows-amd64 compressed oops)
# Problematic frame:
# V  [jvm.dll+0x2751c0]
#
# Failed to write core dump. Minidumps are not enabled by default on client versions of Windows
#
# If you would like to submit a bug report, please visit:
#   http://bugreport.java.com/bugreport/crash.jsp
#

---------------  T H R E A D  ---------------

Current thread (0x000000001bb71800):  JavaThread "AWT-EventQueue-0" [_thread_in_vm, id=6988, stack(0x000000001c720000,0x000000001c820000)]

siginfo: ExceptionCode=0xc0000005, reading address 0x0000000028203038

Registers:
RAX=0x00000000289f3e70, RBX=0x000000001bb71800, RCX=0x0000000028864668, RDX=0x0000000028203038
RSP=0x000000001c81c080, RBP=0x0000000000000000, RSI=0x0000000000032a00, RDI=0x0000000000000000
R8 =0x0000000000006540, R9 =0x0000000028831c70, R10=0x0000000005238b72, R11=0x00000000281d0640
R12=0x00000000281d0640, R13=0x0000000000000000, R14=0x0000000000032a00, R15=0x000000001bb71800
RIP=0x000000005e8b51c0, EFLAGS=0x0000000000010202

Top of Stack: (sp=0x000000001c81c080)
0x000000001c81c080:   0000000000000000 000000005e823750
0x000000001c81c090:   0000000000032a00 000000005e822d85
0x000000001c81c0a0:   000000001bb71800 000000005e823b57
0x000000001c81c0b0:   000000001c81c548 000000000530133c
0x000000001c81c0c0:   0000000000032a00 0000000004d479d7
0x000000001c81c0d0:   0000000018eb92b0 000000001c81c140
0x000000001c81c0e0:   0000000000000000 0000000005238bf0
0x000000001c81c0f0:   0000000000000000 00000000d7e60780
0x000000001c81c100:   000000001c81c160 0000000028831c70
0x000000001c81c110:   0000000000000000 0000000028831c70
0x000000001c81c120:   0000000000032a00 00000000d7e60780
0x000000001c81c130:   0000000000000000 00000000266b0838
0x000000001c81c140:   0000000000000000 0000000005376374
0x000000001c81c150:   0000000000000000 000000005e7875db
0x000000001c81c160:   000000001c81c548 000000000537a544
0x000000001c81c170:   000000001bb71800 0000000000000000 

Instructions: (pc=0x000000005e8b51c0)
0x000000005e8b51a0:   ef 48 83 c4 28 c3 4a 8d 54 c1 f8 4b 8d 4c c1 f8
0x000000005e8b51b0:   4d 85 c0 0f 84 9a 00 00 00 0f 1f 80 00 00 00 00
0x000000005e8b51c0:   48 8b 02 48 83 e9 08 48 83 ea 08 49 ff c8 48 89
0x000000005e8b51d0:   41 08 75 ec 48 83 c4 28 c3 a8 03 75 5a 49 c1 e8 


Register to memory mapping:

RAX=0x00000000289f3e70 is an unknown value
RBX=0x000000001bb71800 is a thread
RCX=0x0000000028864668 is an unknown value
RDX=0x0000000028203038 is an unknown value
RSP=0x000000001c81c080 is pointing into the stack for thread: 0x000000001bb71800
RBP=0x0000000000000000 is an unknown value
RSI=0x0000000000032a00 is an unknown value
RDI=0x0000000000000000 is an unknown value
R8 =0x0000000000006540 is an unknown value
R9 =0x0000000028831c70 is an unknown value
R10=0x0000000005238b72 is at entry_point+114 in (nmethod*)0x0000000005238990
R11=0x00000000281d0640 is an unknown value
R12=0x00000000281d0640 is an unknown value
R13=0x0000000000000000 is an unknown value
R14=0x0000000000032a00 is an unknown value
R15=0x000000001bb71800 is a thread


Stack: [0x000000001c720000,0x000000001c820000],  sp=0x000000001c81c080,  free space=1008k
Native frames: (J=compiled Java code, j=interpreted, Vv=VM code, C=native code)

Java frames: (J=compiled Java code, j=interpreted, Vv=VM code)
J 1914  sun.misc.Unsafe.copyMemory(Ljava/lang/Object;JLjava/lang/Object;JJ)V (0 bytes) @ 0x0000000005238b72 [0x0000000005238b00+0x72]
J 2294 C1 java.nio.DirectByteBuffer.put(Ljava/nio/ByteBuffer;)Ljava/nio/ByteBuffer; (269 bytes) @ 0x000000000537a544 [0x0000000005379960+0xbe4]
J 2178 C1 org.bytedeco.javacv.Frame.cloneBufferArray([Ljava/nio/Buffer;)[Ljava/nio/Buffer; (405 bytes) @ 0x000000000532fc84 [0x000000000532f620+0x664]
J 2291 C1 org.bytedeco.javacv.Frame.clone()Lorg/bytedeco/javacv/Frame; (112 bytes) @ 0x000000000537c5d4 [0x000000000537c420+0x1b4]
J 2274 C1 IEv4.Imagensish.<init>(Lorg/bytedeco/javacpp/opencv_core$Mat;I)V (36 bytes) @ 0x0000000004c935d4 [0x0000000004c932a0+0x334]
j  IEv4.DB.TileImage()V+68
j  IEv4.DB.GenerateMosaic()Lorg/bytedeco/javacpp/opencv_core$Mat;+1
j  IEv4.IEv4UI.ShowPhotoMosaicActionPerformed(Ljava/awt/event/ActionEvent;)V+47
j  IEv4.IEv4UI.access$1800(LIEv4/IEv4UI;Ljava/awt/event/ActionEvent;)V+2
j  IEv4.IEv4UI$19.actionPerformed(Ljava/awt/event/ActionEvent;)V+5
j  javax.swing.AbstractButton.fireActionPerformed(Ljava/awt/event/ActionEvent;)V+83
j  javax.swing.AbstractButton$Handler.actionPerformed(Ljava/awt/event/ActionEvent;)V+5
j  javax.swing.DefaultButtonModel.fireActionPerformed(Ljava/awt/event/ActionEvent;)V+34
j  javax.swing.DefaultButtonModel.setPressed(Z)V+117
j  javax.swing.plaf.basic.BasicButtonListener.mouseReleased(Ljava/awt/event/MouseEvent;)V+35
j  java.awt.Component.processMouseEvent(Ljava/awt/event/MouseEvent;)V+64
j  javax.swing.JComponent.processMouseEvent(Ljava/awt/event/MouseEvent;)V+23
J 1350 C1 java.awt.Component.processEvent(Ljava/awt/AWTEvent;)V (220 bytes) @ 0x000000000500225c [0x0000000005001d20+0x53c]
J 1176 C1 java.awt.Container.processEvent(Ljava/awt/AWTEvent;)V (22 bytes) @ 0x0000000004f8aeac [0x0000000004f8ab60+0x34c]
J 1175 C1 java.awt.Component.dispatchEventImpl(Ljava/awt/AWTEvent;)V (883 bytes) @ 0x0000000004f840cc [0x0000000004f7eb80+0x554c]
J 1037 C1 java.awt.Container.dispatchEventImpl(Ljava/awt/AWTEvent;)V (129 bytes) @ 0x0000000004f00e64 [0x0000000004f00d20+0x144]
J 1105 C1 java.awt.LightweightDispatcher.retargetMouseEvent(Ljava/awt/Component;ILjava/awt/event/MouseEvent;)V (350 bytes) @ 0x0000000004f5209c [0x0000000004f4fae0+0x25bc]
J 1173 C1 java.awt.LightweightDispatcher.processMouseEvent(Ljava/awt/event/MouseEvent;)Z (286 bytes) @ 0x0000000004f7c53c [0x0000000004f7adc0+0x177c]
J 1182 C1 java.awt.LightweightDispatcher.dispatchEvent(Ljava/awt/AWTEvent;)Z (73 bytes) @ 0x0000000004f8f8b4 [0x0000000004f8f480+0x434]
J 1037 C1 java.awt.Container.dispatchEventImpl(Ljava/awt/AWTEvent;)V (129 bytes) @ 0x0000000004f00e04 [0x0000000004f00d20+0xe4]
J 1328 C1 java.awt.Window.dispatchEventImpl(Ljava/awt/AWTEvent;)V (23 bytes) @ 0x000000000500faec [0x000000000500f500+0x5ec]
J 1035 C1 java.awt.EventQueue.dispatchEventImpl(Ljava/awt/AWTEvent;Ljava/lang/Object;)V (149 bytes) @ 0x0000000004effa74 [0x0000000004efe200+0x1874]
J 1033 C1 java.awt.EventQueue$3.run()Ljava/lang/Void; (60 bytes) @ 0x0000000004efc75c [0x0000000004efc540+0x21c]
J 781 C1 java.awt.EventQueue$3.run()Ljava/lang/Object; (5 bytes) @ 0x0000000004e35e54 [0x0000000004e35dc0+0x94]
v  ~StubRoutines::call_stub
J 748  java.security.AccessController.doPrivileged(Ljava/security/PrivilegedAction;Ljava/security/AccessControlContext;)Ljava/lang/Object; (0 bytes) @ 0x0000000004e24f66 [0x0000000004e24f00+0x66]
J 1070 C1 java.awt.EventQueue$4.run()Ljava/lang/Object; (5 bytes) @ 0x0000000004f35f3c [0x0000000004f35b00+0x43c]
v  ~StubRoutines::call_stub
J 748  java.security.AccessController.doPrivileged(Ljava/security/PrivilegedAction;Ljava/security/AccessControlContext;)Ljava/lang/Object; (0 bytes) @ 0x0000000004e24f66 [0x0000000004e24f00+0x66]
J 779 C1 java.awt.EventQueue.dispatchEvent(Ljava/awt/AWTEvent;)V (80 bytes) @ 0x0000000004e34864 [0x0000000004e339c0+0xea4]
J 783 C1 java.awt.EventDispatchThread.pumpOneEventForFilters(I)V (295 bytes) @ 0x0000000004e3856c [0x0000000004e36960+0x1c0c]
j  java.awt.EventDispatchThread.pumpEventsForFilter(ILjava/awt/Conditional;Ljava/awt/EventFilter;)V+35
j  java.awt.EventDispatchThread.pumpEventsForHierarchy(ILjava/awt/Conditional;Ljava/awt/Component;)V+11
j  java.awt.EventDispatchThread.pumpEvents(ILjava/awt/Conditional;)V+4
j  java.awt.EventDispatchThread.pumpEvents(Ljava/awt/Conditional;)V+3
j  java.awt.EventDispatchThread.run()V+9
v  ~StubRoutines::call_stub

---------------  P R O C E S S  ---------------

Java Threads: ( => current thread )
  0x000000001ee53000 JavaThread "JavaCPP Deallocator" daemon [_thread_blocked, id=6072, stack(0x00000000213c0000,0x00000000214c0000)]
  0x000000001bd27000 JavaThread "Swing-Shell" daemon [_thread_blocked, id=15188, stack(0x000000001e410000,0x000000001e510000)]
  0x000000001bc67000 JavaThread "TimerQueue" daemon [_thread_blocked, id=14088, stack(0x000000001cf20000,0x000000001d020000)]
  0x000000001bb7c000 JavaThread "org.netbeans.modules.debugger.jpda.visual AWT Access Loop" daemon [_thread_blocked, id=12472, stack(0x000000001c820000,0x000000001c920000)]
  0x0000000004a72800 JavaThread "DestroyJavaVM" [_thread_blocked, id=13880, stack(0x0000000004970000,0x0000000004a70000)]
=>0x000000001bb71800 JavaThread "AWT-EventQueue-0" [_thread_in_vm, id=6988, stack(0x000000001c720000,0x000000001c820000)]
  0x000000001bb2c800 JavaThread "AWT-Windows" daemon [_thread_in_native, id=720, stack(0x000000001c4b0000,0x000000001c5b0000)]
  0x000000001bb2b800 JavaThread "AWT-Shutdown" [_thread_blocked, id=2988, stack(0x000000001c3b0000,0x000000001c4b0000)]
  0x000000001bb2b000 JavaThread "Java2D Disposer" daemon [_thread_blocked, id=1244, stack(0x000000001c2b0000,0x000000001c3b0000)]
  0x000000001975e800 JavaThread "Service Thread" daemon [_thread_blocked, id=10464, stack(0x000000001b770000,0x000000001b870000)]
  0x000000001b298800 JavaThread "C1 CompilerThread2" daemon [_thread_blocked, id=1816, stack(0x000000001b670000,0x000000001b770000)]
  0x000000001972c000 JavaThread "C2 CompilerThread1" daemon [_thread_blocked, id=988, stack(0x000000001b170000,0x000000001b270000)]
  0x000000001972b000 JavaThread "C2 CompilerThread0" daemon [_thread_blocked, id=13744, stack(0x000000001b070000,0x000000001b170000)]
  0x000000001971a000 JavaThread "JDWP Command Reader" daemon [_thread_in_native, id=12636, stack(0x000000001af70000,0x000000001b070000)]
  0x0000000019716800 JavaThread "JDWP Event Helper Thread" daemon [_thread_blocked, id=3448, stack(0x000000001ae70000,0x000000001af70000)]
  0x0000000019707800 JavaThread "JDWP Transport Listener: dt_shmem" daemon [_thread_blocked, id=12936, stack(0x000000001ad70000,0x000000001ae70000)]
  0x00000000196fe800 JavaThread "Attach Listener" daemon [_thread_blocked, id=14584, stack(0x000000001ac50000,0x000000001ad50000)]
  0x00000000196fd000 JavaThread "Signal Dispatcher" daemon [_thread_blocked, id=14152, stack(0x000000001ab50000,0x000000001ac50000)]
  0x00000000196ea000 JavaThread "Finalizer" daemon [_thread_blocked, id=8300, stack(0x000000001a950000,0x000000001aa50000)]
  0x0000000004b62000 JavaThread "Reference Handler" daemon [_thread_blocked, id=10308, stack(0x000000001a850000,0x000000001a950000)]

Other Threads:
  0x00000000196c7000 VMThread [stack: 0x000000001a750000,0x000000001a850000] [id=2544]
  0x000000001b2a2800 WatcherThread [stack: 0x000000001b870000,0x000000001b970000] [id=6908]

VM state:not at safepoint (normal execution)

VM Mutex/Monitor currently owned by a thread: None

Heap:
 PSYoungGen      total 38400K, used 32957K [0x00000000d5d80000, 0x00000000dad80000, 0x0000000100000000)
  eden space 33280K, 88% used [0x00000000d5d80000,0x00000000d7a59768,0x00000000d7e00000)
  from space 5120K, 66% used [0x00000000d7e00000,0x00000000d8155d08,0x00000000d8300000)
  to   space 7680K, 0% used [0x00000000da600000,0x00000000da600000,0x00000000dad80000)
 ParOldGen       total 87552K, used 9605K [0x0000000081800000, 0x0000000086d80000, 0x00000000d5d80000)
  object space 87552K, 10% used [0x0000000081800000,0x0000000082161758,0x0000000086d80000)
 Metaspace       used 19247K, capacity 19506K, committed 19584K, reserved 1067008K
  class space    used 2336K, capacity 2419K, committed 2432K, reserved 1048576K

Card table byte_map: [0x0000000013f40000,0x0000000014340000] byte_map_base: 0x0000000013b34000

Marking Bits: (ParMarkBitMap*) 0x000000005ee5a6c0
 Begin Bits: [0x00000000149f0000, 0x0000000016990000)
 End Bits:   [0x0000000016990000, 0x0000000018930000)

Polling page: 0x0000000004830000

CodeCache: size=245760Kb used=8212Kb max_used=8212Kb free=237547Kb
 bounds [0x0000000004b80000, 0x0000000005390000, 0x0000000013b80000]
 total_blobs=2890 nmethods=2253 adapters=556
 compilation: enabled

Compilation events (10 events):
Event: 29.405 Thread 0x000000001b298800 2304       3       org.bytedeco.javacv.Java2DFrameConverter::getBufferedImage (686 bytes)
Event: 29.409 Thread 0x000000001b298800 nmethod 2304 0x0000000005382450 code [0x0000000005382940, 0x00000000053855e8]
Event: 29.409 Thread 0x000000001b298800 2305       3       org.bytedeco.javacv.Java2DFrameConverter::getBufferedImageType (111 bytes)
Event: 29.409 Thread 0x000000001b298800 nmethod 2305 0x000000000537ec90 code [0x000000000537ee00, 0x000000000537f230]
Event: 29.409 Thread 0x000000001b298800 2306       3       org.bytedeco.javacv.Java2DFrameConverter::copy (624 bytes)
Event: 29.413 Thread 0x000000001b298800 nmethod 2306 0x00000000053871d0 code [0x0000000005387720, 0x000000000538b818]
Event: 29.413 Thread 0x000000001b298800 2307       3       java.awt.image.BufferedImage::getSampleModel (8 bytes)
Event: 29.414 Thread 0x000000001b298800 nmethod 2307 0x000000000537e890 code [0x000000000537e9e0, 0x000000000537ebd0]
Event: 29.414 Thread 0x000000001b298800 2308       3       java.awt.image.DataBufferByte::getData (12 bytes)
Event: 29.414 Thread 0x000000001b298800 nmethod 2308 0x000000000537df90 code [0x000000000537e120, 0x000000000537e668]

GC Heap History (10 events):
Event: 21.098 GC heap before
{Heap before GC invocations=1 (full 0):
 PSYoungGen      total 38400K, used 33280K [0x00000000d5d80000, 0x00000000d8800000, 0x0000000100000000)
  eden space 33280K, 100% used [0x00000000d5d80000,0x00000000d7e00000,0x00000000d7e00000)
  from space 5120K, 0% used [0x00000000d8300000,0x00000000d8300000,0x00000000d8800000)
  to   space 5120K, 0% used [0x00000000d7e00000,0x00000000d7e00000,0x00000000d8300000)
 ParOldGen       total 87552K, used 0K [0x0000000081800000, 0x0000000086d80000, 0x00000000d5d80000)
  object space 87552K, 0% used [0x0000000081800000,0x0000000081800000,0x0000000086d80000)
 Metaspace       used 16217K, capacity 16434K, committed 16512K, reserved 1062912K
  class space    used 2059K, capacity 2163K, committed 2176K, reserved 1048576K
Event: 21.106 GC heap after
Heap after GC invocations=1 (full 0):
 PSYoungGen      total 38400K, used 5091K [0x00000000d5d80000, 0x00000000d8800000, 0x0000000100000000)
  eden space 33280K, 0% used [0x00000000d5d80000,0x00000000d5d80000,0x00000000d7e00000)
  from space 5120K, 99% used [0x00000000d7e00000,0x00000000d82f8f08,0x00000000d8300000)
  to   space 5120K, 0% used [0x00000000d8300000,0x00000000d8300000,0x00000000d8800000)
 ParOldGen       total 87552K, used 926K [0x0000000081800000, 0x0000000086d80000, 0x00000000d5d80000)
  object space 87552K, 1% used [0x0000000081800000,0x00000000818e7878,0x0000000086d80000)
 Metaspace       used 16217K, capacity 16434K, committed 16512K, reserved 1062912K
  class space    used 2059K, capacity 2163K, committed 2176K, reserved 1048576K
}
Event: 23.605 GC heap before
{Heap before GC invocations=2 (full 0):
 PSYoungGen      total 38400K, used 38371K [0x00000000d5d80000, 0x00000000d8800000, 0x0000000100000000)
  eden space 33280K, 100% used [0x00000000d5d80000,0x00000000d7e00000,0x00000000d7e00000)
  from space 5120K, 99% used [0x00000000d7e00000,0x00000000d82f8f08,0x00000000d8300000)
  to   space 5120K, 0% used [0x00000000d8300000,0x00000000d8300000,0x00000000d8800000)
 ParOldGen       total 87552K, used 926K [0x0000000081800000, 0x0000000086d80000, 0x00000000d5d80000)
  object space 87552K, 1% used [0x0000000081800000,0x00000000818e7878,0x0000000086d80000)
 Metaspace       used 18560K, capacity 18770K, committed 19072K, reserved 1067008K
  class space    used 2313K, capacity 2387K, committed 2432K, reserved 1048576K
Event: 23.612 GC heap after
Heap after GC invocations=2 (full 0):
 PSYoungGen      total 38400K, used 5091K [0x00000000d5d80000, 0x00000000d8800000, 0x0000000100000000)
  eden space 33280K, 0% used [0x00000000d5d80000,0x00000000d5d80000,0x00000000d7e00000)
  from space 5120K, 99% used [0x00000000d8300000,0x00000000d87f8f08,0x00000000d8800000)
  to   space 5120K, 0% used [0x00000000d7e00000,0x00000000d7e00000,0x00000000d8300000)
 ParOldGen       total 87552K, used 1990K [0x0000000081800000, 0x0000000086d80000, 0x00000000d5d80000)
  object space 87552K, 2% used [0x0000000081800000,0x00000000819f1958,0x0000000086d80000)
 Metaspace       used 18560K, capacity 18770K, committed 19072K, reserved 1067008K
  class space    used 2313K, capacity 2387K, committed 2432K, reserved 1048576K
}
Event: 29.023 GC heap before
{Heap before GC invocations=3 (full 0):
 PSYoungGen      total 38400K, used 38371K [0x00000000d5d80000, 0x00000000d8800000, 0x0000000100000000)
  eden space 33280K, 100% used [0x00000000d5d80000,0x00000000d7e00000,0x00000000d7e00000)
  from space 5120K, 99% used [0x00000000d8300000,0x00000000d87f8f08,0x00000000d8800000)
  to   space 5120K, 0% used [0x00000000d7e00000,0x00000000d7e00000,0x00000000d8300000)
 ParOldGen       total 87552K, used 1990K [0x0000000081800000, 0x0000000086d80000, 0x00000000d5d80000)
  object space 87552K, 2% used [0x0000000081800000,0x00000000819f1958,0x0000000086d80000)
 Metaspace       used 19129K, capacity 19314K, committed 19584K, reserved 1067008K
  class space    used 2336K, capacity 2419K, committed 2432K, reserved 1048576K
Event: 29.030 GC heap after
Heap after GC invocations=3 (full 0):
 PSYoungGen      total 38400K, used 5114K [0x00000000d5d80000, 0x00000000d8800000, 0x0000000100000000)
  eden space 33280K, 0% used [0x00000000d5d80000,0x00000000d5d80000,0x00000000d7e00000)
  from space 5120K, 99% used [0x00000000d7e00000,0x00000000d82febf0,0x00000000d8300000)
  to   space 5120K, 0% used [0x00000000d8300000,0x00000000d8300000,0x00000000d8800000)
 ParOldGen       total 87552K, used 3050K [0x0000000081800000, 0x0000000086d80000, 0x00000000d5d80000)
  object space 87552K, 3% used [0x0000000081800000,0x0000000081afaaa0,0x0000000086d80000)
 Metaspace       used 19129K, capacity 19314K, committed 19584K, reserved 1067008K
  class space    used 2336K, capacity 2419K, committed 2432K, reserved 1048576K
}
Event: 29.179 GC heap before
{Heap before GC invocations=4 (full 0):
 PSYoungGen      total 38400K, used 38394K [0x00000000d5d80000, 0x00000000d8800000, 0x0000000100000000)
  eden space 33280K, 100% used [0x00000000d5d80000,0x00000000d7e00000,0x00000000d7e00000)
  from space 5120K, 99% used [0x00000000d7e00000,0x00000000d82febf0,0x00000000d8300000)
  to   space 5120K, 0% used [0x00000000d8300000,0x00000000d8300000,0x00000000d8800000)
 ParOldGen       total 87552K, used 3050K [0x0000000081800000, 0x0000000086d80000, 0x00000000d5d80000)
  object space 87552K, 3% used [0x0000000081800000,0x0000000081afaaa0,0x0000000086d80000)
 Metaspace       used 19187K, capacity 19378K, committed 19584K, reserved 1067008K
  class space    used 2336K, capacity 2419K, committed 2432K, reserved 1048576K
Event: 29.188 GC heap after
Heap after GC invocations=4 (full 0):
 PSYoungGen      total 38400K, used 3303K [0x00000000d5d80000, 0x00000000da880000, 0x0000000100000000)
  eden space 33280K, 0% used [0x00000000d5d80000,0x00000000d5d80000,0x00000000d7e00000)
  from space 5120K, 64% used [0x00000000d8300000,0x00000000d8639d18,0x00000000d8800000)
  to   space 5120K, 0% used [0x00000000d7e00000,0x00000000d7e00000,0x00000000d8300000)
 ParOldGen       total 87552K, used 9597K [0x0000000081800000, 0x0000000086d80000, 0x00000000d5d80000)
  object space 87552K, 10% used [0x0000000081800000,0x000000008215f758,0x0000000086d80000)
 Metaspace       used 19187K, capacity 19378K, committed 19584K, reserved 1067008K
  class space    used 2336K, capacity 2419K, committed 2432K, reserved 1048576K
}
Event: 29.333 GC heap before
{Heap before GC invocations=5 (full 0):
 PSYoungGen      total 38400K, used 36583K [0x00000000d5d80000, 0x00000000da880000, 0x0000000100000000)
  eden space 33280K, 100% used [0x00000000d5d80000,0x00000000d7e00000,0x00000000d7e00000)
  from space 5120K, 64% used [0x00000000d8300000,0x00000000d8639d18,0x00000000d8800000)
  to   space 5120K, 0% used [0x00000000d7e00000,0x00000000d7e00000,0x00000000d8300000)
 ParOldGen       total 87552K, used 9597K [0x0000000081800000, 0x0000000086d80000, 0x00000000d5d80000)
  object space 87552K, 10% used [0x0000000081800000,0x000000008215f758,0x0000000086d80000)
 Metaspace       used 19233K, capacity 19442K, committed 19584K, reserved 1067008K
  class space    used 2336K, capacity 2419K, committed 2432K, reserved 1048576K
Event: 29.339 GC heap after
Heap after GC invocations=5 (full 0):
 PSYoungGen      total 38400K, used 3415K [0x00000000d5d80000, 0x00000000dad80000, 0x0000000100000000)
  eden space 33280K, 0% used [0x00000000d5d80000,0x00000000d5d80000,0x00000000d7e00000)
  from space 5120K, 66% used [0x00000000d7e00000,0x00000000d8155d08,0x00000000d8300000)
  to   space 7680K, 0% used [0x00000000da600000,0x00000000da600000,0x00000000dad80000)
 ParOldGen       total 87552K, used 9605K [0x0000000081800000, 0x0000000086d80000, 0x00000000d5d80000)
  object space 87552K, 10% used [0x0000000081800000,0x0000000082161758,0x0000000086d80000)
 Metaspace       used 19233K, capacity 19442K, committed 19584K, reserved 1067008K
  class space    used 2336K, capacity 2419K, committed 2432K, reserved 1048576K
}

Deoptimization events (10 events):
Event: 8.840 Thread 0x000000001bb71800 Uncommon trap: reason=class_check action=maybe_recompile pc=0x0000000004d24054 method=java.lang.String.equals(Ljava/lang/Object;)Z @ 8
Event: 8.840 Thread 0x000000001bb71800 Uncommon trap: reason=class_check action=maybe_recompile pc=0x0000000004d24054 method=java.lang.String.equals(Ljava/lang/Object;)Z @ 8
Event: 8.840 Thread 0x000000001bb71800 Uncommon trap: reason=class_check action=maybe_recompile pc=0x0000000004d24054 method=java.lang.String.equals(Ljava/lang/Object;)Z @ 8
Event: 20.471 Thread 0x000000001bb71800 Uncommon trap: reason=unstable_if action=reinterpret pc=0x0000000004dee158 method=java.util.HashMap.getNode(ILjava/lang/Object;)Ljava/util/HashMap$Node; @ 62
Event: 20.472 Thread 0x000000001bb71800 Uncommon trap: reason=unstable_if action=reinterpret pc=0x0000000004dd8920 method=java.util.HashMap.getNode(ILjava/lang/Object;)Ljava/util/HashMap$Node; @ 62
Event: 20.498 Thread 0x000000001bb71800 Uncommon trap: reason=unstable_if action=reinterpret pc=0x0000000004fbe75c method=java.io.WinNTFileSystem.normalize(Ljava/lang/String;II)Ljava/lang/String; @ 8
Event: 23.142 Thread 0x000000001bb71800 Uncommon trap: reason=unstable_if action=reinterpret pc=0x000000000512a898 method=java.net.URI.match(CJJ)Z @ 19
Event: 23.959 Thread 0x000000001bb71800 Uncommon trap: reason=unstable_if action=reinterpret pc=0x000000000506978c method=java.awt.Component.getInputContext()Ljava/awt/im/InputContext; @ 6
Event: 27.086 Thread 0x000000001bb71800 Uncommon trap: reason=unstable_if action=reinterpret pc=0x00000000052b71a0 method=org.bytedeco.javacv.Java2DFrameConverter.flipCopyWithGamma(Ljava/nio/ByteBuffer;ILjava/nio/ByteBuffer;IZDZI)V @ 50
Event: 28.739 Thread 0x000000001bb71800 Uncommon trap: reason=unstable_if action=reinterpret pc=0x000000000524fbd8 method=sun.misc.URLClassPath$FileLoader.getResource(Ljava/lang/String;Z)Lsun/misc/Resource; @ 139

Internal exceptions (10 events):
Event: 4.125 Thread 0x0000000004a72800 Exception <a 'java/security/PrivilegedActionException'> (0x00000000d606c0e8) thrown at [C:\re\workspace\8-2-build-windows-amd64-cygwin\jdk8u111\7883\hotspot\src\share\vm\prims\jvm.cpp, line 1386]
Event: 4.125 Thread 0x0000000004a72800 Exception <a 'java/security/PrivilegedActionException'> (0x00000000d606c2f8) thrown at [C:\re\workspace\8-2-build-windows-amd64-cygwin\jdk8u111\7883\hotspot\src\share\vm\prims\jvm.cpp, line 1386]
Event: 4.305 Thread 0x0000000004a72800 Exception <a 'java/lang/NoSuchFieldError': method resolution failed> (0x00000000d614ce50) thrown at [C:\re\workspace\8-2-build-windows-amd64-cygwin\jdk8u111\7883\hotspot\src\share\vm\prims\methodHandles.cpp, line 1146]
Event: 4.309 Thread 0x0000000004a72800 Exception <a 'java/lang/NoSuchFieldError': method resolution failed> (0x00000000d615a250) thrown at [C:\re\workspace\8-2-build-windows-amd64-cygwin\jdk8u111\7883\hotspot\src\share\vm\prims\methodHandles.cpp, line 1146]
Event: 4.403 Thread 0x0000000004a72800 Exception <a 'java/security/PrivilegedActionException'> (0x00000000d61e6570) thrown at [C:\re\workspace\8-2-build-windows-amd64-cygwin\jdk8u111\7883\hotspot\src\share\vm\prims\jvm.cpp, line 1386]
Event: 4.404 Thread 0x0000000004a72800 Exception <a 'java/security/PrivilegedActionException'> (0x00000000d61e6780) thrown at [C:\re\workspace\8-2-build-windows-amd64-cygwin\jdk8u111\7883\hotspot\src\share\vm\prims\jvm.cpp, line 1386]
Event: 4.405 Thread 0x0000000004a72800 Exception <a 'java/security/PrivilegedActionException'> (0x00000000d61ea668) thrown at [C:\re\workspace\8-2-build-windows-amd64-cygwin\jdk8u111\7883\hotspot\src\share\vm\prims\jvm.cpp, line 1386]
Event: 4.405 Thread 0x0000000004a72800 Exception <a 'java/security/PrivilegedActionException'> (0x00000000d61ea878) thrown at [C:\re\workspace\8-2-build-windows-amd64-cygwin\jdk8u111\7883\hotspot\src\share\vm\prims\jvm.cpp, line 1386]
Event: 4.415 Thread 0x0000000004a72800 Exception <a 'java/io/FileNotFoundException'> (0x00000000d61eccb0) thrown at [C:\re\workspace\8-2-build-windows-amd64-cygwin\jdk8u111\7883\hotspot\src\share\vm\prims\jni.cpp, line 709]
Event: 5.026 Thread 0x000000001bb71800 Exception <a 'java/io/FileNotFoundException'> (0x00000000d63ea180) thrown at [C:\re\workspace\8-2-build-windows-amd64-cygwin\jdk8u111\7883\hotspot\src\share\vm\prims\jni.cpp, line 709]

Events (10 events):
Event: 29.193 Thread 0x000000001b298800 flushing nmethod 0x0000000004dc17d0
Event: 29.196 Thread 0x000000001b298800 flushing nmethod 0x0000000004dd12d0
Event: 29.196 Thread 0x000000001b298800 flushing nmethod 0x0000000004dd2d90
Event: 29.197 Thread 0x000000001b298800 flushing nmethod 0x0000000004df8a50
Event: 29.197 Thread 0x000000001b298800 flushing nmethod 0x0000000004dfd790
Event: 29.197 Thread 0x000000001b298800 flushing nmethod 0x0000000004e04f50
Event: 29.197 Thread 0x000000001b298800 flushing nmethod 0x0000000004e0cf90
Event: 29.197 Thread 0x000000001b298800 flushing nmethod 0x0000000004e23110
Event: 29.333 Executing VM operation: ParallelGCFailedAllocation
Event: 29.339 Executing VM operation: ParallelGCFailedAllocation done


Dynamic libraries:
0x00007ff6bdd40000 - 0x00007ff6bdd77000 	C:\Program Files\Java\jdk1.8.0_111\bin\java.exe
0x00007ffdc6080000 - 0x00007ffdc6260000 	C:\Windows\SYSTEM32\ntdll.dll
0x00007ffdc3700000 - 0x00007ffdc37ae000 	C:\Windows\System32\KERNEL32.DLL
0x00007ffdc2860000 - 0x00007ffdc2ac6000 	C:\Windows\System32\KERNELBASE.dll
0x00007ffdc35b0000 - 0x00007ffdc3651000 	C:\Windows\System32\ADVAPI32.dll
0x00007ffdc5880000 - 0x00007ffdc591d000 	C:\Windows\System32\msvcrt.dll
0x00007ffdc56d0000 - 0x00007ffdc572b000 	C:\Windows\System32\sechost.dll
0x00007ffdc5f30000 - 0x00007ffdc604f000 	C:\Windows\System32\RPCRT4.dll
0x00007ffdc5da0000 - 0x00007ffdc5f2f000 	C:\Windows\System32\USER32.dll
0x00007ffdc2bf0000 - 0x00007ffdc2c10000 	C:\Windows\System32\win32u.dll
0x00007ffdc4ed0000 - 0x00007ffdc4ef8000 	C:\Windows\System32\GDI32.dll
0x00007ffdc33b0000 - 0x00007ffdc3544000 	C:\Windows\System32\gdi32full.dll
0x00007ffdc2ad0000 - 0x00007ffdc2b6b000 	C:\Windows\System32\msvcp_win.dll
0x00007ffdc2760000 - 0x00007ffdc2856000 	C:\Windows\System32\ucrtbase.dll
0x00007ffdb2be0000 - 0x00007ffdb2e49000 	C:\Windows\WinSxS\amd64_microsoft.windows.common-controls_6595b64144ccf1df_6.0.16299.64_none_cc9304e22215ca8f\COMCTL32.dll
0x00007ffdc5350000 - 0x00007ffdc5658000 	C:\Windows\System32\combase.dll
0x00007ffdc2b70000 - 0x00007ffdc2be2000 	C:\Windows\System32\bcryptPrimitives.dll
0x00007ffdc3810000 - 0x00007ffdc383d000 	C:\Windows\System32\IMM32.DLL
0x000000005f740000 - 0x000000005f812000 	C:\Program Files\Java\jdk1.8.0_111\jre\bin\msvcr100.dll
0x000000005e640000 - 0x000000005eeda000 	C:\Program Files\Java\jdk1.8.0_111\jre\bin\server\jvm.dll
0x00007ffdc59a0000 - 0x00007ffdc59a8000 	C:\Windows\System32\PSAPI.DLL
0x00007ffdbf550000 - 0x00007ffdbf559000 	C:\Windows\SYSTEM32\WSOCK32.dll
0x00007ffdc5660000 - 0x00007ffdc56cc000 	C:\Windows\System32\WS2_32.dll
0x00007ffdb4690000 - 0x00007ffdb469a000 	C:\Windows\SYSTEM32\VERSION.dll
0x00007ffdbf560000 - 0x00007ffdbf583000 	C:\Windows\SYSTEM32\WINMM.dll
0x00007ffdbee90000 - 0x00007ffdbeeba000 	C:\Windows\SYSTEM32\WINMMBASE.dll
0x00007ffdc3360000 - 0x00007ffdc33aa000 	C:\Windows\System32\cfgmgr32.dll
0x000000005f110000 - 0x000000005f11f000 	C:\Program Files\Java\jdk1.8.0_111\jre\bin\verify.dll
0x000000005f0e0000 - 0x000000005f109000 	C:\Program Files\Java\jdk1.8.0_111\jre\bin\java.dll
0x000000005d610000 - 0x000000005d645000 	C:\Program Files\Java\jdk1.8.0_111\jre\bin\jdwp.dll
0x000000005d600000 - 0x000000005d608000 	C:\Program Files\Java\jdk1.8.0_111\jre\bin\npt.dll
0x000000005f0c0000 - 0x000000005f0d6000 	C:\Program Files\Java\jdk1.8.0_111\jre\bin\zip.dll
0x00007ffdc38c0000 - 0x00007ffdc4cf7000 	C:\Windows\System32\SHELL32.dll
0x00007ffdc4d10000 - 0x00007ffdc4db6000 	C:\Windows\System32\shcore.dll
0x00007ffdc2c10000 - 0x00007ffdc3357000 	C:\Windows\System32\windows.storage.dll
0x00007ffdc3840000 - 0x00007ffdc3891000 	C:\Windows\System32\shlwapi.dll
0x00007ffdc23d0000 - 0x00007ffdc23e1000 	C:\Windows\System32\kernel.appcore.dll
0x00007ffdc2430000 - 0x00007ffdc247c000 	C:\Windows\System32\powrprof.dll
0x00007ffdc23f0000 - 0x00007ffdc240b000 	C:\Windows\System32\profapi.dll
0x000000005d650000 - 0x000000005d65b000 	C:\Program Files\Java\jdk1.8.0_111\jre\bin\dt_shmem.dll
0x000000005e460000 - 0x000000005e5f8000 	C:\Program Files\Java\jdk1.8.0_111\jre\bin\awt.dll
0x00007ffdc59b0000 - 0x00007ffdc5a75000 	C:\Windows\System32\OLEAUT32.dll
0x00007ffdc0890000 - 0x00007ffdc0917000 	C:\Windows\SYSTEM32\apphelp.dll
0x00007ffdc0a10000 - 0x00007ffdc0aa5000 	C:\Windows\system32\uxtheme.dll
0x00007ffdc5c30000 - 0x00007ffdc5d97000 	C:\Windows\System32\MSCTF.dll
0x00007ffdc0c80000 - 0x00007ffdc0caa000 	C:\Windows\system32\dwmapi.dll
0x00007ffdc5730000 - 0x00007ffdc5879000 	C:\Windows\System32\ole32.dll
0x000000005e410000 - 0x000000005e457000 	C:\Program Files\Java\jdk1.8.0_111\jre\bin\fontmanager.dll
0x000000005e620000 - 0x000000005e63a000 	C:\Program Files\Java\jdk1.8.0_111\jre\bin\net.dll
0x00007ffdc1c60000 - 0x00007ffdc1cc6000 	C:\Windows\system32\mswsock.dll
0x000000005e600000 - 0x000000005e611000 	C:\Program Files\Java\jdk1.8.0_111\jre\bin\nio.dll
0x000000005e3c0000 - 0x000000005e402000 	C:\Program Files\Java\jdk1.8.0_111\jre\bin\t2k.dll
0x00007ffdc3660000 - 0x00007ffdc36fe000 	C:\Windows\System32\clbcatq.dll
0x00007ffdb0860000 - 0x00007ffdb0a0b000 	C:\Windows\SYSTEM32\WindowsCodecs.dll
0x00007ffdad200000 - 0x00007ffdad24f000 	C:\Windows\system32\dataexchange.dll
0x00007ffdc0360000 - 0x00007ffdc04a2000 	C:\Windows\system32\dcomp.dll
0x00007ffdbf9d0000 - 0x00007ffdbfcb2000 	C:\Windows\system32\d3d11.dll
0x00007ffdc1240000 - 0x00007ffdc12ef000 	C:\Windows\system32\dxgi.dll
0x00007ffdc0d70000 - 0x00007ffdc0eeb000 	C:\Windows\system32\twinapi.appcore.dll
0x00007ffdc0ef0000 - 0x00007ffdc0f10000 	C:\Windows\system32\RMCLIENT.dll
0x00007ffdc1f30000 - 0x00007ffdc1f55000 	C:\Windows\system32\bcrypt.dll
0x00007ffdbbbc0000 - 0x00007ffdbbc58000 	C:\Windows\System32\TextInputFramework.dll
0x00007ffdb80f0000 - 0x00007ffdb83de000 	C:\Windows\System32\CoreUIComponents.dll
0x00007ffdc0280000 - 0x00007ffdc035d000 	C:\Windows\System32\CoreMessaging.dll
0x00007ffdc1510000 - 0x00007ffdc1541000 	C:\Windows\SYSTEM32\ntmarta.dll
0x00007ffdbeb70000 - 0x00007ffdbeca6000 	C:\Windows\SYSTEM32\wintypes.dll
0x00007ffdb1460000 - 0x00007ffdb1506000 	C:\Windows\WinSxS\amd64_microsoft.windows.common-controls_6595b64144ccf1df_5.82.16299.64_none_e47b13aa03396f3a\comctl32.dll
0x00007ffdbe3c0000 - 0x00007ffdbe571000 	C:\Windows\SYSTEM32\PROPSYS.dll
0x00007ffdb65c0000 - 0x00007ffdb6bb4000 	C:\Windows\System32\OneCoreUAPCommonProxyStub.dll
0x00007ffda4d50000 - 0x00007ffda4e77000 	C:\Windows\system32\NetworkExplorer.dll
0x00007ffdb63a0000 - 0x00007ffdb63bb000 	C:\Windows\SYSTEM32\MPR.dll
0x00007ffdbee70000 - 0x00007ffdbee7b000 	C:\Windows\System32\drprov.dll
0x00007ffdc18b0000 - 0x00007ffdc1905000 	C:\Windows\System32\WINSTA.dll
0x00007ffdbcd80000 - 0x00007ffdbcd96000 	C:\Windows\System32\ntlanman.dll
0x00007ffdb47f0000 - 0x00007ffdb480c000 	C:\Windows\System32\davclnt.dll
0x00007ffdbf520000 - 0x00007ffdbf52c000 	C:\Windows\System32\DAVHLPR.dll
0x00007ffdbeef0000 - 0x00007ffdbef07000 	C:\Windows\System32\wkscli.dll
0x00007ffdadc70000 - 0x00007ffdadc82000 	C:\Windows\SYSTEM32\cscapi.dll
0x00007ffdadff0000 - 0x00007ffdae03a000 	C:\Windows\System32\dlnashext.dll
0x00007ffdb1640000 - 0x00007ffdb16a3000 	C:\Windows\System32\PlayToDevice.dll
0x00007ffdb23c0000 - 0x00007ffdb23df000 	C:\Windows\System32\DevDispItemProvider.dll
0x00007ffdbe580000 - 0x00007ffdbe5ef000 	C:\Windows\System32\MMDevApi.dll
0x00007ffdc21e0000 - 0x00007ffdc2207000 	C:\Windows\System32\DEVOBJ.dll
0x00007ffda1080000 - 0x00007ffda125f000 	C:\Windows\system32\wpdshext.dll
0x00007ffda9a30000 - 0x00007ffda9bcc000 	C:\Windows\WinSxS\amd64_microsoft.windows.gdiplus_6595b64144ccf1df_1.1.16299.64_none_4c5a740035ade6b7\gdiplus.dll
0x00007ffda6a20000 - 0x00007ffda6ac0000 	C:\Windows\System32\PortableDeviceApi.dll
0x00007ffdc4f00000 - 0x00007ffdc534e000 	C:\Windows\System32\SETUPAPI.dll
0x00007ffdc2700000 - 0x00007ffdc2758000 	C:\Windows\System32\WINTRUST.dll
0x00007ffdc2410000 - 0x00007ffdc2422000 	C:\Windows\System32\MSASN1.dll
0x00007ffdc2480000 - 0x00007ffdc264e000 	C:\Windows\System32\CRYPT32.dll
0x00007ffda6b10000 - 0x00007ffda6b42000 	C:\Windows\System32\PortableDeviceTypes.dll
0x00007ffda9be0000 - 0x00007ffda9c16000 	C:\Windows\System32\EhStorShell.dll
0x00007ffdbb5a0000 - 0x00007ffdbb5c5000 	C:\Windows\System32\EhStorAPI.dll
0x00007ffdbede0000 - 0x00007ffdbedf3000 	C:\Windows\System32\WTSAPI32.dll
0x00007ffdb48c0000 - 0x00007ffdb48d0000 	C:\Windows\SYSTEM32\LINKINFO.dll
0x00007ffdb1390000 - 0x00007ffdb1457000 	C:\Users\FliaMejias\.javacpp\cache\ffmpeg-windows-x86_64.jar\org\bytedeco\javacpp\windows-x86_64\avutil-55.dll
0x000000006fe00000 - 0x000000006fed2000 	C:\Users\FliaMejias\.javacpp\cache\ffmpeg-windows-x86_64.jar\org\bytedeco\javacpp\windows-x86_64\jniavutil.dll
0x00007ffdb17e0000 - 0x00007ffdb1808000 	C:\Users\FliaMejias\.javacpp\cache\ffmpeg-windows-x86_64.jar\org\bytedeco\javacpp\windows-x86_64\swresample-2.dll
0x0000000070080000 - 0x00000000700ae000 	C:\Users\FliaMejias\.javacpp\cache\ffmpeg-windows-x86_64.jar\org\bytedeco\javacpp\windows-x86_64\jniswresample.dll
0x00007ffd95f10000 - 0x00007ffd97eb9000 	C:\Users\FliaMejias\.javacpp\cache\ffmpeg-windows-x86_64.jar\org\bytedeco\javacpp\windows-x86_64\avcodec-57.dll
0x000000006a1c0000 - 0x000000006a44d000 	C:\Users\FliaMejias\.javacpp\cache\ffmpeg-windows-x86_64.jar\org\bytedeco\javacpp\windows-x86_64\jniavcodec.dll
0x00007ffd9c2b0000 - 0x00007ffd9c6fd000 	C:\Users\FliaMejias\.javacpp\cache\ffmpeg-windows-x86_64.jar\org\bytedeco\javacpp\windows-x86_64\avformat-57.dll
0x00007ffdbab50000 - 0x00007ffdbab5c000 	C:\Windows\SYSTEM32\Secur32.dll
0x00007ffdc2300000 - 0x00007ffdc2330000 	C:\Windows\SYSTEM32\SSPICLI.DLL
0x000000006abc0000 - 0x000000006ad0a000 	C:\Users\FliaMejias\.javacpp\cache\ffmpeg-windows-x86_64.jar\org\bytedeco\javacpp\windows-x86_64\jniavformat.dll
0x00007ffda72a0000 - 0x00007ffda7334000 	C:\Users\FliaMejias\.javacpp\cache\ffmpeg-windows-x86_64.jar\org\bytedeco\javacpp\windows-x86_64\swscale-4.dll
0x0000000067cc0000 - 0x0000000067cf6000 	C:\Users\FliaMejias\.javacpp\cache\ffmpeg-windows-x86_64.jar\org\bytedeco\javacpp\windows-x86_64\jniswscale.dll
0x00007ffdb1320000 - 0x00007ffdb134a000 	C:\Users\FliaMejias\.javacpp\cache\ffmpeg-windows-x86_64.jar\org\bytedeco\javacpp\windows-x86_64\postproc-54.dll
0x000000006a0c0000 - 0x000000006a0ec000 	C:\Users\FliaMejias\.javacpp\cache\ffmpeg-windows-x86_64.jar\org\bytedeco\javacpp\windows-x86_64\jnipostproc.dll
0x00007ffda3170000 - 0x00007ffda34c9000 	C:\Users\FliaMejias\.javacpp\cache\ffmpeg-windows-x86_64.jar\org\bytedeco\javacpp\windows-x86_64\avfilter-6.dll
0x0000000064400000 - 0x0000000064478000 	C:\Users\FliaMejias\.javacpp\cache\ffmpeg-windows-x86_64.jar\org\bytedeco\javacpp\windows-x86_64\jniavfilter.dll
0x00007ffdb12f0000 - 0x00007ffdb131d000 	C:\Users\FliaMejias\.javacpp\cache\ffmpeg-windows-x86_64.jar\org\bytedeco\javacpp\windows-x86_64\avdevice-57.dll
0x00007ffdb2ba0000 - 0x00007ffdb2bb8000 	C:\Windows\SYSTEM32\AVICAP32.dll
0x00007ffdb1260000 - 0x00007ffdb1289000 	C:\Windows\SYSTEM32\MSVFW32.dll
0x000000001e5a0000 - 0x000000001e5d9000 	C:\Users\FliaMejias\.javacpp\cache\ffmpeg-windows-x86_64.jar\org\bytedeco\javacpp\windows-x86_64\jniavdevice.dll
0x00007ffda46c0000 - 0x00007ffda4711000 	C:\Users\FliaMejias\.javacpp\cache\opencv-windows-x86_64.jar\org\bytedeco\javacpp\windows-x86_64\concrt140.dll
0x00007ffdb12d0000 - 0x00007ffdb12e6000 	C:\Windows\SYSTEM32\VCRUNTIME140.dll
0x00007ffda35f0000 - 0x00007ffda3696000 	C:\Windows\SYSTEM32\MSVCP140.dll
0x00007ffda3800000 - 0x00007ffda389d000 	C:\Users\FliaMejias\.javacpp\cache\opencv-windows-x86_64.jar\org\bytedeco\javacpp\windows-x86_64\msvcp140.dll
0x00007ffdb1240000 - 0x00007ffdb1257000 	C:\Users\FliaMejias\.javacpp\cache\opencv-windows-x86_64.jar\org\bytedeco\javacpp\windows-x86_64\vcruntime140.dll
0x000000001e5e0000 - 0x000000001e5e3000 	C:\Users\FliaMejias\.javacpp\cache\opencv-windows-x86_64.jar\org\bytedeco\javacpp\windows-x86_64\api-ms-win-crt-locale-l1-1-0.dll
0x000000001e5f0000 - 0x000000001e5f4000 	C:\Users\FliaMejias\.javacpp\cache\opencv-windows-x86_64.jar\org\bytedeco\javacpp\windows-x86_64\api-ms-win-crt-string-l1-1-0.dll
0x000000001e600000 - 0x000000001e604000 	C:\Users\FliaMejias\.javacpp\cache\opencv-windows-x86_64.jar\org\bytedeco\javacpp\windows-x86_64\api-ms-win-crt-stdio-l1-1-0.dll
0x000000001e610000 - 0x000000001e615000 	C:\Users\FliaMejias\.javacpp\cache\opencv-windows-x86_64.jar\org\bytedeco\javacpp\windows-x86_64\api-ms-win-crt-math-l1-1-0.dll
0x000000001e620000 - 0x000000001e623000 	C:\Users\FliaMejias\.javacpp\cache\opencv-windows-x86_64.jar\org\bytedeco\javacpp\windows-x86_64\api-ms-win-crt-heap-l1-1-0.dll
0x000000001e630000 - 0x000000001e634000 	C:\Users\FliaMejias\.javacpp\cache\opencv-windows-x86_64.jar\org\bytedeco\javacpp\windows-x86_64\api-ms-win-crt-runtime-l1-1-0.dll
0x000000001e640000 - 0x000000001e644000 	C:\Users\FliaMejias\.javacpp\cache\opencv-windows-x86_64.jar\org\bytedeco\javacpp\windows-x86_64\api-ms-win-crt-convert-l1-1-0.dll
0x000000001e650000 - 0x000000001e653000 	C:\Users\FliaMejias\.javacpp\cache\opencv-windows-x86_64.jar\org\bytedeco\javacpp\windows-x86_64\api-ms-win-crt-environment-l1-1-0.dll

VM Arguments:
jvm_args: -Xdebug -Xrunjdwp:transport=dt_shmem,address=javadebug -Dfile.encoding=UTF-8 
java_command: IEv4.IEv4
java_class_path (initial): C:\Users\FliaMejias\Desktop\javaCV\artoolkitplus-platform.jar;C:\Users\FliaMejias\Desktop\javaCV\artoolkitplus-windows-x86.jar;C:\Users\FliaMejias\Desktop\javaCV\artoolkitplus-windows-x86_64.jar;C:\Users\FliaMejias\Desktop\javaCV\artoolkitplus.jar;C:\Users\FliaMejias\Desktop\javaCV\ffmpeg-platform.jar;C:\Users\FliaMejias\Desktop\javaCV\ffmpeg-windows-x86.jar;C:\Users\FliaMejias\Desktop\javaCV\ffmpeg-windows-x86_64.jar;C:\Users\FliaMejias\Desktop\javaCV\ffmpeg.jar;C:\Users\FliaMejias\Desktop\javaCV\flandmark-platform.jar;C:\Users\FliaMejias\Desktop\javaCV\flandmark-windows-x86.jar;C:\Users\FliaMejias\Desktop\javaCV\flandmark-windows-x86_64.jar;C:\Users\FliaMejias\Desktop\javaCV\flandmark.jar;C:\Users\FliaMejias\Desktop\javaCV\flycapture-platform.jar;C:\Users\FliaMejias\Desktop\javaCV\flycapture-windows-x86.jar;C:\Users\FliaMejias\Desktop\javaCV\flycapture-windows-x86_64.jar;C:\Users\FliaMejias\Desktop\javaCV\flycapture.jar;C:\Users\FliaMejias\Desktop\javaCV\javacpp.jar;C:\Users\FliaMejias\Desktop\javaCV\javacv-platform.jar;C:\Users\FliaMejias\Desktop\javaCV\javacv.jar;C:\Users\FliaMejias\Desktop\javaCV\libdc1394-platform.jar;C:\Users\FliaMejias\Desktop\javaCV\libdc1394-windows-x86.jar;C:\Users\FliaMejias\Desktop\javaCV\libdc1394-windows-x86_64.jar;C:\Users\FliaMejias\Desktop\javaCV\libdc1394.jar;C:\Users\FliaMejias\Desktop\javaCV\libfreenect-platform.jar;C:\Users\FliaMejias\Desktop\javaCV\libfreenect-windows-x86.jar;C:\Users\FliaMejias\Desktop\javaCV\libfreenect-windows-x86_64.jar;C:\Users\FliaMejias\Desktop\javaCV\libfreenect.jar;C:\Users\FliaMejias\Desktop\javaCV\libfreenect2-platform.jar;C:\Users\FliaMejias\Desktop\javaCV\libfreenect2-windows-x86_64.jar;C:\Users\FliaMejias\Desktop\javaCV\libfreenect2.jar;C:\Users\FliaMejias\Desktop\javaCV\librealsense-platform.jar;C:\Users\FliaMejias\Desktop\javaCV\librealsense-windows-x86.jar;C:\Users\FliaMejias\Desktop\javaCV\librealsense-windows-x86_64.jar;C:\Users\FliaMejias\Desktop\javaCV\libreals
Launcher Type: SUN_STANDARD

Environment Variables:
PATH=C:\Program Files (x86)\Common Files\Oracle\Java\javapath;C:\ProgramData\Oracle\Java\javapath;C:\Windows\system32;C:\Windows;C:\Windows\System32\Wbem;C:\Windows\System32\WindowsPowerShell\v1.0\;C:\Program Files\Git\cmd;C:\Program Files\nodejs\;C:\xampp\php;C:\ProgramData\ComposerSetup\bin;C:\Program Files\SourceGear\Common\DiffMerge\;C:\Program Files (x86)\GtkSharp\2.12\bin;C:\Users\FliaMejias\AppData\Local\Microsoft\WindowsApps;C:\Program Files\Microsoft VS Code\bin;C:\Users\FliaMejias\AppData\Roaming\npm;C:\cygwin64\bin;C:\Users\FliaMejias\AppData\Roaming\Composer\vendor\bin
USERNAME=FliaMejias
OS=Windows_NT
PROCESSOR_IDENTIFIER=Intel64 Family 6 Model 58 Stepping 9, GenuineIntel



---------------  S Y S T E M  ---------------

OS: Windows 10.0 , 64 bit Build 16299 (10.0.16299.15)

CPU:total 4 (2 cores per cpu, 2 threads per core) family 6 model 58 stepping 9, cmov, cx8, fxsr, mmx, sse, sse2, sse3, ssse3, sse4.1, sse4.2, popcnt, avx, clmul, erms, ht, tsc, tscinvbit, tscinv

Memory: 4k page, physical 8282888k(1912936k free), swap 15436100k(6275220k free)

vm_info: Java HotSpot(TM) 64-Bit Server VM (25.111-b14) for windows-amd64 JRE (1.8.0_111-b14), built on Sep 22 2016 19:24:05 by "java_re" with MS VC++ 10.0 (VS2010)

time: Sat Jun 23 23:26:02 2018
elapsed time: 29 seconds (0d 0h 0m 29s)

