#
# A fatal error has been detected by the Java Runtime Environment:
#
#  EXCEPTION_ACCESS_VIOLATION (0xc0000005) at pc=0x00000000769851c0, pid=12556, tid=0x0000000000001538
#
# JRE version: Java(TM) SE Runtime Environment (8.0_111-b14) (build 1.8.0_111-b14)
# Java VM: Java HotSpot(TM) 64-Bit Server VM (25.111-b14 mixed mode windows-amd64 compressed oops)
# Problematic frame:
# V  [jvm.dll+0x2751c0]
#
# Failed to write core dump. Minidumps are not enabled by default on client versions of Windows
#
# If you would like to submit a bug report, please visit:
#   http://bugreport.java.com/bugreport/crash.jsp
#

---------------  T H R E A D  ---------------

Current thread (0x000000001c0a8800):  JavaThread "AWT-EventQueue-0" [_thread_in_vm, id=5432, stack(0x000000001ced0000,0x000000001cfd0000)]

siginfo: ExceptionCode=0xc0000005, reading address 0x00000000264d2038

Registers:
RAX=0x000000002eebfed0, RBX=0x000000001c0a8800, RCX=0x0000000028ec8a88, RDX=0x00000000264d2038
RSP=0x000000001cfcc690, RBP=0x0000000000000000, RSI=0x0000000000032a00, RDI=0x0000000000000000
R8 =0x0000000000006540, R9 =0x0000000028e96090, R10=0x00000000057d4172, R11=0x000000002649f640
R12=0x000000002649f640, R13=0x0000000000000000, R14=0x0000000000032a00, R15=0x000000001c0a8800
RIP=0x00000000769851c0, EFLAGS=0x0000000000010202

Top of Stack: (sp=0x000000001cfcc690)
0x000000001cfcc690:   0000000000000000 00000000768f3750
0x000000001cfcc6a0:   0000000000032a00 00000000768f2d85
0x000000001cfcc6b0:   000000001c0a8800 00000000768f3b57
0x000000001cfcc6c0:   000000001cfccb58 00000000058c763c
0x000000001cfcc6d0:   0000000000032a00 000000000592a697
0x000000001cfcc6e0:   00000000194792b0 000000001cfcc750
0x000000001cfcc6f0:   0000000000000000 00000000057d41f0
0x000000001cfcc700:   0000000000000000 00000000d7e10ed0
0x000000001cfcc710:   000000001cfcc770 0000000028e96090
0x000000001cfcc720:   0000000000000000 0000000028e96090
0x000000001cfcc730:   0000000000032a00 00000000d7e10ed0
0x000000001cfcc740:   0000000000000000 0000000024c60938
0x000000001cfcc750:   0000000000000000 0000000005946074
0x000000001cfcc760:   0000000000000000 00000000768575db
0x000000001cfcc770:   000000001cfccb58 0000000005949904
0x000000001cfcc780:   000000001c0a8800 0000000000000000 

Instructions: (pc=0x00000000769851c0)
0x00000000769851a0:   ef 48 83 c4 28 c3 4a 8d 54 c1 f8 4b 8d 4c c1 f8
0x00000000769851b0:   4d 85 c0 0f 84 9a 00 00 00 0f 1f 80 00 00 00 00
0x00000000769851c0:   48 8b 02 48 83 e9 08 48 83 ea 08 49 ff c8 48 89
0x00000000769851d0:   41 08 75 ec 48 83 c4 28 c3 a8 03 75 5a 49 c1 e8 


Register to memory mapping:

RAX=0x000000002eebfed0 is an unknown value
RBX=0x000000001c0a8800 is a thread
RCX=0x0000000028ec8a88 is an unknown value
RDX=0x00000000264d2038 is an unknown value
RSP=0x000000001cfcc690 is pointing into the stack for thread: 0x000000001c0a8800
RBP=0x0000000000000000 is an unknown value
RSI=0x0000000000032a00 is an unknown value
RDI=0x0000000000000000 is an unknown value
R8 =0x0000000000006540 is an unknown value
R9 =0x0000000028e96090 is an unknown value
R10=0x00000000057d4172 is at entry_point+114 in (nmethod*)0x00000000057d3f90
R11=0x000000002649f640 is an unknown value
R12=0x000000002649f640 is an unknown value
R13=0x0000000000000000 is an unknown value
R14=0x0000000000032a00 is an unknown value
R15=0x000000001c0a8800 is a thread


Stack: [0x000000001ced0000,0x000000001cfd0000],  sp=0x000000001cfcc690,  free space=1009k
Native frames: (J=compiled Java code, j=interpreted, Vv=VM code, C=native code)

Java frames: (J=compiled Java code, j=interpreted, Vv=VM code)
J 1879  sun.misc.Unsafe.copyMemory(Ljava/lang/Object;JLjava/lang/Object;JJ)V (0 bytes) @ 0x00000000057d4172 [0x00000000057d4100+0x72]
J 2317 C1 java.nio.DirectByteBuffer.put(Ljava/nio/ByteBuffer;)Ljava/nio/ByteBuffer; (269 bytes) @ 0x0000000005949904 [0x0000000005948d20+0xbe4]
J 2203 C1 org.bytedeco.javacv.Frame.cloneBufferArray([Ljava/nio/Buffer;)[Ljava/nio/Buffer; (405 bytes) @ 0x00000000058eed44 [0x00000000058ee6e0+0x664]
J 2316 C1 org.bytedeco.javacv.Frame.clone()Lorg/bytedeco/javacv/Frame; (112 bytes) @ 0x000000000594dcd4 [0x000000000594db20+0x1b4]
J 2322 C1 IEv4.Imagensish.<init>(Lorg/bytedeco/javacpp/opencv_core$Mat;I)V (36 bytes) @ 0x000000000594e9d4 [0x000000000594e6a0+0x334]
j  IEv4.DB.TileImage()V+68
j  IEv4.DB.GenerateMosaic()Lorg/bytedeco/javacpp/opencv_core$Mat;+1
j  IEv4.IEv4UI.ShowPhotoMosaicActionPerformed(Ljava/awt/event/ActionEvent;)V+44
j  IEv4.IEv4UI.access$1800(LIEv4/IEv4UI;Ljava/awt/event/ActionEvent;)V+2
j  IEv4.IEv4UI$19.actionPerformed(Ljava/awt/event/ActionEvent;)V+5
j  javax.swing.AbstractButton.fireActionPerformed(Ljava/awt/event/ActionEvent;)V+83
j  javax.swing.AbstractButton$Handler.actionPerformed(Ljava/awt/event/ActionEvent;)V+5
j  javax.swing.DefaultButtonModel.fireActionPerformed(Ljava/awt/event/ActionEvent;)V+34
j  javax.swing.DefaultButtonModel.setPressed(Z)V+117
j  javax.swing.plaf.basic.BasicButtonListener.mouseReleased(Ljava/awt/event/MouseEvent;)V+35
j  java.awt.Component.processMouseEvent(Ljava/awt/event/MouseEvent;)V+64
j  javax.swing.JComponent.processMouseEvent(Ljava/awt/event/MouseEvent;)V+23
J 1337 C1 java.awt.Component.processEvent(Ljava/awt/AWTEvent;)V (220 bytes) @ 0x00000000055e621c [0x00000000055e5ce0+0x53c]
J 1253 C1 java.awt.Container.processEvent(Ljava/awt/AWTEvent;)V (22 bytes) @ 0x000000000558492c [0x00000000055845e0+0x34c]
J 1259 C1 java.awt.Component.dispatchEventImpl(Ljava/awt/AWTEvent;)V (883 bytes) @ 0x0000000005598a4c [0x0000000005593500+0x554c]
J 1028 C1 java.awt.Container.dispatchEventImpl(Ljava/awt/AWTEvent;)V (129 bytes) @ 0x00000000054e07e4 [0x00000000054e06a0+0x144]
J 1148 C1 java.awt.LightweightDispatcher.retargetMouseEvent(Ljava/awt/Component;ILjava/awt/event/MouseEvent;)V (350 bytes) @ 0x000000000553b334 [0x0000000005538fa0+0x2394]
J 1256 C1 java.awt.LightweightDispatcher.processMouseEvent(Ljava/awt/event/MouseEvent;)Z (286 bytes) @ 0x00000000055892fc [0x0000000005587b80+0x177c]
J 1265 C1 java.awt.LightweightDispatcher.dispatchEvent(Ljava/awt/AWTEvent;)Z (73 bytes) @ 0x0000000005586634 [0x0000000005586200+0x434]
J 1028 C1 java.awt.Container.dispatchEventImpl(Ljava/awt/AWTEvent;)V (129 bytes) @ 0x00000000054e0784 [0x00000000054e06a0+0xe4]
J 1159 C1 java.awt.Window.dispatchEventImpl(Ljava/awt/AWTEvent;)V (23 bytes) @ 0x00000000055434ac [0x0000000005542ec0+0x5ec]
J 1124 C1 java.awt.EventQueue.dispatchEventImpl(Ljava/awt/AWTEvent;Ljava/lang/Object;)V (149 bytes) @ 0x00000000055238f4 [0x0000000005522080+0x1874]
J 1023 C1 java.awt.EventQueue$3.run()Ljava/lang/Void; (60 bytes) @ 0x00000000054dcadc [0x00000000054dc8c0+0x21c]
J 1022 C1 java.awt.EventQueue$3.run()Ljava/lang/Object; (5 bytes) @ 0x00000000054dc554 [0x00000000054dc4c0+0x94]
v  ~StubRoutines::call_stub
J 746  java.security.AccessController.doPrivileged(Ljava/security/PrivilegedAction;Ljava/security/AccessControlContext;)Ljava/lang/Object; (0 bytes) @ 0x000000000540e226 [0x000000000540e1c0+0x66]
J 1117 C1 java.awt.EventQueue$4.run()Ljava/lang/Object; (5 bytes) @ 0x000000000551c9bc [0x000000000551c580+0x43c]
v  ~StubRoutines::call_stub
J 746  java.security.AccessController.doPrivileged(Ljava/security/PrivilegedAction;Ljava/security/AccessControlContext;)Ljava/lang/Object; (0 bytes) @ 0x000000000540e226 [0x000000000540e1c0+0x66]
J 1018 C1 java.awt.EventQueue.dispatchEvent(Ljava/awt/AWTEvent;)V (80 bytes) @ 0x00000000054d9ae4 [0x00000000054d8c40+0xea4]
J 1027 C1 java.awt.EventDispatchThread.pumpOneEventForFilters(I)V (295 bytes) @ 0x00000000054e3c2c [0x00000000054e2020+0x1c0c]
j  java.awt.EventDispatchThread.pumpEventsForFilter(ILjava/awt/Conditional;Ljava/awt/EventFilter;)V+35
j  java.awt.EventDispatchThread.pumpEventsForHierarchy(ILjava/awt/Conditional;Ljava/awt/Component;)V+11
j  java.awt.EventDispatchThread.pumpEvents(ILjava/awt/Conditional;)V+4
j  java.awt.EventDispatchThread.pumpEvents(Ljava/awt/Conditional;)V+3
j  java.awt.EventDispatchThread.run()V+9
v  ~StubRoutines::call_stub

---------------  P R O C E S S  ---------------

Java Threads: ( => current thread )
  0x000000001c3bd000 JavaThread "JavaCPP Deallocator" daemon [_thread_blocked, id=10952, stack(0x0000000020820000,0x0000000020920000)]
  0x000000001c2c2800 JavaThread "Swing-Shell" daemon [_thread_blocked, id=9944, stack(0x000000001ebc0000,0x000000001ecc0000)]
  0x000000001c1f7800 JavaThread "TimerQueue" daemon [_thread_blocked, id=13216, stack(0x000000001d6d0000,0x000000001d7d0000)]
  0x000000001c0c5000 JavaThread "org.netbeans.modules.debugger.jpda.visual AWT Access Loop" daemon [_thread_blocked, id=8132, stack(0x000000001cfd0000,0x000000001d0d0000)]
  0x0000000005072800 JavaThread "DestroyJavaVM" [_thread_blocked, id=5936, stack(0x0000000004eb0000,0x0000000004fb0000)]
=>0x000000001c0a8800 JavaThread "AWT-EventQueue-0" [_thread_in_vm, id=5432, stack(0x000000001ced0000,0x000000001cfd0000)]
  0x000000001c0a6800 JavaThread "AWT-Windows" daemon [_thread_in_native, id=9056, stack(0x000000001cd10000,0x000000001ce10000)]
  0x000000001c0a5800 JavaThread "AWT-Shutdown" [_thread_blocked, id=9392, stack(0x000000001cc10000,0x000000001cd10000)]
  0x000000001c0a5000 JavaThread "Java2D Disposer" daemon [_thread_blocked, id=9660, stack(0x000000001cb10000,0x000000001cc10000)]
  0x000000001b775000 JavaThread "Service Thread" daemon [_thread_blocked, id=12748, stack(0x000000001bd30000,0x000000001be30000)]
  0x000000001b749000 JavaThread "C1 CompilerThread2" daemon [_thread_blocked, id=4296, stack(0x000000001bc30000,0x000000001bd30000)]
  0x000000001b748800 JavaThread "C2 CompilerThread1" daemon [_thread_blocked, id=3312, stack(0x000000001bb30000,0x000000001bc30000)]
  0x0000000019ce4800 JavaThread "C2 CompilerThread0" daemon [_thread_blocked, id=4152, stack(0x000000001b630000,0x000000001b730000)]
  0x0000000019ce2000 JavaThread "JDWP Command Reader" daemon [_thread_in_native, id=7464, stack(0x000000001b530000,0x000000001b630000)]
  0x0000000019cd5000 JavaThread "JDWP Event Helper Thread" daemon [_thread_blocked, id=7220, stack(0x000000001b430000,0x000000001b530000)]
  0x0000000019cc9800 JavaThread "JDWP Transport Listener: dt_shmem" daemon [_thread_blocked, id=12636, stack(0x000000001b330000,0x000000001b430000)]
  0x0000000019cbd000 JavaThread "Attach Listener" daemon [_thread_blocked, id=10464, stack(0x000000001b230000,0x000000001b330000)]
  0x0000000019cbc000 JavaThread "Signal Dispatcher" daemon [_thread_blocked, id=808, stack(0x000000001b130000,0x000000001b230000)]
  0x0000000005168000 JavaThread "Finalizer" daemon [_thread_blocked, id=7848, stack(0x000000001af40000,0x000000001b040000)]
  0x0000000005162000 JavaThread "Reference Handler" daemon [_thread_blocked, id=11272, stack(0x000000001ae40000,0x000000001af40000)]

Other Threads:
  0x0000000019c87000 VMThread [stack: 0x000000001ad40000,0x000000001ae40000] [id=5944]
  0x000000001b77d000 WatcherThread [stack: 0x000000001be30000,0x000000001bf30000] [id=12652]

VM state:not at safepoint (normal execution)

VM Mutex/Monitor currently owned by a thread: None

Heap:
 PSYoungGen      total 38400K, used 31569K [0x00000000d5d80000, 0x00000000dad80000, 0x0000000100000000)
  eden space 33280K, 85% used [0x00000000d5d80000,0x00000000d79269e8,0x00000000d7e00000)
  from space 5120K, 63% used [0x00000000d7e00000,0x00000000d812dd28,0x00000000d8300000)
  to   space 7680K, 0% used [0x00000000da600000,0x00000000da600000,0x00000000dad80000)
 ParOldGen       total 87552K, used 9945K [0x0000000081800000, 0x0000000086d80000, 0x00000000d5d80000)
  object space 87552K, 11% used [0x0000000081800000,0x00000000821b66f8,0x0000000086d80000)
 Metaspace       used 19253K, capacity 19506K, committed 19584K, reserved 1067008K
  class space    used 2336K, capacity 2419K, committed 2432K, reserved 1048576K

Card table byte_map: [0x0000000014530000,0x0000000014930000] byte_map_base: 0x0000000014124000

Marking Bits: (ParMarkBitMap*) 0x0000000076f2a6c0
 Begin Bits: [0x0000000014fe0000, 0x0000000016f80000)
 End Bits:   [0x0000000016f80000, 0x0000000018f20000)

Polling page: 0x0000000004e20000

CodeCache: size=245760Kb used=8118Kb max_used=8118Kb free=237641Kb
 bounds [0x0000000005170000, 0x0000000005970000, 0x0000000014170000]
 total_blobs=2952 nmethods=2315 adapters=556
 compilation: enabled

Compilation events (10 events):
Event: 28.391 Thread 0x000000001b749000 2327       3       org.bytedeco.javacv.Java2DFrameConverter::copy (624 bytes)
Event: 28.394 Thread 0x000000001b749000 nmethod 2327 0x000000000595d2d0 code [0x000000000595d820, 0x0000000005961918]
Event: 28.394 Thread 0x000000001b749000 2332       3       IEv4.Imagensish::getMagnitude (10 bytes)
Event: 28.394 Thread 0x000000001b749000 nmethod 2332 0x000000000594f710 code [0x000000000594f880, 0x000000000594fa30]
Event: 28.394 Thread 0x000000001b749000 2328       3       java.awt.image.BufferedImage::getSampleModel (8 bytes)
Event: 28.394 Thread 0x000000001b749000 nmethod 2328 0x0000000005953a90 code [0x0000000005953be0, 0x0000000005953dd0]
Event: 28.394 Thread 0x000000001b749000 2329       3       java.awt.image.DataBufferByte::getData (12 bytes)
Event: 28.394 Thread 0x000000001b749000 nmethod 2329 0x0000000005953190 code [0x0000000005953320, 0x0000000005953868]
Event: 28.394 Thread 0x000000001b749000 2330       3       org.bytedeco.javacv.Java2DFrameConverter::cloneBufferedImage (74 bytes)
Event: 28.395 Thread 0x000000001b749000 nmethod 2330 0x0000000005951c90 code [0x0000000005951ec0, 0x0000000005952ba8]

GC Heap History (10 events):
Event: 10.850 GC heap before
{Heap before GC invocations=1 (full 0):
 PSYoungGen      total 38400K, used 33280K [0x00000000d5d80000, 0x00000000d8800000, 0x0000000100000000)
  eden space 33280K, 100% used [0x00000000d5d80000,0x00000000d7e00000,0x00000000d7e00000)
  from space 5120K, 0% used [0x00000000d8300000,0x00000000d8300000,0x00000000d8800000)
  to   space 5120K, 0% used [0x00000000d7e00000,0x00000000d7e00000,0x00000000d8300000)
 ParOldGen       total 87552K, used 0K [0x0000000081800000, 0x0000000086d80000, 0x00000000d5d80000)
  object space 87552K, 0% used [0x0000000081800000,0x0000000081800000,0x0000000086d80000)
 Metaspace       used 16205K, capacity 16434K, committed 16512K, reserved 1062912K
  class space    used 2061K, capacity 2163K, committed 2176K, reserved 1048576K
Event: 10.859 GC heap after
Heap after GC invocations=1 (full 0):
 PSYoungGen      total 38400K, used 5095K [0x00000000d5d80000, 0x00000000d8800000, 0x0000000100000000)
  eden space 33280K, 0% used [0x00000000d5d80000,0x00000000d5d80000,0x00000000d7e00000)
  from space 5120K, 99% used [0x00000000d7e00000,0x00000000d82f9ef8,0x00000000d8300000)
  to   space 5120K, 0% used [0x00000000d8300000,0x00000000d8300000,0x00000000d8800000)
 ParOldGen       total 87552K, used 868K [0x0000000081800000, 0x0000000086d80000, 0x00000000d5d80000)
  object space 87552K, 0% used [0x0000000081800000,0x00000000818d9090,0x0000000086d80000)
 Metaspace       used 16205K, capacity 16434K, committed 16512K, reserved 1062912K
  class space    used 2061K, capacity 2163K, committed 2176K, reserved 1048576K
}
Event: 12.693 GC heap before
{Heap before GC invocations=2 (full 0):
 PSYoungGen      total 38400K, used 38375K [0x00000000d5d80000, 0x00000000d8800000, 0x0000000100000000)
  eden space 33280K, 100% used [0x00000000d5d80000,0x00000000d7e00000,0x00000000d7e00000)
  from space 5120K, 99% used [0x00000000d7e00000,0x00000000d82f9ef8,0x00000000d8300000)
  to   space 5120K, 0% used [0x00000000d8300000,0x00000000d8300000,0x00000000d8800000)
 ParOldGen       total 87552K, used 868K [0x0000000081800000, 0x0000000086d80000, 0x00000000d5d80000)
  object space 87552K, 0% used [0x0000000081800000,0x00000000818d9090,0x0000000086d80000)
 Metaspace       used 18509K, capacity 18770K, committed 19072K, reserved 1067008K
  class space    used 2312K, capacity 2387K, committed 2432K, reserved 1048576K
Event: 12.700 GC heap after
Heap after GC invocations=2 (full 0):
 PSYoungGen      total 38400K, used 5091K [0x00000000d5d80000, 0x00000000d8800000, 0x0000000100000000)
  eden space 33280K, 0% used [0x00000000d5d80000,0x00000000d5d80000,0x00000000d7e00000)
  from space 5120K, 99% used [0x00000000d8300000,0x00000000d87f8f08,0x00000000d8800000)
  to   space 5120K, 0% used [0x00000000d7e00000,0x00000000d7e00000,0x00000000d8300000)
 ParOldGen       total 87552K, used 1908K [0x0000000081800000, 0x0000000086d80000, 0x00000000d5d80000)
  object space 87552K, 2% used [0x0000000081800000,0x00000000819dd0a0,0x0000000086d80000)
 Metaspace       used 18509K, capacity 18770K, committed 19072K, reserved 1067008K
  class space    used 2312K, capacity 2387K, committed 2432K, reserved 1048576K
}
Event: 28.053 GC heap before
{Heap before GC invocations=3 (full 0):
 PSYoungGen      total 38400K, used 38371K [0x00000000d5d80000, 0x00000000d8800000, 0x0000000100000000)
  eden space 33280K, 100% used [0x00000000d5d80000,0x00000000d7e00000,0x00000000d7e00000)
  from space 5120K, 99% used [0x00000000d8300000,0x00000000d87f8f08,0x00000000d8800000)
  to   space 5120K, 0% used [0x00000000d7e00000,0x00000000d7e00000,0x00000000d8300000)
 ParOldGen       total 87552K, used 1908K [0x0000000081800000, 0x0000000086d80000, 0x00000000d5d80000)
  object space 87552K, 2% used [0x0000000081800000,0x00000000819dd0a0,0x0000000086d80000)
 Metaspace       used 19140K, capacity 19314K, committed 19584K, reserved 1067008K
  class space    used 2336K, capacity 2419K, committed 2432K, reserved 1048576K
Event: 28.060 GC heap after
Heap after GC invocations=3 (full 0):
 PSYoungGen      total 38400K, used 5115K [0x00000000d5d80000, 0x00000000d8800000, 0x0000000100000000)
  eden space 33280K, 0% used [0x00000000d5d80000,0x00000000d5d80000,0x00000000d7e00000)
  from space 5120K, 99% used [0x00000000d7e00000,0x00000000d82fec10,0x00000000d8300000)
  to   space 5120K, 0% used [0x00000000d8300000,0x00000000d8300000,0x00000000d8800000)
 ParOldGen       total 87552K, used 3102K [0x0000000081800000, 0x0000000086d80000, 0x00000000d5d80000)
  object space 87552K, 3% used [0x0000000081800000,0x0000000081b07a40,0x0000000086d80000)
 Metaspace       used 19140K, capacity 19314K, committed 19584K, reserved 1067008K
  class space    used 2336K, capacity 2419K, committed 2432K, reserved 1048576K
}
Event: 28.195 GC heap before
{Heap before GC invocations=4 (full 0):
 PSYoungGen      total 38400K, used 38395K [0x00000000d5d80000, 0x00000000d8800000, 0x0000000100000000)
  eden space 33280K, 100% used [0x00000000d5d80000,0x00000000d7e00000,0x00000000d7e00000)
  from space 5120K, 99% used [0x00000000d7e00000,0x00000000d82fec10,0x00000000d8300000)
  to   space 5120K, 0% used [0x00000000d8300000,0x00000000d8300000,0x00000000d8800000)
 ParOldGen       total 87552K, used 3102K [0x0000000081800000, 0x0000000086d80000, 0x00000000d5d80000)
  object space 87552K, 3% used [0x0000000081800000,0x0000000081b07a40,0x0000000086d80000)
 Metaspace       used 19187K, capacity 19378K, committed 19584K, reserved 1067008K
  class space    used 2336K, capacity 2419K, committed 2432K, reserved 1048576K
Event: 28.202 GC heap after
Heap after GC invocations=4 (full 0):
 PSYoungGen      total 38400K, used 5115K [0x00000000d5d80000, 0x00000000da880000, 0x0000000100000000)
  eden space 33280K, 0% used [0x00000000d5d80000,0x00000000d5d80000,0x00000000d7e00000)
  from space 5120K, 99% used [0x00000000d8300000,0x00000000d87fec10,0x00000000d8800000)
  to   space 5120K, 0% used [0x00000000d7e00000,0x00000000d7e00000,0x00000000d8300000)
 ParOldGen       total 87552K, used 3398K [0x0000000081800000, 0x0000000086d80000, 0x00000000d5d80000)
  object space 87552K, 3% used [0x0000000081800000,0x0000000081b51a40,0x0000000086d80000)
 Metaspace       used 19187K, capacity 19378K, committed 19584K, reserved 1067008K
  class space    used 2336K, capacity 2419K, committed 2432K, reserved 1048576K
}
Event: 28.323 GC heap before
{Heap before GC invocations=5 (full 0):
 PSYoungGen      total 38400K, used 38395K [0x00000000d5d80000, 0x00000000da880000, 0x0000000100000000)
  eden space 33280K, 100% used [0x00000000d5d80000,0x00000000d7e00000,0x00000000d7e00000)
  from space 5120K, 99% used [0x00000000d8300000,0x00000000d87fec10,0x00000000d8800000)
  to   space 5120K, 0% used [0x00000000d7e00000,0x00000000d7e00000,0x00000000d8300000)
 ParOldGen       total 87552K, used 3398K [0x0000000081800000, 0x0000000086d80000, 0x00000000d5d80000)
  object space 87552K, 3% used [0x0000000081800000,0x0000000081b51a40,0x0000000086d80000)
 Metaspace       used 19231K, capacity 19442K, committed 19584K, reserved 1067008K
  class space    used 2336K, capacity 2419K, committed 2432K, reserved 1048576K
Event: 28.330 GC heap after
Heap after GC invocations=5 (full 0):
 PSYoungGen      total 38400K, used 3255K [0x00000000d5d80000, 0x00000000dad80000, 0x0000000100000000)
  eden space 33280K, 0% used [0x00000000d5d80000,0x00000000d5d80000,0x00000000d7e00000)
  from space 5120K, 63% used [0x00000000d7e00000,0x00000000d812dd28,0x00000000d8300000)
  to   space 7680K, 0% used [0x00000000da600000,0x00000000da600000,0x00000000dad80000)
 ParOldGen       total 87552K, used 9945K [0x0000000081800000, 0x0000000086d80000, 0x00000000d5d80000)
  object space 87552K, 11% used [0x0000000081800000,0x00000000821b66f8,0x0000000086d80000)
 Metaspace       used 19231K, capacity 19442K, committed 19584K, reserved 1067008K
  class space    used 2336K, capacity 2419K, committed 2432K, reserved 1048576K
}

Deoptimization events (10 events):
Event: 3.803 Thread 0x000000001c0a8800 Uncommon trap: reason=class_check action=maybe_recompile pc=0x000000000531e694 method=java.lang.String.equals(Ljava/lang/Object;)Z @ 8
Event: 3.811 Thread 0x000000001c0a8800 Uncommon trap: reason=class_check action=maybe_recompile pc=0x000000000531e694 method=java.lang.String.equals(Ljava/lang/Object;)Z @ 8
Event: 3.811 Thread 0x000000001c0a8800 Uncommon trap: reason=class_check action=maybe_recompile pc=0x000000000531e694 method=java.lang.String.equals(Ljava/lang/Object;)Z @ 8
Event: 3.811 Thread 0x000000001c0a8800 Uncommon trap: reason=class_check action=maybe_recompile pc=0x000000000531e694 method=java.lang.String.equals(Ljava/lang/Object;)Z @ 8
Event: 10.232 Thread 0x000000001c0a8800 Uncommon trap: reason=unstable_if action=reinterpret pc=0x00000000053d6c14 method=java.util.HashMap.getNode(ILjava/lang/Object;)Ljava/util/HashMap$Node; @ 62
Event: 10.233 Thread 0x000000001c0a8800 Uncommon trap: reason=unstable_if action=reinterpret pc=0x00000000053c18b0 method=java.util.HashMap.getNode(ILjava/lang/Object;)Ljava/util/HashMap$Node; @ 62
Event: 12.247 Thread 0x000000001c0a8800 Uncommon trap: reason=unstable_if action=reinterpret pc=0x00000000056d9ad8 method=java.net.URI.match(CJJ)Z @ 19
Event: 16.308 Thread 0x000000001c0a8800 Uncommon trap: reason=unstable_if action=reinterpret pc=0x00000000055c970c method=java.awt.Container.findComponentAtImpl(IIZ)Ljava/awt/Component; @ 24
Event: 20.849 Thread 0x000000001c0a8800 Uncommon trap: reason=unstable_if action=reinterpret pc=0x0000000005846ea0 method=org.bytedeco.javacv.Java2DFrameConverter.flipCopyWithGamma(Ljava/nio/ByteBuffer;ILjava/nio/ByteBuffer;IZDZI)V @ 50
Event: 22.405 Thread 0x000000001c0a8800 Uncommon trap: reason=unstable_if action=reinterpret pc=0x00000000057dd614 method=sun.misc.URLClassPath$FileLoader.getResource(Ljava/lang/String;Z)Lsun/misc/Resource; @ 139

Internal exceptions (10 events):
Event: 0.416 Thread 0x0000000005072800 Exception <a 'java/security/PrivilegedActionException'> (0x00000000d606c0e8) thrown at [C:\re\workspace\8-2-build-windows-amd64-cygwin\jdk8u111\7883\hotspot\src\share\vm\prims\jvm.cpp, line 1386]
Event: 0.416 Thread 0x0000000005072800 Exception <a 'java/security/PrivilegedActionException'> (0x00000000d606c2f8) thrown at [C:\re\workspace\8-2-build-windows-amd64-cygwin\jdk8u111\7883\hotspot\src\share\vm\prims\jvm.cpp, line 1386]
Event: 0.576 Thread 0x0000000005072800 Exception <a 'java/lang/NoSuchFieldError': method resolution failed> (0x00000000d614ce50) thrown at [C:\re\workspace\8-2-build-windows-amd64-cygwin\jdk8u111\7883\hotspot\src\share\vm\prims\methodHandles.cpp, line 1146]
Event: 0.580 Thread 0x0000000005072800 Exception <a 'java/lang/NoSuchFieldError': method resolution failed> (0x00000000d615a250) thrown at [C:\re\workspace\8-2-build-windows-amd64-cygwin\jdk8u111\7883\hotspot\src\share\vm\prims\methodHandles.cpp, line 1146]
Event: 0.640 Thread 0x0000000005072800 Exception <a 'java/security/PrivilegedActionException'> (0x00000000d61e6298) thrown at [C:\re\workspace\8-2-build-windows-amd64-cygwin\jdk8u111\7883\hotspot\src\share\vm\prims\jvm.cpp, line 1386]
Event: 0.640 Thread 0x0000000005072800 Exception <a 'java/security/PrivilegedActionException'> (0x00000000d61e64a8) thrown at [C:\re\workspace\8-2-build-windows-amd64-cygwin\jdk8u111\7883\hotspot\src\share\vm\prims\jvm.cpp, line 1386]
Event: 0.641 Thread 0x0000000005072800 Exception <a 'java/security/PrivilegedActionException'> (0x00000000d61ea390) thrown at [C:\re\workspace\8-2-build-windows-amd64-cygwin\jdk8u111\7883\hotspot\src\share\vm\prims\jvm.cpp, line 1386]
Event: 0.641 Thread 0x0000000005072800 Exception <a 'java/security/PrivilegedActionException'> (0x00000000d61ea5a0) thrown at [C:\re\workspace\8-2-build-windows-amd64-cygwin\jdk8u111\7883\hotspot\src\share\vm\prims\jvm.cpp, line 1386]
Event: 0.649 Thread 0x0000000005072800 Exception <a 'java/io/FileNotFoundException'> (0x00000000d61ec9d8) thrown at [C:\re\workspace\8-2-build-windows-amd64-cygwin\jdk8u111\7883\hotspot\src\share\vm\prims\jni.cpp, line 709]
Event: 0.888 Thread 0x000000001c0a8800 Exception <a 'java/io/FileNotFoundException'> (0x00000000d63ea288) thrown at [C:\re\workspace\8-2-build-windows-amd64-cygwin\jdk8u111\7883\hotspot\src\share\vm\prims\jni.cpp, line 709]

Events (10 events):
Event: 28.025 Thread 0x000000001c0a8800 DEOPT PACKING pc=0x00000000058c97d0 sp=0x000000001cfcc8e0
Event: 28.025 Thread 0x000000001c0a8800 DEOPT UNPACKING pc=0x00000000051b787f sp=0x000000001cfcc6a0 mode 0
Event: 28.029 Thread 0x000000001c0a8800 DEOPT PACKING pc=0x00000000058c97d0 sp=0x000000001cfcc8e0
Event: 28.029 Thread 0x000000001c0a8800 DEOPT UNPACKING pc=0x00000000051b787f sp=0x000000001cfcc6a0 mode 0
Event: 28.053 Executing VM operation: ParallelGCFailedAllocation
Event: 28.060 Executing VM operation: ParallelGCFailedAllocation done
Event: 28.195 Executing VM operation: ParallelGCFailedAllocation
Event: 28.202 Executing VM operation: ParallelGCFailedAllocation done
Event: 28.323 Executing VM operation: ParallelGCFailedAllocation
Event: 28.330 Executing VM operation: ParallelGCFailedAllocation done


Dynamic libraries:
0x00007ff7ef6c0000 - 0x00007ff7ef6f7000 	C:\Program Files\Java\jdk1.8.0_111\bin\java.exe
0x00007ffc45fc0000 - 0x00007ffc461a0000 	C:\Windows\SYSTEM32\ntdll.dll
0x00007ffc435a0000 - 0x00007ffc4364e000 	C:\Windows\System32\KERNEL32.DLL
0x00007ffc42690000 - 0x00007ffc428f6000 	C:\Windows\System32\KERNELBASE.dll
0x00007ffc43b10000 - 0x00007ffc43bb1000 	C:\Windows\System32\ADVAPI32.dll
0x00007ffc43fc0000 - 0x00007ffc4405d000 	C:\Windows\System32\msvcrt.dll
0x00007ffc45df0000 - 0x00007ffc45e4b000 	C:\Windows\System32\sechost.dll
0x00007ffc443c0000 - 0x00007ffc444df000 	C:\Windows\System32\RPCRT4.dll
0x00007ffc44660000 - 0x00007ffc447ef000 	C:\Windows\System32\USER32.dll
0x00007ffc42b50000 - 0x00007ffc42b70000 	C:\Windows\System32\win32u.dll
0x00007ffc45f60000 - 0x00007ffc45f88000 	C:\Windows\System32\GDI32.dll
0x00007ffc42960000 - 0x00007ffc42af4000 	C:\Windows\System32\gdi32full.dll
0x00007ffc43340000 - 0x00007ffc433db000 	C:\Windows\System32\msvcp_win.dll
0x00007ffc423c0000 - 0x00007ffc424b6000 	C:\Windows\System32\ucrtbase.dll
0x00007ffc311d0000 - 0x00007ffc31439000 	C:\Windows\WinSxS\amd64_microsoft.windows.common-controls_6595b64144ccf1df_6.0.16299.64_none_cc9304e22215ca8f\COMCTL32.dll
0x00007ffc44090000 - 0x00007ffc44398000 	C:\Windows\System32\combase.dll
0x00007ffc432c0000 - 0x00007ffc43332000 	C:\Windows\System32\bcryptPrimitives.dll
0x00007ffc44060000 - 0x00007ffc4408d000 	C:\Windows\System32\IMM32.DLL
0x0000000077660000 - 0x0000000077732000 	C:\Program Files\Java\jdk1.8.0_111\jre\bin\msvcr100.dll
0x0000000076710000 - 0x0000000076faa000 	C:\Program Files\Java\jdk1.8.0_111\jre\bin\server\jvm.dll
0x00007ffc44850000 - 0x00007ffc44858000 	C:\Windows\System32\PSAPI.DLL
0x00007ffc3ee80000 - 0x00007ffc3ee89000 	C:\Windows\SYSTEM32\WSOCK32.dll
0x00007ffc405c0000 - 0x00007ffc405e3000 	C:\Windows\SYSTEM32\WINMM.dll
0x00007ffc43490000 - 0x00007ffc434fc000 	C:\Windows\System32\WS2_32.dll
0x00007ffc40560000 - 0x00007ffc4058a000 	C:\Windows\SYSTEM32\WINMMBASE.dll
0x00007ffc42b00000 - 0x00007ffc42b4a000 	C:\Windows\System32\cfgmgr32.dll
0x00007ffc34800000 - 0x00007ffc3480a000 	C:\Windows\SYSTEM32\VERSION.dll
0x0000000050010000 - 0x000000005001f000 	C:\Program Files\Java\jdk1.8.0_111\jre\bin\verify.dll
0x00000000775f0000 - 0x0000000077619000 	C:\Program Files\Java\jdk1.8.0_111\jre\bin\java.dll
0x0000000077290000 - 0x00000000772c5000 	C:\Program Files\Java\jdk1.8.0_111\jre\bin\jdwp.dll
0x0000000077280000 - 0x0000000077288000 	C:\Program Files\Java\jdk1.8.0_111\jre\bin\npt.dll
0x00000000775d0000 - 0x00000000775e6000 	C:\Program Files\Java\jdk1.8.0_111\jre\bin\zip.dll
0x00007ffc449b0000 - 0x00007ffc45de7000 	C:\Windows\System32\SHELL32.dll
0x00007ffc43dc0000 - 0x00007ffc43e66000 	C:\Windows\System32\shcore.dll
0x00007ffc42b70000 - 0x00007ffc432b7000 	C:\Windows\System32\windows.storage.dll
0x00007ffc447f0000 - 0x00007ffc44841000 	C:\Windows\System32\shlwapi.dll
0x00007ffc42360000 - 0x00007ffc42371000 	C:\Windows\System32\kernel.appcore.dll
0x00007ffc42310000 - 0x00007ffc4235c000 	C:\Windows\System32\powrprof.dll
0x00007ffc423a0000 - 0x00007ffc423bb000 	C:\Windows\System32\profapi.dll
0x00000000772d0000 - 0x00000000772db000 	C:\Program Files\Java\jdk1.8.0_111\jre\bin\dt_shmem.dll
0x00000000773f0000 - 0x0000000077588000 	C:\Program Files\Java\jdk1.8.0_111\jre\bin\awt.dll
0x00007ffc43ef0000 - 0x00007ffc43fb5000 	C:\Windows\System32\OLEAUT32.dll
0x00007ffc406c0000 - 0x00007ffc40747000 	C:\Windows\SYSTEM32\apphelp.dll
0x00007ffc40900000 - 0x00007ffc40995000 	C:\Windows\system32\uxtheme.dll
0x00007ffc444f0000 - 0x00007ffc44657000 	C:\Windows\System32\MSCTF.dll
0x00007ffc40bc0000 - 0x00007ffc40bea000 	C:\Windows\system32\dwmapi.dll
0x00007ffc44860000 - 0x00007ffc449a9000 	C:\Windows\System32\ole32.dll
0x00000000773a0000 - 0x00000000773e7000 	C:\Program Files\Java\jdk1.8.0_111\jre\bin\fontmanager.dll
0x00000000775b0000 - 0x00000000775ca000 	C:\Program Files\Java\jdk1.8.0_111\jre\bin\net.dll
0x00007ffc41ba0000 - 0x00007ffc41c06000 	C:\Windows\system32\mswsock.dll
0x0000000077590000 - 0x00000000775a1000 	C:\Program Files\Java\jdk1.8.0_111\jre\bin\nio.dll
0x0000000077350000 - 0x0000000077392000 	C:\Program Files\Java\jdk1.8.0_111\jre\bin\t2k.dll
0x00007ffc43500000 - 0x00007ffc4359e000 	C:\Windows\System32\clbcatq.dll
0x00007ffc3e160000 - 0x00007ffc3e30b000 	C:\Windows\SYSTEM32\WindowsCodecs.dll
0x00007ffc39130000 - 0x00007ffc3917f000 	C:\Windows\system32\dataexchange.dll
0x00007ffc3ffd0000 - 0x00007ffc40112000 	C:\Windows\system32\dcomp.dll
0x00007ffc3efe0000 - 0x00007ffc3f2c2000 	C:\Windows\system32\d3d11.dll
0x00007ffc41180000 - 0x00007ffc4122f000 	C:\Windows\system32\dxgi.dll
0x00007ffc40d00000 - 0x00007ffc40e7b000 	C:\Windows\system32\twinapi.appcore.dll
0x00007ffc40cb0000 - 0x00007ffc40cd0000 	C:\Windows\system32\RMCLIENT.dll
0x00007ffc41e70000 - 0x00007ffc41e95000 	C:\Windows\system32\bcrypt.dll
0x00007ffc38c60000 - 0x00007ffc38cf8000 	C:\Windows\System32\TextInputFramework.dll
0x00007ffc3f740000 - 0x00007ffc3f81d000 	C:\Windows\System32\CoreMessaging.dll
0x00007ffc3dd20000 - 0x00007ffc3e00e000 	C:\Windows\System32\CoreUIComponents.dll
0x00007ffc41450000 - 0x00007ffc41481000 	C:\Windows\SYSTEM32\ntmarta.dll
0x00007ffc3e730000 - 0x00007ffc3e866000 	C:\Windows\SYSTEM32\wintypes.dll
0x00007ffc1a200000 - 0x00007ffc1a2a6000 	C:\Windows\WinSxS\amd64_microsoft.windows.common-controls_6595b64144ccf1df_5.82.16299.64_none_e47b13aa03396f3a\comctl32.dll
0x00007ffc3f820000 - 0x00007ffc3f9d1000 	C:\Windows\SYSTEM32\PROPSYS.dll
0x00007ffc3c6a0000 - 0x00007ffc3cc94000 	C:\Windows\System32\OneCoreUAPCommonProxyStub.dll
0x00007ffc1a570000 - 0x00007ffc1a697000 	C:\Windows\system32\NetworkExplorer.dll
0x00007ffc3efc0000 - 0x00007ffc3efdb000 	C:\Windows\SYSTEM32\MPR.dll
0x00007ffc37510000 - 0x00007ffc3751b000 	C:\Windows\System32\drprov.dll
0x00007ffc414c0000 - 0x00007ffc41515000 	C:\Windows\System32\WINSTA.dll
0x00007ffc2a190000 - 0x00007ffc2a1a6000 	C:\Windows\System32\ntlanman.dll
0x00007ffc25c50000 - 0x00007ffc25c6c000 	C:\Windows\System32\davclnt.dll
0x00007ffc35a70000 - 0x00007ffc35a7c000 	C:\Windows\System32\DAVHLPR.dll
0x00007ffc3e9f0000 - 0x00007ffc3ea07000 	C:\Windows\System32\wkscli.dll
0x00007ffc32f60000 - 0x00007ffc32f72000 	C:\Windows\SYSTEM32\cscapi.dll
0x00007ffc24eb0000 - 0x00007ffc24efa000 	C:\Windows\System32\dlnashext.dll
0x00007ffc1a390000 - 0x00007ffc1a3f3000 	C:\Windows\System32\PlayToDevice.dll
0x00007ffc25a70000 - 0x00007ffc25a8f000 	C:\Windows\System32\DevDispItemProvider.dll
0x00007ffc3db40000 - 0x00007ffc3dbaf000 	C:\Windows\System32\MMDevApi.dll
0x00007ffc42120000 - 0x00007ffc42147000 	C:\Windows\System32\DEVOBJ.dll
0x00007ffc19f60000 - 0x00007ffc1a13f000 	C:\Windows\system32\wpdshext.dll
0x00007ffc34d90000 - 0x00007ffc34f2c000 	C:\Windows\WinSxS\amd64_microsoft.windows.gdiplus_6595b64144ccf1df_1.1.16299.64_none_4c5a740035ade6b7\gdiplus.dll
0x00007ffc26220000 - 0x00007ffc262c0000 	C:\Windows\System32\PortableDeviceApi.dll
0x00007ffc436c0000 - 0x00007ffc43b0e000 	C:\Windows\System32\SETUPAPI.dll
0x00007ffc42900000 - 0x00007ffc42958000 	C:\Windows\System32\WINTRUST.dll
0x00007ffc42380000 - 0x00007ffc42392000 	C:\Windows\System32\MSASN1.dll
0x00007ffc424c0000 - 0x00007ffc4268e000 	C:\Windows\System32\CRYPT32.dll
0x00007ffc37980000 - 0x00007ffc379b6000 	C:\Windows\System32\EhStorShell.dll
0x00007ffc34c00000 - 0x00007ffc34c25000 	C:\Windows\System32\EhStorAPI.dll
0x00007ffc3f700000 - 0x00007ffc3f713000 	C:\Windows\System32\WTSAPI32.dll
0x00007ffc3ef20000 - 0x00007ffc3ef30000 	C:\Windows\SYSTEM32\LINKINFO.dll
0x00007ffc0e410000 - 0x00007ffc0e4d7000 	C:\Users\FliaMejias\.javacpp\cache\ffmpeg-windows-x86_64.jar\org\bytedeco\javacpp\windows-x86_64\avutil-55.dll
0x000000006fe00000 - 0x000000006fed2000 	C:\Users\FliaMejias\.javacpp\cache\ffmpeg-windows-x86_64.jar\org\bytedeco\javacpp\windows-x86_64\jniavutil.dll
0x00007ffc1b090000 - 0x00007ffc1b0b8000 	C:\Users\FliaMejias\.javacpp\cache\ffmpeg-windows-x86_64.jar\org\bytedeco\javacpp\windows-x86_64\swresample-2.dll
0x0000000070080000 - 0x00000000700ae000 	C:\Users\FliaMejias\.javacpp\cache\ffmpeg-windows-x86_64.jar\org\bytedeco\javacpp\windows-x86_64\jniswresample.dll
0x00007ffc0ab80000 - 0x00007ffc0cb29000 	C:\Users\FliaMejias\.javacpp\cache\ffmpeg-windows-x86_64.jar\org\bytedeco\javacpp\windows-x86_64\avcodec-57.dll
0x000000006a1c0000 - 0x000000006a44d000 	C:\Users\FliaMejias\.javacpp\cache\ffmpeg-windows-x86_64.jar\org\bytedeco\javacpp\windows-x86_64\jniavcodec.dll
0x00007ffc0a730000 - 0x00007ffc0ab7d000 	C:\Users\FliaMejias\.javacpp\cache\ffmpeg-windows-x86_64.jar\org\bytedeco\javacpp\windows-x86_64\avformat-57.dll
0x00007ffc3bca0000 - 0x00007ffc3bcac000 	C:\Windows\SYSTEM32\Secur32.dll
0x00007ffc42240000 - 0x00007ffc42270000 	C:\Windows\SYSTEM32\SSPICLI.DLL
0x000000006abc0000 - 0x000000006ad0a000 	C:\Users\FliaMejias\.javacpp\cache\ffmpeg-windows-x86_64.jar\org\bytedeco\javacpp\windows-x86_64\jniavformat.dll
0x00007ffc18550000 - 0x00007ffc185e4000 	C:\Users\FliaMejias\.javacpp\cache\ffmpeg-windows-x86_64.jar\org\bytedeco\javacpp\windows-x86_64\swscale-4.dll
0x0000000067cc0000 - 0x0000000067cf6000 	C:\Users\FliaMejias\.javacpp\cache\ffmpeg-windows-x86_64.jar\org\bytedeco\javacpp\windows-x86_64\jniswscale.dll
0x00007ffc1aeb0000 - 0x00007ffc1aeda000 	C:\Users\FliaMejias\.javacpp\cache\ffmpeg-windows-x86_64.jar\org\bytedeco\javacpp\windows-x86_64\postproc-54.dll
0x000000006a0c0000 - 0x000000006a0ec000 	C:\Users\FliaMejias\.javacpp\cache\ffmpeg-windows-x86_64.jar\org\bytedeco\javacpp\windows-x86_64\jnipostproc.dll
0x00007ffc0a3d0000 - 0x00007ffc0a729000 	C:\Users\FliaMejias\.javacpp\cache\ffmpeg-windows-x86_64.jar\org\bytedeco\javacpp\windows-x86_64\avfilter-6.dll
0x0000000064400000 - 0x0000000064478000 	C:\Users\FliaMejias\.javacpp\cache\ffmpeg-windows-x86_64.jar\org\bytedeco\javacpp\windows-x86_64\jniavfilter.dll
0x00007ffc1a7a0000 - 0x00007ffc1a7cd000 	C:\Users\FliaMejias\.javacpp\cache\ffmpeg-windows-x86_64.jar\org\bytedeco\javacpp\windows-x86_64\avdevice-57.dll
0x00007ffc2a1b0000 - 0x00007ffc2a1c8000 	C:\Windows\SYSTEM32\AVICAP32.dll
0x00007ffc1a770000 - 0x00007ffc1a799000 	C:\Windows\SYSTEM32\MSVFW32.dll
0x000000001edb0000 - 0x000000001ede9000 	C:\Users\FliaMejias\.javacpp\cache\ffmpeg-windows-x86_64.jar\org\bytedeco\javacpp\windows-x86_64\jniavdevice.dll
0x00007ffc0e3b0000 - 0x00007ffc0e401000 	C:\Users\FliaMejias\.javacpp\cache\opencv-windows-x86_64.jar\org\bytedeco\javacpp\windows-x86_64\concrt140.dll
0x00007ffc36e50000 - 0x00007ffc36ef6000 	C:\Windows\SYSTEM32\MSVCP140.dll
0x00007ffc3e990000 - 0x00007ffc3e9a6000 	C:\Windows\SYSTEM32\VCRUNTIME140.dll
0x00007ffc0d650000 - 0x00007ffc0d6ed000 	C:\Users\FliaMejias\.javacpp\cache\opencv-windows-x86_64.jar\org\bytedeco\javacpp\windows-x86_64\msvcp140.dll
0x00007ffc1b070000 - 0x00007ffc1b087000 	C:\Users\FliaMejias\.javacpp\cache\opencv-windows-x86_64.jar\org\bytedeco\javacpp\windows-x86_64\vcruntime140.dll
0x000000001edf0000 - 0x000000001edf3000 	C:\Users\FliaMejias\.javacpp\cache\opencv-windows-x86_64.jar\org\bytedeco\javacpp\windows-x86_64\api-ms-win-crt-locale-l1-1-0.dll
0x000000001ee00000 - 0x000000001ee04000 	C:\Users\FliaMejias\.javacpp\cache\opencv-windows-x86_64.jar\org\bytedeco\javacpp\windows-x86_64\api-ms-win-crt-string-l1-1-0.dll
0x000000001ee10000 - 0x000000001ee14000 	C:\Users\FliaMejias\.javacpp\cache\opencv-windows-x86_64.jar\org\bytedeco\javacpp\windows-x86_64\api-ms-win-crt-stdio-l1-1-0.dll
0x000000001ee20000 - 0x000000001ee25000 	C:\Users\FliaMejias\.javacpp\cache\opencv-windows-x86_64.jar\org\bytedeco\javacpp\windows-x86_64\api-ms-win-crt-math-l1-1-0.dll
0x000000001ee30000 - 0x000000001ee33000 	C:\Users\FliaMejias\.javacpp\cache\opencv-windows-x86_64.jar\org\bytedeco\javacpp\windows-x86_64\api-ms-win-crt-heap-l1-1-0.dll
0x000000001ee40000 - 0x000000001ee44000 	C:\Users\FliaMejias\.javacpp\cache\opencv-windows-x86_64.jar\org\bytedeco\javacpp\windows-x86_64\api-ms-win-crt-runtime-l1-1-0.dll
0x000000001ee50000 - 0x000000001ee54000 	C:\Users\FliaMejias\.javacpp\cache\opencv-windows-x86_64.jar\org\bytedeco\javacpp\windows-x86_64\api-ms-win-crt-convert-l1-1-0.dll
0x000000001ee60000 - 0x000000001ee63000 	C:\Users\FliaMejias\.javacpp\cache\opencv-windows-x86_64.jar\org\bytedeco\javacpp\windows-x86_64\api-ms-win-crt-environment-l1-1-0.dll
0x000000001ee70000 - 0x000000001ee73000 	C:\Users\FliaMejias\.javacpp\cache\opencv-windows-x86_64.jar\org\bytedeco\javacpp\windows-x86_64\api-ms-win-crt-time-l1-1-0.dll

VM Arguments:
jvm_args: -Xdebug -Xrunjdwp:transport=dt_shmem,address=javadebug -Dfile.encoding=UTF-8 
java_command: IEv4.IEv4
java_class_path (initial): C:\Users\FliaMejias\Desktop\javaCV\artoolkitplus-platform.jar;C:\Users\FliaMejias\Desktop\javaCV\artoolkitplus-windows-x86.jar;C:\Users\FliaMejias\Desktop\javaCV\artoolkitplus-windows-x86_64.jar;C:\Users\FliaMejias\Desktop\javaCV\artoolkitplus.jar;C:\Users\FliaMejias\Desktop\javaCV\ffmpeg-platform.jar;C:\Users\FliaMejias\Desktop\javaCV\ffmpeg-windows-x86.jar;C:\Users\FliaMejias\Desktop\javaCV\ffmpeg-windows-x86_64.jar;C:\Users\FliaMejias\Desktop\javaCV\ffmpeg.jar;C:\Users\FliaMejias\Desktop\javaCV\flandmark-platform.jar;C:\Users\FliaMejias\Desktop\javaCV\flandmark-windows-x86.jar;C:\Users\FliaMejias\Desktop\javaCV\flandmark-windows-x86_64.jar;C:\Users\FliaMejias\Desktop\javaCV\flandmark.jar;C:\Users\FliaMejias\Desktop\javaCV\flycapture-platform.jar;C:\Users\FliaMejias\Desktop\javaCV\flycapture-windows-x86.jar;C:\Users\FliaMejias\Desktop\javaCV\flycapture-windows-x86_64.jar;C:\Users\FliaMejias\Desktop\javaCV\flycapture.jar;C:\Users\FliaMejias\Desktop\javaCV\javacpp.jar;C:\Users\FliaMejias\Desktop\javaCV\javacv-platform.jar;C:\Users\FliaMejias\Desktop\javaCV\javacv.jar;C:\Users\FliaMejias\Desktop\javaCV\libdc1394-platform.jar;C:\Users\FliaMejias\Desktop\javaCV\libdc1394-windows-x86.jar;C:\Users\FliaMejias\Desktop\javaCV\libdc1394-windows-x86_64.jar;C:\Users\FliaMejias\Desktop\javaCV\libdc1394.jar;C:\Users\FliaMejias\Desktop\javaCV\libfreenect-platform.jar;C:\Users\FliaMejias\Desktop\javaCV\libfreenect-windows-x86.jar;C:\Users\FliaMejias\Desktop\javaCV\libfreenect-windows-x86_64.jar;C:\Users\FliaMejias\Desktop\javaCV\libfreenect.jar;C:\Users\FliaMejias\Desktop\javaCV\libfreenect2-platform.jar;C:\Users\FliaMejias\Desktop\javaCV\libfreenect2-windows-x86_64.jar;C:\Users\FliaMejias\Desktop\javaCV\libfreenect2.jar;C:\Users\FliaMejias\Desktop\javaCV\librealsense-platform.jar;C:\Users\FliaMejias\Desktop\javaCV\librealsense-windows-x86.jar;C:\Users\FliaMejias\Desktop\javaCV\librealsense-windows-x86_64.jar;C:\Users\FliaMejias\Desktop\javaCV\libreals
Launcher Type: SUN_STANDARD

Environment Variables:
PATH=C:\Program Files (x86)\Common Files\Oracle\Java\javapath;C:\ProgramData\Oracle\Java\javapath;C:\Windows\system32;C:\Windows;C:\Windows\System32\Wbem;C:\Windows\System32\WindowsPowerShell\v1.0\;C:\Program Files\Git\cmd;C:\Program Files\nodejs\;C:\xampp\php;C:\ProgramData\ComposerSetup\bin;C:\Program Files\SourceGear\Common\DiffMerge\;C:\Program Files (x86)\GtkSharp\2.12\bin;C:\Users\FliaMejias\AppData\Local\Microsoft\WindowsApps;C:\Program Files\Microsoft VS Code\bin;C:\Users\FliaMejias\AppData\Roaming\npm;C:\cygwin64\bin;C:\Users\FliaMejias\AppData\Roaming\Composer\vendor\bin
USERNAME=FliaMejias
OS=Windows_NT
PROCESSOR_IDENTIFIER=Intel64 Family 6 Model 58 Stepping 9, GenuineIntel



---------------  S Y S T E M  ---------------

OS: Windows 10.0 , 64 bit Build 16299 (10.0.16299.15)

CPU:total 4 (2 cores per cpu, 2 threads per core) family 6 model 58 stepping 9, cmov, cx8, fxsr, mmx, sse, sse2, sse3, ssse3, sse4.1, sse4.2, popcnt, avx, clmul, erms, ht, tsc, tscinvbit, tscinv

Memory: 4k page, physical 8282888k(2662308k free), swap 13388080k(4113332k free)

vm_info: Java HotSpot(TM) 64-Bit Server VM (25.111-b14) for windows-amd64 JRE (1.8.0_111-b14), built on Sep 22 2016 19:24:05 by "java_re" with MS VC++ 10.0 (VS2010)

time: Sun Jun 24 19:13:50 2018
elapsed time: 28 seconds (0d 0h 0m 28s)

