#
# A fatal error has been detected by the Java Runtime Environment:
#
#  EXCEPTION_ACCESS_VIOLATION (0xc0000005) at pc=0x000000005e8b51c0, pid=9144, tid=0x0000000000002950
#
# JRE version: Java(TM) SE Runtime Environment (8.0_111-b14) (build 1.8.0_111-b14)
# Java VM: Java HotSpot(TM) 64-Bit Server VM (25.111-b14 mixed mode windows-amd64 compressed oops)
# Problematic frame:
# V  [jvm.dll+0x2751c0]
#
# Failed to write core dump. Minidumps are not enabled by default on client versions of Windows
#
# If you would like to submit a bug report, please visit:
#   http://bugreport.java.com/bugreport/crash.jsp
#

---------------  T H R E A D  ---------------

Current thread (0x000000001b90f000):  JavaThread "AWT-EventQueue-0" [_thread_in_vm, id=10576, stack(0x000000001c480000,0x000000001c580000)]

siginfo: ExceptionCode=0xc0000005, reading address 0x0000000025d500f8

Registers:
RAX=0x0000000027dfff70, RBX=0x000000001b90f000, RCX=0x0000000026648368, RDX=0x0000000025d500f8
RSP=0x000000001c57c550, RBP=0x0000000000000000, RSI=0x000000000004bf00, RDI=0x0000000000000000
R8 =0x00000000000097e0, R9 =0x00000000265fc470, R10=0x00000000050c0fb2, R11=0x00000000050c0f58
R12=0x0000000025d04200, R13=0x000000001c57c650, R14=0x000000001c57c718, R15=0x000000001b90f000
RIP=0x000000005e8b51c0, EFLAGS=0x0000000000010202

Top of Stack: (sp=0x000000001c57c550)
0x000000001c57c550:   0000000000000007 000000005ee4ee78
0x000000001c57c560:   000000000004bf00 000000005f7a8d17
0x000000001c57c570:   000000000004bf00 000000005e823b57
0x000000001c57c580:   0000000000000000 000000000004bf00
0x000000001c57c590:   0000000000000000 000000005e823750
0x000000001c57c5a0:   0000000000000007 000000000004bf00
0x000000001c57c5b0:   0000000000000000 00000000050c1030
0x000000001c57c5c0:   0000000000000000 0000000018c002c8
0x000000001c57c5d0:   000000001c57c630 00000000265fc470
0x000000001c57c5e0:   0000000000000000 00000000265fc470
0x000000001c57c5f0:   000000000004bf00 00000000d7e117d8
0x000000001c57c600:   0000000000000000 0000000000000000
0x000000001c57c610:   0000000000000000 0000000000000000
0x000000001c57c620:   000000001c57c660 000000001c57c760
0x000000001c57c630:   000000001c57c6d8 00000000049d83fd
0x000000001c57c640:   000000000004bf00 00000000049d83fd 

Instructions: (pc=0x000000005e8b51c0)
0x000000005e8b51a0:   ef 48 83 c4 28 c3 4a 8d 54 c1 f8 4b 8d 4c c1 f8
0x000000005e8b51b0:   4d 85 c0 0f 84 9a 00 00 00 0f 1f 80 00 00 00 00
0x000000005e8b51c0:   48 8b 02 48 83 e9 08 48 83 ea 08 49 ff c8 48 89
0x000000005e8b51d0:   41 08 75 ec 48 83 c4 28 c3 a8 03 75 5a 49 c1 e8 


Register to memory mapping:

RAX=0x0000000027dfff70 is an unknown value
RBX=0x000000001b90f000 is a thread
RCX=0x0000000026648368 is an unknown value
RDX=0x0000000025d500f8 is an unknown value
RSP=0x000000001c57c550 is pointing into the stack for thread: 0x000000001b90f000
RBP=0x0000000000000000 is an unknown value
RSI=0x000000000004bf00 is an unknown value
RDI=0x0000000000000000 is an unknown value
R8 =0x00000000000097e0 is an unknown value
R9 =0x00000000265fc470 is an unknown value
R10=0x00000000050c0fb2 is at entry_point+114 in (nmethod*)0x00000000050c0dd0
R11=0x00000000050c0f58 is at entry_point+24 in (nmethod*)0x00000000050c0dd0
R12=0x0000000025d04200 is an unknown value
R13=0x000000001c57c650 is pointing into the stack for thread: 0x000000001b90f000
R14=0x000000001c57c718 is pointing into the stack for thread: 0x000000001b90f000
R15=0x000000001b90f000 is a thread


Stack: [0x000000001c480000,0x000000001c580000],  sp=0x000000001c57c550,  free space=1009k
Native frames: (J=compiled Java code, j=interpreted, Vv=VM code, C=native code)

Java frames: (J=compiled Java code, j=interpreted, Vv=VM code)
J 1980  sun.misc.Unsafe.copyMemory(Ljava/lang/Object;JLjava/lang/Object;JJ)V (0 bytes) @ 0x00000000050c0fb2 [0x00000000050c0f40+0x72]
j  sun.misc.Unsafe.copyMemory(JJJ)V+7
j  java.nio.DirectByteBuffer.put(Ljava/nio/ByteBuffer;)Ljava/nio/ByteBuffer;+157
J 2255 C1 org.bytedeco.javacv.Frame.cloneBufferArray([Ljava/nio/Buffer;)[Ljava/nio/Buffer; (405 bytes) @ 0x00000000051bb204 [0x00000000051baba0+0x664]
j  org.bytedeco.javacv.Frame.clone()Lorg/bytedeco/javacv/Frame;+69
j  org.bytedeco.javacv.Java2DFrameUtils.toBufferedImage(Lorg/bytedeco/javacpp/opencv_core$Mat;)Ljava/awt/image/BufferedImage;+10
j  IEv4.Imagensish.<init>(Lorg/bytedeco/javacpp/opencv_core$Mat;I)V+29
j  IEv4.DB.TileImage()V+68
j  IEv4.DB.GenerateMosaic()Lorg/bytedeco/javacpp/opencv_core$Mat;+1
j  IEv4.IEv4UI.ShowPhotoMosaicActionPerformed(Ljava/awt/event/ActionEvent;)V+47
j  IEv4.IEv4UI.access$1800(LIEv4/IEv4UI;Ljava/awt/event/ActionEvent;)V+2
j  IEv4.IEv4UI$19.actionPerformed(Ljava/awt/event/ActionEvent;)V+5
j  javax.swing.AbstractButton.fireActionPerformed(Ljava/awt/event/ActionEvent;)V+83
j  javax.swing.AbstractButton$Handler.actionPerformed(Ljava/awt/event/ActionEvent;)V+5
j  javax.swing.DefaultButtonModel.fireActionPerformed(Ljava/awt/event/ActionEvent;)V+34
j  javax.swing.DefaultButtonModel.setPressed(Z)V+117
j  javax.swing.plaf.basic.BasicButtonListener.mouseReleased(Ljava/awt/event/MouseEvent;)V+35
j  java.awt.Component.processMouseEvent(Ljava/awt/event/MouseEvent;)V+64
j  javax.swing.JComponent.processMouseEvent(Ljava/awt/event/MouseEvent;)V+23
J 1384 C1 java.awt.Component.processEvent(Ljava/awt/AWTEvent;)V (220 bytes) @ 0x0000000004ea3b1c [0x0000000004ea35e0+0x53c]
J 1252 C1 java.awt.Container.processEvent(Ljava/awt/AWTEvent;)V (22 bytes) @ 0x0000000004e0b9ec [0x0000000004e0b6a0+0x34c]
J 1217 C1 java.awt.Component.dispatchEventImpl(Ljava/awt/AWTEvent;)V (883 bytes) @ 0x0000000004df19cc [0x0000000004dec480+0x554c]
J 993 C1 java.awt.Container.dispatchEventImpl(Ljava/awt/AWTEvent;)V (129 bytes) @ 0x0000000004d31324 [0x0000000004d311e0+0x144]
J 1286 C1 java.awt.LightweightDispatcher.retargetMouseEvent(Ljava/awt/Component;ILjava/awt/event/MouseEvent;)V (350 bytes) @ 0x0000000004e32574 [0x0000000004e301e0+0x2394]
J 1366 C1 java.awt.LightweightDispatcher.processMouseEvent(Ljava/awt/event/MouseEvent;)Z (286 bytes) @ 0x0000000004e877dc [0x0000000004e86080+0x175c]
J 1228 C1 java.awt.LightweightDispatcher.dispatchEvent(Ljava/awt/AWTEvent;)Z (73 bytes) @ 0x0000000004dfc774 [0x0000000004dfc340+0x434]
J 993 C1 java.awt.Container.dispatchEventImpl(Ljava/awt/AWTEvent;)V (129 bytes) @ 0x0000000004d312c4 [0x0000000004d311e0+0xe4]
J 1285 C1 java.awt.Window.dispatchEventImpl(Ljava/awt/AWTEvent;)V (23 bytes) @ 0x0000000004e2fb2c [0x0000000004e2f540+0x5ec]
J 1084 C1 java.awt.EventQueue.dispatchEventImpl(Ljava/awt/AWTEvent;Ljava/lang/Object;)V (149 bytes) @ 0x0000000004d6f274 [0x0000000004d6da00+0x1874]
J 1082 C1 java.awt.EventQueue$3.run()Ljava/lang/Void; (60 bytes) @ 0x0000000004d6cddc [0x0000000004d6cbc0+0x21c]
J 1081 C1 java.awt.EventQueue$3.run()Ljava/lang/Object; (5 bytes) @ 0x0000000004d6c854 [0x0000000004d6c7c0+0x94]
v  ~StubRoutines::call_stub
J 930  java.security.AccessController.doPrivileged(Ljava/security/PrivilegedAction;Ljava/security/AccessControlContext;)Ljava/lang/Object; (0 bytes) @ 0x0000000004cf8866 [0x0000000004cf8800+0x66]
J 1215 C1 java.awt.EventQueue$4.run()Ljava/lang/Object; (5 bytes) @ 0x0000000004dea5fc [0x0000000004dea1c0+0x43c]
v  ~StubRoutines::call_stub
J 930  java.security.AccessController.doPrivileged(Ljava/security/PrivilegedAction;Ljava/security/AccessControlContext;)Ljava/lang/Object; (0 bytes) @ 0x0000000004cf8866 [0x0000000004cf8800+0x66]
J 979 C1 java.awt.EventQueue.dispatchEvent(Ljava/awt/AWTEvent;)V (80 bytes) @ 0x0000000004d23464 [0x0000000004d225c0+0xea4]
J 986 C1 java.awt.EventDispatchThread.pumpOneEventForFilters(I)V (295 bytes) @ 0x0000000004d2bf6c [0x0000000004d2a360+0x1c0c]
j  java.awt.EventDispatchThread.pumpEventsForFilter(ILjava/awt/Conditional;Ljava/awt/EventFilter;)V+35
j  java.awt.EventDispatchThread.pumpEventsForHierarchy(ILjava/awt/Conditional;Ljava/awt/Component;)V+11
j  java.awt.EventDispatchThread.pumpEvents(ILjava/awt/Conditional;)V+4
j  java.awt.EventDispatchThread.pumpEvents(Ljava/awt/Conditional;)V+3
j  java.awt.EventDispatchThread.run()V+9
v  ~StubRoutines::call_stub

---------------  P R O C E S S  ---------------

Java Threads: ( => current thread )
  0x000000001bbe7800 JavaThread "JavaCPP Deallocator" daemon [_thread_blocked, id=9276, stack(0x00000000216b0000,0x00000000217b0000)]
  0x000000001bab5000 JavaThread "Swing-Shell" daemon [_thread_blocked, id=14960, stack(0x000000001e1e0000,0x000000001e2e0000)]
  0x000000001ba48000 JavaThread "TimerQueue" daemon [_thread_blocked, id=11268, stack(0x000000001cca0000,0x000000001cda0000)]
  0x000000001b91a000 JavaThread "org.netbeans.modules.debugger.jpda.visual AWT Access Loop" daemon [_thread_blocked, id=5172, stack(0x000000001c580000,0x000000001c680000)]
  0x00000000048d2800 JavaThread "DestroyJavaVM" [_thread_blocked, id=8044, stack(0x00000000047d0000,0x00000000048d0000)]
=>0x000000001b90f000 JavaThread "AWT-EventQueue-0" [_thread_in_vm, id=10576, stack(0x000000001c480000,0x000000001c580000)]
  0x000000001b909000 JavaThread "AWT-Windows" daemon [_thread_in_native, id=8836, stack(0x000000001c2b0000,0x000000001c3b0000)]
  0x000000001b908000 JavaThread "AWT-Shutdown" [_thread_blocked, id=2960, stack(0x000000001c1b0000,0x000000001c2b0000)]
  0x000000001b906000 JavaThread "Java2D Disposer" daemon [_thread_blocked, id=852, stack(0x000000001c0b0000,0x000000001c1b0000)]
  0x000000001b09b000 JavaThread "Service Thread" daemon [_thread_blocked, id=5508, stack(0x000000001b570000,0x000000001b670000)]
  0x000000001b098800 JavaThread "C1 CompilerThread2" daemon [_thread_blocked, id=12788, stack(0x000000001b470000,0x000000001b570000)]
  0x000000001954b800 JavaThread "C2 CompilerThread1" daemon [_thread_blocked, id=9184, stack(0x000000001af70000,0x000000001b070000)]
  0x0000000019546800 JavaThread "C2 CompilerThread0" daemon [_thread_blocked, id=14576, stack(0x000000001ae70000,0x000000001af70000)]
  0x0000000019539800 JavaThread "JDWP Command Reader" daemon [_thread_in_native, id=10076, stack(0x000000001ad70000,0x000000001ae70000)]
  0x0000000019533000 JavaThread "JDWP Event Helper Thread" daemon [_thread_blocked, id=7044, stack(0x000000001ac70000,0x000000001ad70000)]
  0x0000000019525000 JavaThread "JDWP Transport Listener: dt_shmem" daemon [_thread_blocked, id=12736, stack(0x000000001ab70000,0x000000001ac70000)]
  0x000000001951e000 JavaThread "Attach Listener" daemon [_thread_blocked, id=6392, stack(0x000000001aa70000,0x000000001ab70000)]
  0x000000001951c800 JavaThread "Signal Dispatcher" daemon [_thread_blocked, id=3620, stack(0x000000001a970000,0x000000001aa70000)]
  0x00000000049ce800 JavaThread "Finalizer" daemon [_thread_blocked, id=11236, stack(0x000000001a780000,0x000000001a880000)]
  0x00000000049c2000 JavaThread "Reference Handler" daemon [_thread_blocked, id=7504, stack(0x000000001a680000,0x000000001a780000)]

Other Threads:
  0x00000000194e7000 VMThread [stack: 0x000000001a580000,0x000000001a680000] [id=5072]
  0x000000001b0a0800 WatcherThread [stack: 0x000000001b670000,0x000000001b770000] [id=14696]

VM state:not at safepoint (normal execution)

VM Mutex/Monitor currently owned by a thread: None

Heap:
 PSYoungGen      total 38400K, used 36564K [0x00000000d5d80000, 0x00000000dab80000, 0x0000000100000000)
  eden space 33280K, 94% used [0x00000000d5d80000,0x00000000d7c366b0,0x00000000d7e00000)
  from space 5120K, 99% used [0x00000000d7e00000,0x00000000d82febf0,0x00000000d8300000)
  to   space 6656K, 0% used [0x00000000da500000,0x00000000da500000,0x00000000dab80000)
 ParOldGen       total 87552K, used 3455K [0x0000000081800000, 0x0000000086d80000, 0x00000000d5d80000)
  object space 87552K, 3% used [0x0000000081800000,0x0000000081b5fd28,0x0000000086d80000)
 Metaspace       used 19248K, capacity 19506K, committed 19584K, reserved 1067008K
  class space    used 2336K, capacity 2419K, committed 2432K, reserved 1048576K

Card table byte_map: [0x0000000013d90000,0x0000000014190000] byte_map_base: 0x0000000013984000

Marking Bits: (ParMarkBitMap*) 0x000000005ee5a6c0
 Begin Bits: [0x0000000014840000, 0x00000000167e0000)
 End Bits:   [0x00000000167e0000, 0x0000000018780000)

Polling page: 0x0000000002f50000

CodeCache: size=245760Kb used=8375Kb max_used=8375Kb free=237384Kb
 bounds [0x00000000049d0000, 0x0000000005210000, 0x00000000139d0000]
 total_blobs=2957 nmethods=2320 adapters=556
 compilation: enabled

Compilation events (10 events):
Event: 26.061 Thread 0x000000001b098800 nmethod 2332 0x00000000051fa290 code [0x00000000051fa400, 0x00000000051fa5d0]
Event: 26.061 Thread 0x000000001b098800 2333       3       java.awt.image.BufferedImage::<init> (926 bytes)
Event: 26.063 Thread 0x000000001b098800 nmethod 2333 0x00000000051fa690 code [0x00000000051fab40, 0x00000000051fd558]
Event: 26.063 Thread 0x000000001b098800 2334       3       java.awt.image.ComponentColorModel::bitsHelper (23 bytes)
Event: 26.064 Thread 0x000000001b098800 nmethod 2334 0x00000000051fea50 code [0x00000000051febc0, 0x00000000051fee28]
Event: 26.064 Thread 0x000000001b098800 2335       3       java.awt.image.ComponentColorModel::bitsArrayHelper (89 bytes)
Event: 26.064 Thread 0x000000001b098800 nmethod 2335 0x00000000051fef10 code [0x00000000051ff0a0, 0x00000000051ff4a8]
Event: 26.064 Thread 0x000000001b098800 2336       3       java.awt.image.ComponentColorModel::setupLUTs (378 bytes)
Event: 26.065 Thread 0x000000001b098800 nmethod 2336 0x00000000051ff650 code [0x00000000051ff980, 0x0000000005200fc8]
Event: 26.066 Thread 0x000000001b098800 2337       3       org.bytedeco.javacpp.helper.opencv_core$AbstractMat::<init> (6 bytes)

GC Heap History (10 events):
Event: 15.966 GC heap before
{Heap before GC invocations=1 (full 0):
 PSYoungGen      total 38400K, used 33280K [0x00000000d5d80000, 0x00000000d8800000, 0x0000000100000000)
  eden space 33280K, 100% used [0x00000000d5d80000,0x00000000d7e00000,0x00000000d7e00000)
  from space 5120K, 0% used [0x00000000d8300000,0x00000000d8300000,0x00000000d8800000)
  to   space 5120K, 0% used [0x00000000d7e00000,0x00000000d7e00000,0x00000000d8300000)
 ParOldGen       total 87552K, used 0K [0x0000000081800000, 0x0000000086d80000, 0x00000000d5d80000)
  object space 87552K, 0% used [0x0000000081800000,0x0000000081800000,0x0000000086d80000)
 Metaspace       used 16180K, capacity 16396K, committed 16512K, reserved 1062912K
  class space    used 2053K, capacity 2130K, committed 2176K, reserved 1048576K
Event: 15.980 GC heap after
Heap after GC invocations=1 (full 0):
 PSYoungGen      total 38400K, used 5091K [0x00000000d5d80000, 0x00000000d8800000, 0x0000000100000000)
  eden space 33280K, 0% used [0x00000000d5d80000,0x00000000d5d80000,0x00000000d7e00000)
  from space 5120K, 99% used [0x00000000d7e00000,0x00000000d82f8ee8,0x00000000d8300000)
  to   space 5120K, 0% used [0x00000000d8300000,0x00000000d8300000,0x00000000d8800000)
 ParOldGen       total 87552K, used 1031K [0x0000000081800000, 0x0000000086d80000, 0x00000000d5d80000)
  object space 87552K, 1% used [0x0000000081800000,0x0000000081901e38,0x0000000086d80000)
 Metaspace       used 16180K, capacity 16396K, committed 16512K, reserved 1062912K
  class space    used 2053K, capacity 2130K, committed 2176K, reserved 1048576K
}
Event: 17.513 GC heap before
{Heap before GC invocations=2 (full 0):
 PSYoungGen      total 38400K, used 38371K [0x00000000d5d80000, 0x00000000d8800000, 0x0000000100000000)
  eden space 33280K, 100% used [0x00000000d5d80000,0x00000000d7e00000,0x00000000d7e00000)
  from space 5120K, 99% used [0x00000000d7e00000,0x00000000d82f8ee8,0x00000000d8300000)
  to   space 5120K, 0% used [0x00000000d8300000,0x00000000d8300000,0x00000000d8800000)
 ParOldGen       total 87552K, used 1031K [0x0000000081800000, 0x0000000086d80000, 0x00000000d5d80000)
  object space 87552K, 1% used [0x0000000081800000,0x0000000081901e38,0x0000000086d80000)
 Metaspace       used 18590K, capacity 18834K, committed 19072K, reserved 1067008K
  class space    used 2312K, capacity 2387K, committed 2432K, reserved 1048576K
Event: 17.521 GC heap after
Heap after GC invocations=2 (full 0):
 PSYoungGen      total 38400K, used 5091K [0x00000000d5d80000, 0x00000000d8800000, 0x0000000100000000)
  eden space 33280K, 0% used [0x00000000d5d80000,0x00000000d5d80000,0x00000000d7e00000)
  from space 5120K, 99% used [0x00000000d8300000,0x00000000d87f8f08,0x00000000d8800000)
  to   space 5120K, 0% used [0x00000000d7e00000,0x00000000d7e00000,0x00000000d8300000)
 ParOldGen       total 87552K, used 2154K [0x0000000081800000, 0x0000000086d80000, 0x00000000d5d80000)
  object space 87552K, 2% used [0x0000000081800000,0x0000000081a1aae0,0x0000000086d80000)
 Metaspace       used 18590K, capacity 18834K, committed 19072K, reserved 1067008K
  class space    used 2312K, capacity 2387K, committed 2432K, reserved 1048576K
}
Event: 25.761 GC heap before
{Heap before GC invocations=3 (full 0):
 PSYoungGen      total 38400K, used 38371K [0x00000000d5d80000, 0x00000000d8800000, 0x0000000100000000)
  eden space 33280K, 100% used [0x00000000d5d80000,0x00000000d7e00000,0x00000000d7e00000)
  from space 5120K, 99% used [0x00000000d8300000,0x00000000d87f8f08,0x00000000d8800000)
  to   space 5120K, 0% used [0x00000000d7e00000,0x00000000d7e00000,0x00000000d8300000)
 ParOldGen       total 87552K, used 2154K [0x0000000081800000, 0x0000000086d80000, 0x00000000d5d80000)
  object space 87552K, 2% used [0x0000000081800000,0x0000000081a1aae0,0x0000000086d80000)
 Metaspace       used 19159K, capacity 19378K, committed 19584K, reserved 1067008K
  class space    used 2336K, capacity 2419K, committed 2432K, reserved 1048576K
Event: 25.767 GC heap after
Heap after GC invocations=3 (full 0):
 PSYoungGen      total 38400K, used 5114K [0x00000000d5d80000, 0x00000000d8800000, 0x0000000100000000)
  eden space 33280K, 0% used [0x00000000d5d80000,0x00000000d5d80000,0x00000000d7e00000)
  from space 5120K, 99% used [0x00000000d7e00000,0x00000000d82febf0,0x00000000d8300000)
  to   space 5120K, 0% used [0x00000000d8300000,0x00000000d8300000,0x00000000d8800000)
 ParOldGen       total 87552K, used 3155K [0x0000000081800000, 0x0000000086d80000, 0x00000000d5d80000)
  object space 87552K, 3% used [0x0000000081800000,0x0000000081b14d18,0x0000000086d80000)
 Metaspace       used 19159K, capacity 19378K, committed 19584K, reserved 1067008K
  class space    used 2336K, capacity 2419K, committed 2432K, reserved 1048576K
}
Event: 25.873 GC heap before
{Heap before GC invocations=4 (full 0):
 PSYoungGen      total 38400K, used 38394K [0x00000000d5d80000, 0x00000000d8800000, 0x0000000100000000)
  eden space 33280K, 100% used [0x00000000d5d80000,0x00000000d7e00000,0x00000000d7e00000)
  from space 5120K, 99% used [0x00000000d7e00000,0x00000000d82febf0,0x00000000d8300000)
  to   space 5120K, 0% used [0x00000000d8300000,0x00000000d8300000,0x00000000d8800000)
 ParOldGen       total 87552K, used 3155K [0x0000000081800000, 0x0000000086d80000, 0x00000000d5d80000)
  object space 87552K, 3% used [0x0000000081800000,0x0000000081b14d18,0x0000000086d80000)
 Metaspace       used 19179K, capacity 19378K, committed 19584K, reserved 1067008K
  class space    used 2336K, capacity 2419K, committed 2432K, reserved 1048576K
Event: 25.878 GC heap after
Heap after GC invocations=4 (full 0):
 PSYoungGen      total 38400K, used 5099K [0x00000000d5d80000, 0x00000000da880000, 0x0000000100000000)
  eden space 33280K, 0% used [0x00000000d5d80000,0x00000000d5d80000,0x00000000d7e00000)
  from space 5120K, 99% used [0x00000000d8300000,0x00000000d87fac00,0x00000000d8800000)
  to   space 5120K, 0% used [0x00000000d7e00000,0x00000000d7e00000,0x00000000d8300000)
 ParOldGen       total 87552K, used 3331K [0x0000000081800000, 0x0000000086d80000, 0x00000000d5d80000)
  object space 87552K, 3% used [0x0000000081800000,0x0000000081b40d18,0x0000000086d80000)
 Metaspace       used 19179K, capacity 19378K, committed 19584K, reserved 1067008K
  class space    used 2336K, capacity 2419K, committed 2432K, reserved 1048576K
}
Event: 25.977 GC heap before
{Heap before GC invocations=5 (full 0):
 PSYoungGen      total 38400K, used 38379K [0x00000000d5d80000, 0x00000000da880000, 0x0000000100000000)
  eden space 33280K, 100% used [0x00000000d5d80000,0x00000000d7e00000,0x00000000d7e00000)
  from space 5120K, 99% used [0x00000000d8300000,0x00000000d87fac00,0x00000000d8800000)
  to   space 5120K, 0% used [0x00000000d7e00000,0x00000000d7e00000,0x00000000d8300000)
 ParOldGen       total 87552K, used 3331K [0x0000000081800000, 0x0000000086d80000, 0x00000000d5d80000)
  object space 87552K, 3% used [0x0000000081800000,0x0000000081b40d18,0x0000000086d80000)
 Metaspace       used 19213K, capacity 19378K, committed 19584K, reserved 1067008K
  class space    used 2336K, capacity 2419K, committed 2432K, reserved 1048576K
Event: 25.982 GC heap after
Heap after GC invocations=5 (full 0):
 PSYoungGen      total 38400K, used 5114K [0x00000000d5d80000, 0x00000000dab80000, 0x0000000100000000)
  eden space 33280K, 0% used [0x00000000d5d80000,0x00000000d5d80000,0x00000000d7e00000)
  from space 5120K, 99% used [0x00000000d7e00000,0x00000000d82febf0,0x00000000d8300000)
  to   space 6656K, 0% used [0x00000000da500000,0x00000000da500000,0x00000000dab80000)
 ParOldGen       total 87552K, used 3455K [0x0000000081800000, 0x0000000086d80000, 0x00000000d5d80000)
  object space 87552K, 3% used [0x0000000081800000,0x0000000081b5fd28,0x0000000086d80000)
 Metaspace       used 19213K, capacity 19378K, committed 19584K, reserved 1067008K
  class space    used 2336K, capacity 2419K, committed 2432K, reserved 1048576K
}

Deoptimization events (10 events):
Event: 3.443 Thread 0x000000001b90f000 Uncommon trap: reason=class_check action=maybe_recompile pc=0x0000000004b72c54 method=java.lang.String.equals(Ljava/lang/Object;)Z @ 8
Event: 3.451 Thread 0x000000001b90f000 Uncommon trap: reason=class_check action=maybe_recompile pc=0x0000000004b72c54 method=java.lang.String.equals(Ljava/lang/Object;)Z @ 8
Event: 3.451 Thread 0x000000001b90f000 Uncommon trap: reason=class_check action=maybe_recompile pc=0x0000000004b72c54 method=java.lang.String.equals(Ljava/lang/Object;)Z @ 8
Event: 3.451 Thread 0x000000001b90f000 Uncommon trap: reason=class_check action=maybe_recompile pc=0x0000000004b72c54 method=java.lang.String.equals(Ljava/lang/Object;)Z @ 8
Event: 15.564 Thread 0x000000001b90f000 Uncommon trap: reason=unstable_if action=reinterpret pc=0x0000000004c3a494 method=java.util.HashMap.getNode(ILjava/lang/Object;)Ljava/util/HashMap$Node; @ 62
Event: 15.564 Thread 0x000000001b90f000 Uncommon trap: reason=unstable_if action=reinterpret pc=0x0000000004c24f70 method=java.util.HashMap.getNode(ILjava/lang/Object;)Ljava/util/HashMap$Node; @ 62
Event: 17.088 Thread 0x000000001b90f000 Uncommon trap: reason=unstable_if action=reinterpret pc=0x0000000004fb2018 method=java.net.URI.match(CJJ)Z @ 19
Event: 17.908 Thread 0x000000001b90f000 Uncommon trap: reason=unstable_if action=reinterpret pc=0x0000000004f0a50c method=java.awt.Component.getInputContext()Ljava/awt/im/InputContext; @ 6
Event: 23.684 Thread 0x000000001b90f000 Uncommon trap: reason=unstable_if action=reinterpret pc=0x0000000005136fe0 method=org.bytedeco.javacv.Java2DFrameConverter.flipCopyWithGamma(Ljava/nio/ByteBuffer;ILjava/nio/ByteBuffer;IZDZI)V @ 50
Event: 25.552 Thread 0x000000001b90f000 Uncommon trap: reason=unstable_if action=reinterpret pc=0x00000000050c9294 method=sun.misc.URLClassPath$FileLoader.getResource(Ljava/lang/String;Z)Lsun/misc/Resource; @ 139

Internal exceptions (10 events):
Event: 0.644 Thread 0x00000000048d2800 Exception <a 'java/security/PrivilegedActionException'> (0x00000000d606c0e8) thrown at [C:\re\workspace\8-2-build-windows-amd64-cygwin\jdk8u111\7883\hotspot\src\share\vm\prims\jvm.cpp, line 1386]
Event: 0.644 Thread 0x00000000048d2800 Exception <a 'java/security/PrivilegedActionException'> (0x00000000d606c2f8) thrown at [C:\re\workspace\8-2-build-windows-amd64-cygwin\jdk8u111\7883\hotspot\src\share\vm\prims\jvm.cpp, line 1386]
Event: 0.747 Thread 0x00000000048d2800 Exception <a 'java/lang/NoSuchFieldError': method resolution failed> (0x00000000d614d120) thrown at [C:\re\workspace\8-2-build-windows-amd64-cygwin\jdk8u111\7883\hotspot\src\share\vm\prims\methodHandles.cpp, line 1146]
Event: 0.752 Thread 0x00000000048d2800 Exception <a 'java/lang/NoSuchFieldError': method resolution failed> (0x00000000d615a520) thrown at [C:\re\workspace\8-2-build-windows-amd64-cygwin\jdk8u111\7883\hotspot\src\share\vm\prims\methodHandles.cpp, line 1146]
Event: 0.821 Thread 0x00000000048d2800 Exception <a 'java/security/PrivilegedActionException'> (0x00000000d61e6570) thrown at [C:\re\workspace\8-2-build-windows-amd64-cygwin\jdk8u111\7883\hotspot\src\share\vm\prims\jvm.cpp, line 1386]
Event: 0.821 Thread 0x00000000048d2800 Exception <a 'java/security/PrivilegedActionException'> (0x00000000d61e6780) thrown at [C:\re\workspace\8-2-build-windows-amd64-cygwin\jdk8u111\7883\hotspot\src\share\vm\prims\jvm.cpp, line 1386]
Event: 0.822 Thread 0x00000000048d2800 Exception <a 'java/security/PrivilegedActionException'> (0x00000000d61ea668) thrown at [C:\re\workspace\8-2-build-windows-amd64-cygwin\jdk8u111\7883\hotspot\src\share\vm\prims\jvm.cpp, line 1386]
Event: 0.822 Thread 0x00000000048d2800 Exception <a 'java/security/PrivilegedActionException'> (0x00000000d61ea878) thrown at [C:\re\workspace\8-2-build-windows-amd64-cygwin\jdk8u111\7883\hotspot\src\share\vm\prims\jvm.cpp, line 1386]
Event: 0.832 Thread 0x00000000048d2800 Exception <a 'java/io/FileNotFoundException'> (0x00000000d61eccb0) thrown at [C:\re\workspace\8-2-build-windows-amd64-cygwin\jdk8u111\7883\hotspot\src\share\vm\prims\jni.cpp, line 709]
Event: 1.564 Thread 0x000000001b90f000 Exception <a 'java/io/FileNotFoundException'> (0x00000000d63ea228) thrown at [C:\re\workspace\8-2-build-windows-amd64-cygwin\jdk8u111\7883\hotspot\src\share\vm\prims\jni.cpp, line 709]

Events (10 events):
Event: 25.761 Executing VM operation: ParallelGCFailedAllocation
Event: 25.767 Executing VM operation: ParallelGCFailedAllocation done
Event: 25.768 Thread 0x000000001b098800 flushing nmethod 0x0000000004adccd0
Event: 25.768 Thread 0x000000001b098800 flushing nmethod 0x0000000004ae6190
Event: 25.768 Thread 0x000000001b098800 flushing nmethod 0x0000000004b07b90
Event: 25.771 Thread 0x000000001b098800 flushing nmethod 0x0000000004b807d0
Event: 25.873 Executing VM operation: ParallelGCFailedAllocation
Event: 25.878 Executing VM operation: ParallelGCFailedAllocation done
Event: 25.977 Executing VM operation: ParallelGCFailedAllocation
Event: 25.982 Executing VM operation: ParallelGCFailedAllocation done


Dynamic libraries:
0x00007ff6bdd40000 - 0x00007ff6bdd77000 	C:\Program Files\Java\jdk1.8.0_111\bin\java.exe
0x00007ffdc6080000 - 0x00007ffdc6260000 	C:\Windows\SYSTEM32\ntdll.dll
0x00007ffdc3700000 - 0x00007ffdc37ae000 	C:\Windows\System32\KERNEL32.DLL
0x00007ffdc2860000 - 0x00007ffdc2ac6000 	C:\Windows\System32\KERNELBASE.dll
0x00007ffdc35b0000 - 0x00007ffdc3651000 	C:\Windows\System32\ADVAPI32.dll
0x00007ffdc5880000 - 0x00007ffdc591d000 	C:\Windows\System32\msvcrt.dll
0x00007ffdc56d0000 - 0x00007ffdc572b000 	C:\Windows\System32\sechost.dll
0x00007ffdc5f30000 - 0x00007ffdc604f000 	C:\Windows\System32\RPCRT4.dll
0x00007ffdc5da0000 - 0x00007ffdc5f2f000 	C:\Windows\System32\USER32.dll
0x00007ffdc2bf0000 - 0x00007ffdc2c10000 	C:\Windows\System32\win32u.dll
0x00007ffdc4ed0000 - 0x00007ffdc4ef8000 	C:\Windows\System32\GDI32.dll
0x00007ffdc33b0000 - 0x00007ffdc3544000 	C:\Windows\System32\gdi32full.dll
0x00007ffdc2ad0000 - 0x00007ffdc2b6b000 	C:\Windows\System32\msvcp_win.dll
0x00007ffdc2760000 - 0x00007ffdc2856000 	C:\Windows\System32\ucrtbase.dll
0x00007ffdb2be0000 - 0x00007ffdb2e49000 	C:\Windows\WinSxS\amd64_microsoft.windows.common-controls_6595b64144ccf1df_6.0.16299.64_none_cc9304e22215ca8f\COMCTL32.dll
0x00007ffdc5350000 - 0x00007ffdc5658000 	C:\Windows\System32\combase.dll
0x00007ffdc2b70000 - 0x00007ffdc2be2000 	C:\Windows\System32\bcryptPrimitives.dll
0x00007ffdc3810000 - 0x00007ffdc383d000 	C:\Windows\System32\IMM32.DLL
0x000000005f740000 - 0x000000005f812000 	C:\Program Files\Java\jdk1.8.0_111\jre\bin\msvcr100.dll
0x000000005e640000 - 0x000000005eeda000 	C:\Program Files\Java\jdk1.8.0_111\jre\bin\server\jvm.dll
0x00007ffdc59a0000 - 0x00007ffdc59a8000 	C:\Windows\System32\PSAPI.DLL
0x00007ffdbf550000 - 0x00007ffdbf559000 	C:\Windows\SYSTEM32\WSOCK32.dll
0x00007ffdc5660000 - 0x00007ffdc56cc000 	C:\Windows\System32\WS2_32.dll
0x00007ffdbf560000 - 0x00007ffdbf583000 	C:\Windows\SYSTEM32\WINMM.dll
0x00007ffdbee90000 - 0x00007ffdbeeba000 	C:\Windows\SYSTEM32\WINMMBASE.dll
0x00007ffdc3360000 - 0x00007ffdc33aa000 	C:\Windows\System32\cfgmgr32.dll
0x00007ffdb4690000 - 0x00007ffdb469a000 	C:\Windows\SYSTEM32\VERSION.dll
0x000000005f110000 - 0x000000005f11f000 	C:\Program Files\Java\jdk1.8.0_111\jre\bin\verify.dll
0x000000005f0e0000 - 0x000000005f109000 	C:\Program Files\Java\jdk1.8.0_111\jre\bin\java.dll
0x000000005d5d0000 - 0x000000005d605000 	C:\Program Files\Java\jdk1.8.0_111\jre\bin\jdwp.dll
0x000000005d5c0000 - 0x000000005d5c8000 	C:\Program Files\Java\jdk1.8.0_111\jre\bin\npt.dll
0x000000005f0c0000 - 0x000000005f0d6000 	C:\Program Files\Java\jdk1.8.0_111\jre\bin\zip.dll
0x00007ffdc38c0000 - 0x00007ffdc4cf7000 	C:\Windows\System32\SHELL32.dll
0x00007ffdc4d10000 - 0x00007ffdc4db6000 	C:\Windows\System32\shcore.dll
0x00007ffdc2c10000 - 0x00007ffdc3357000 	C:\Windows\System32\windows.storage.dll
0x00007ffdc3840000 - 0x00007ffdc3891000 	C:\Windows\System32\shlwapi.dll
0x00007ffdc23d0000 - 0x00007ffdc23e1000 	C:\Windows\System32\kernel.appcore.dll
0x00007ffdc2430000 - 0x00007ffdc247c000 	C:\Windows\System32\powrprof.dll
0x00007ffdc23f0000 - 0x00007ffdc240b000 	C:\Windows\System32\profapi.dll
0x000000005d610000 - 0x000000005d61b000 	C:\Program Files\Java\jdk1.8.0_111\jre\bin\dt_shmem.dll
0x000000005e460000 - 0x000000005e5f8000 	C:\Program Files\Java\jdk1.8.0_111\jre\bin\awt.dll
0x00007ffdc59b0000 - 0x00007ffdc5a75000 	C:\Windows\System32\OLEAUT32.dll
0x00007ffdc0890000 - 0x00007ffdc0917000 	C:\Windows\SYSTEM32\apphelp.dll
0x00007ffdc0a10000 - 0x00007ffdc0aa5000 	C:\Windows\system32\uxtheme.dll
0x00007ffdc5c30000 - 0x00007ffdc5d97000 	C:\Windows\System32\MSCTF.dll
0x00007ffdc0c80000 - 0x00007ffdc0caa000 	C:\Windows\system32\dwmapi.dll
0x00007ffdc5730000 - 0x00007ffdc5879000 	C:\Windows\System32\ole32.dll
0x000000005e410000 - 0x000000005e457000 	C:\Program Files\Java\jdk1.8.0_111\jre\bin\fontmanager.dll
0x000000005e620000 - 0x000000005e63a000 	C:\Program Files\Java\jdk1.8.0_111\jre\bin\net.dll
0x00007ffdc1c60000 - 0x00007ffdc1cc6000 	C:\Windows\system32\mswsock.dll
0x000000005e600000 - 0x000000005e611000 	C:\Program Files\Java\jdk1.8.0_111\jre\bin\nio.dll
0x000000005e3c0000 - 0x000000005e402000 	C:\Program Files\Java\jdk1.8.0_111\jre\bin\t2k.dll
0x00007ffdc3660000 - 0x00007ffdc36fe000 	C:\Windows\System32\clbcatq.dll
0x00007ffdb0860000 - 0x00007ffdb0a0b000 	C:\Windows\SYSTEM32\WindowsCodecs.dll
0x00007ffdad200000 - 0x00007ffdad24f000 	C:\Windows\system32\dataexchange.dll
0x00007ffdc0360000 - 0x00007ffdc04a2000 	C:\Windows\system32\dcomp.dll
0x00007ffdbf9d0000 - 0x00007ffdbfcb2000 	C:\Windows\system32\d3d11.dll
0x00007ffdc1240000 - 0x00007ffdc12ef000 	C:\Windows\system32\dxgi.dll
0x00007ffdc0d70000 - 0x00007ffdc0eeb000 	C:\Windows\system32\twinapi.appcore.dll
0x00007ffdc0ef0000 - 0x00007ffdc0f10000 	C:\Windows\system32\RMCLIENT.dll
0x00007ffdc1f30000 - 0x00007ffdc1f55000 	C:\Windows\system32\bcrypt.dll
0x00007ffdbbbc0000 - 0x00007ffdbbc58000 	C:\Windows\System32\TextInputFramework.dll
0x00007ffdc0280000 - 0x00007ffdc035d000 	C:\Windows\System32\CoreMessaging.dll
0x00007ffdb80f0000 - 0x00007ffdb83de000 	C:\Windows\System32\CoreUIComponents.dll
0x00007ffdc1510000 - 0x00007ffdc1541000 	C:\Windows\SYSTEM32\ntmarta.dll
0x00007ffdbeb70000 - 0x00007ffdbeca6000 	C:\Windows\SYSTEM32\wintypes.dll
0x00007ffdb1600000 - 0x00007ffdb16a6000 	C:\Windows\WinSxS\amd64_microsoft.windows.common-controls_6595b64144ccf1df_5.82.16299.64_none_e47b13aa03396f3a\comctl32.dll
0x00007ffdbe3c0000 - 0x00007ffdbe571000 	C:\Windows\SYSTEM32\PROPSYS.dll
0x00007ffdb65c0000 - 0x00007ffdb6bb4000 	C:\Windows\System32\OneCoreUAPCommonProxyStub.dll
0x00007ffda4d50000 - 0x00007ffda4e77000 	C:\Windows\system32\NetworkExplorer.dll
0x00007ffdb63a0000 - 0x00007ffdb63bb000 	C:\Windows\SYSTEM32\MPR.dll
0x00007ffdbee70000 - 0x00007ffdbee7b000 	C:\Windows\System32\drprov.dll
0x00007ffdc18b0000 - 0x00007ffdc1905000 	C:\Windows\System32\WINSTA.dll
0x00007ffdbd6f0000 - 0x00007ffdbd706000 	C:\Windows\System32\ntlanman.dll
0x00007ffdbd6a0000 - 0x00007ffdbd6bc000 	C:\Windows\System32\davclnt.dll
0x00007ffdbee60000 - 0x00007ffdbee6c000 	C:\Windows\System32\DAVHLPR.dll
0x00007ffdbeef0000 - 0x00007ffdbef07000 	C:\Windows\System32\wkscli.dll
0x00007ffdadc70000 - 0x00007ffdadc82000 	C:\Windows\SYSTEM32\cscapi.dll
0x00007ffdadff0000 - 0x00007ffdae03a000 	C:\Windows\System32\dlnashext.dll
0x00007ffdb1590000 - 0x00007ffdb15f3000 	C:\Windows\System32\PlayToDevice.dll
0x00007ffdb23c0000 - 0x00007ffdb23df000 	C:\Windows\System32\DevDispItemProvider.dll
0x00007ffdbe580000 - 0x00007ffdbe5ef000 	C:\Windows\System32\MMDevApi.dll
0x00007ffdc21e0000 - 0x00007ffdc2207000 	C:\Windows\System32\DEVOBJ.dll
0x00007ffda1080000 - 0x00007ffda125f000 	C:\Windows\system32\wpdshext.dll
0x00007ffda9a30000 - 0x00007ffda9bcc000 	C:\Windows\WinSxS\amd64_microsoft.windows.gdiplus_6595b64144ccf1df_1.1.16299.64_none_4c5a740035ade6b7\gdiplus.dll
0x00007ffda6a20000 - 0x00007ffda6ac0000 	C:\Windows\System32\PortableDeviceApi.dll
0x00007ffdc4f00000 - 0x00007ffdc534e000 	C:\Windows\System32\SETUPAPI.dll
0x00007ffdc2700000 - 0x00007ffdc2758000 	C:\Windows\System32\WINTRUST.dll
0x00007ffdc2410000 - 0x00007ffdc2422000 	C:\Windows\System32\MSASN1.dll
0x00007ffdc2480000 - 0x00007ffdc264e000 	C:\Windows\System32\CRYPT32.dll
0x00007ffda6b10000 - 0x00007ffda6b42000 	C:\Windows\System32\PortableDeviceTypes.dll
0x00007ffda9be0000 - 0x00007ffda9c16000 	C:\Windows\System32\EhStorShell.dll
0x00007ffdbb5a0000 - 0x00007ffdbb5c5000 	C:\Windows\System32\EhStorAPI.dll
0x00007ffdbede0000 - 0x00007ffdbedf3000 	C:\Windows\System32\WTSAPI32.dll
0x00007ffdb48c0000 - 0x00007ffdb48d0000 	C:\Windows\SYSTEM32\LINKINFO.dll
0x00007ffda35d0000 - 0x00007ffda3697000 	C:\Users\FliaMejias\.javacpp\cache\ffmpeg-windows-x86_64.jar\org\bytedeco\javacpp\windows-x86_64\avutil-55.dll
0x000000006fe00000 - 0x000000006fed2000 	C:\Users\FliaMejias\.javacpp\cache\ffmpeg-windows-x86_64.jar\org\bytedeco\javacpp\windows-x86_64\jniavutil.dll
0x00007ffdb17e0000 - 0x00007ffdb1808000 	C:\Users\FliaMejias\.javacpp\cache\ffmpeg-windows-x86_64.jar\org\bytedeco\javacpp\windows-x86_64\swresample-2.dll
0x0000000070080000 - 0x00000000700ae000 	C:\Users\FliaMejias\.javacpp\cache\ffmpeg-windows-x86_64.jar\org\bytedeco\javacpp\windows-x86_64\jniswresample.dll
0x00007ffd95f10000 - 0x00007ffd97eb9000 	C:\Users\FliaMejias\.javacpp\cache\ffmpeg-windows-x86_64.jar\org\bytedeco\javacpp\windows-x86_64\avcodec-57.dll
0x000000006a1c0000 - 0x000000006a44d000 	C:\Users\FliaMejias\.javacpp\cache\ffmpeg-windows-x86_64.jar\org\bytedeco\javacpp\windows-x86_64\jniavcodec.dll
0x00007ffd9dc90000 - 0x00007ffd9e0dd000 	C:\Users\FliaMejias\.javacpp\cache\ffmpeg-windows-x86_64.jar\org\bytedeco\javacpp\windows-x86_64\avformat-57.dll
0x00007ffdbab50000 - 0x00007ffdbab5c000 	C:\Windows\SYSTEM32\Secur32.dll
0x00007ffdc2300000 - 0x00007ffdc2330000 	C:\Windows\SYSTEM32\SSPICLI.DLL
0x000000006abc0000 - 0x000000006ad0a000 	C:\Users\FliaMejias\.javacpp\cache\ffmpeg-windows-x86_64.jar\org\bytedeco\javacpp\windows-x86_64\jniavformat.dll
0x00007ffdb14f0000 - 0x00007ffdb1584000 	C:\Users\FliaMejias\.javacpp\cache\ffmpeg-windows-x86_64.jar\org\bytedeco\javacpp\windows-x86_64\swscale-4.dll
0x0000000067cc0000 - 0x0000000067cf6000 	C:\Users\FliaMejias\.javacpp\cache\ffmpeg-windows-x86_64.jar\org\bytedeco\javacpp\windows-x86_64\jniswscale.dll
0x00007ffdb1790000 - 0x00007ffdb17ba000 	C:\Users\FliaMejias\.javacpp\cache\ffmpeg-windows-x86_64.jar\org\bytedeco\javacpp\windows-x86_64\postproc-54.dll
0x000000006a0c0000 - 0x000000006a0ec000 	C:\Users\FliaMejias\.javacpp\cache\ffmpeg-windows-x86_64.jar\org\bytedeco\javacpp\windows-x86_64\jnipostproc.dll
0x00007ffd9d0b0000 - 0x00007ffd9d409000 	C:\Users\FliaMejias\.javacpp\cache\ffmpeg-windows-x86_64.jar\org\bytedeco\javacpp\windows-x86_64\avfilter-6.dll
0x0000000064400000 - 0x0000000064478000 	C:\Users\FliaMejias\.javacpp\cache\ffmpeg-windows-x86_64.jar\org\bytedeco\javacpp\windows-x86_64\jniavfilter.dll
0x00007ffdb13d0000 - 0x00007ffdb13fd000 	C:\Users\FliaMejias\.javacpp\cache\ffmpeg-windows-x86_64.jar\org\bytedeco\javacpp\windows-x86_64\avdevice-57.dll
0x00007ffdb47f0000 - 0x00007ffdb4808000 	C:\Windows\SYSTEM32\AVICAP32.dll
0x00007ffdb13a0000 - 0x00007ffdb13c9000 	C:\Windows\SYSTEM32\MSVFW32.dll
0x000000001e380000 - 0x000000001e3b9000 	C:\Users\FliaMejias\.javacpp\cache\ffmpeg-windows-x86_64.jar\org\bytedeco\javacpp\windows-x86_64\jniavdevice.dll
0x00007ffdb12f0000 - 0x00007ffdb1341000 	C:\Users\FliaMejias\.javacpp\cache\opencv-windows-x86_64.jar\org\bytedeco\javacpp\windows-x86_64\concrt140.dll
0x00007ffdb2ba0000 - 0x00007ffdb2bb6000 	C:\Windows\SYSTEM32\VCRUNTIME140.dll
0x00007ffda3110000 - 0x00007ffda31b6000 	C:\Windows\SYSTEM32\MSVCP140.dll
0x00007ffda72a0000 - 0x00007ffda733d000 	C:\Users\FliaMejias\.javacpp\cache\opencv-windows-x86_64.jar\org\bytedeco\javacpp\windows-x86_64\msvcp140.dll
0x00007ffdb14d0000 - 0x00007ffdb14e7000 	C:\Users\FliaMejias\.javacpp\cache\opencv-windows-x86_64.jar\org\bytedeco\javacpp\windows-x86_64\vcruntime140.dll
0x000000001e3c0000 - 0x000000001e3c3000 	C:\Users\FliaMejias\.javacpp\cache\opencv-windows-x86_64.jar\org\bytedeco\javacpp\windows-x86_64\api-ms-win-crt-locale-l1-1-0.dll
0x000000001e3d0000 - 0x000000001e3d4000 	C:\Users\FliaMejias\.javacpp\cache\opencv-windows-x86_64.jar\org\bytedeco\javacpp\windows-x86_64\api-ms-win-crt-string-l1-1-0.dll
0x000000001e3e0000 - 0x000000001e3e4000 	C:\Users\FliaMejias\.javacpp\cache\opencv-windows-x86_64.jar\org\bytedeco\javacpp\windows-x86_64\api-ms-win-crt-stdio-l1-1-0.dll
0x000000001e3f0000 - 0x000000001e3f5000 	C:\Users\FliaMejias\.javacpp\cache\opencv-windows-x86_64.jar\org\bytedeco\javacpp\windows-x86_64\api-ms-win-crt-math-l1-1-0.dll
0x000000001e400000 - 0x000000001e403000 	C:\Users\FliaMejias\.javacpp\cache\opencv-windows-x86_64.jar\org\bytedeco\javacpp\windows-x86_64\api-ms-win-crt-heap-l1-1-0.dll
0x000000001e410000 - 0x000000001e414000 	C:\Users\FliaMejias\.javacpp\cache\opencv-windows-x86_64.jar\org\bytedeco\javacpp\windows-x86_64\api-ms-win-crt-runtime-l1-1-0.dll
0x000000001e420000 - 0x000000001e424000 	C:\Users\FliaMejias\.javacpp\cache\opencv-windows-x86_64.jar\org\bytedeco\javacpp\windows-x86_64\api-ms-win-crt-convert-l1-1-0.dll
0x000000001e430000 - 0x000000001e433000 	C:\Users\FliaMejias\.javacpp\cache\opencv-windows-x86_64.jar\org\bytedeco\javacpp\windows-x86_64\api-ms-win-crt-environment-l1-1-0.dll

VM Arguments:
jvm_args: -Xdebug -Xrunjdwp:transport=dt_shmem,address=javadebug -Dfile.encoding=UTF-8 
java_command: IEv4.IEv4
java_class_path (initial): C:\Users\FliaMejias\Desktop\javaCV\artoolkitplus-platform.jar;C:\Users\FliaMejias\Desktop\javaCV\artoolkitplus-windows-x86.jar;C:\Users\FliaMejias\Desktop\javaCV\artoolkitplus-windows-x86_64.jar;C:\Users\FliaMejias\Desktop\javaCV\artoolkitplus.jar;C:\Users\FliaMejias\Desktop\javaCV\ffmpeg-platform.jar;C:\Users\FliaMejias\Desktop\javaCV\ffmpeg-windows-x86.jar;C:\Users\FliaMejias\Desktop\javaCV\ffmpeg-windows-x86_64.jar;C:\Users\FliaMejias\Desktop\javaCV\ffmpeg.jar;C:\Users\FliaMejias\Desktop\javaCV\flandmark-platform.jar;C:\Users\FliaMejias\Desktop\javaCV\flandmark-windows-x86.jar;C:\Users\FliaMejias\Desktop\javaCV\flandmark-windows-x86_64.jar;C:\Users\FliaMejias\Desktop\javaCV\flandmark.jar;C:\Users\FliaMejias\Desktop\javaCV\flycapture-platform.jar;C:\Users\FliaMejias\Desktop\javaCV\flycapture-windows-x86.jar;C:\Users\FliaMejias\Desktop\javaCV\flycapture-windows-x86_64.jar;C:\Users\FliaMejias\Desktop\javaCV\flycapture.jar;C:\Users\FliaMejias\Desktop\javaCV\javacpp.jar;C:\Users\FliaMejias\Desktop\javaCV\javacv-platform.jar;C:\Users\FliaMejias\Desktop\javaCV\javacv.jar;C:\Users\FliaMejias\Desktop\javaCV\libdc1394-platform.jar;C:\Users\FliaMejias\Desktop\javaCV\libdc1394-windows-x86.jar;C:\Users\FliaMejias\Desktop\javaCV\libdc1394-windows-x86_64.jar;C:\Users\FliaMejias\Desktop\javaCV\libdc1394.jar;C:\Users\FliaMejias\Desktop\javaCV\libfreenect-platform.jar;C:\Users\FliaMejias\Desktop\javaCV\libfreenect-windows-x86.jar;C:\Users\FliaMejias\Desktop\javaCV\libfreenect-windows-x86_64.jar;C:\Users\FliaMejias\Desktop\javaCV\libfreenect.jar;C:\Users\FliaMejias\Desktop\javaCV\libfreenect2-platform.jar;C:\Users\FliaMejias\Desktop\javaCV\libfreenect2-windows-x86_64.jar;C:\Users\FliaMejias\Desktop\javaCV\libfreenect2.jar;C:\Users\FliaMejias\Desktop\javaCV\librealsense-platform.jar;C:\Users\FliaMejias\Desktop\javaCV\librealsense-windows-x86.jar;C:\Users\FliaMejias\Desktop\javaCV\librealsense-windows-x86_64.jar;C:\Users\FliaMejias\Desktop\javaCV\libreals
Launcher Type: SUN_STANDARD

Environment Variables:
PATH=C:\Program Files (x86)\Common Files\Oracle\Java\javapath;C:\ProgramData\Oracle\Java\javapath;C:\Windows\system32;C:\Windows;C:\Windows\System32\Wbem;C:\Windows\System32\WindowsPowerShell\v1.0\;C:\Program Files\Git\cmd;C:\Program Files\nodejs\;C:\xampp\php;C:\ProgramData\ComposerSetup\bin;C:\Program Files\SourceGear\Common\DiffMerge\;C:\Program Files (x86)\GtkSharp\2.12\bin;C:\Users\FliaMejias\AppData\Local\Microsoft\WindowsApps;C:\Program Files\Microsoft VS Code\bin;C:\Users\FliaMejias\AppData\Roaming\npm;C:\cygwin64\bin;C:\Users\FliaMejias\AppData\Roaming\Composer\vendor\bin
USERNAME=FliaMejias
OS=Windows_NT
PROCESSOR_IDENTIFIER=Intel64 Family 6 Model 58 Stepping 9, GenuineIntel



---------------  S Y S T E M  ---------------

OS: Windows 10.0 , 64 bit Build 16299 (10.0.16299.15)

CPU:total 4 (2 cores per cpu, 2 threads per core) family 6 model 58 stepping 9, cmov, cx8, fxsr, mmx, sse, sse2, sse3, ssse3, sse4.1, sse4.2, popcnt, avx, clmul, erms, ht, tsc, tscinvbit, tscinv

Memory: 4k page, physical 8282888k(1967144k free), swap 15436100k(6350192k free)

vm_info: Java HotSpot(TM) 64-Bit Server VM (25.111-b14) for windows-amd64 JRE (1.8.0_111-b14), built on Sep 22 2016 19:24:05 by "java_re" with MS VC++ 10.0 (VS2010)

time: Sat Jun 23 23:19:29 2018
elapsed time: 26 seconds (0d 0h 0m 26s)

