#
# A fatal error has been detected by the Java Runtime Environment:
#
#  EXCEPTION_ACCESS_VIOLATION (0xc0000005) at pc=0x000000005e8b51c0, pid=4748, tid=0x0000000000002024
#
# JRE version: Java(TM) SE Runtime Environment (8.0_111-b14) (build 1.8.0_111-b14)
# Java VM: Java HotSpot(TM) 64-Bit Server VM (25.111-b14 mixed mode windows-amd64 compressed oops)
# Problematic frame:
# V  [jvm.dll+0x2751c0]
#
# Failed to write core dump. Minidumps are not enabled by default on client versions of Windows
#
# If you would like to submit a bug report, please visit:
#   http://bugreport.java.com/bugreport/crash.jsp
#

---------------  T H R E A D  ---------------

Current thread (0x000000001b385000):  JavaThread "AWT-EventQueue-0" [_thread_in_vm, id=8228, stack(0x000000001bfc0000,0x000000001c0c0000)]

siginfo: ExceptionCode=0xc0000005, reading address 0x0000000026a3e0f8

Registers:
RAX=0x0000000026bfbfa0, RBX=0x000000001b385000, RCX=0x0000000026b24a98, RDX=0x0000000026a3e0f8
RSP=0x000000001c0bc2e0, RBP=0x0000000000000000, RSI=0x000000000004bf00, RDI=0x0000000000000000
R8 =0x00000000000097e0, R9 =0x0000000026ad8ba0, R10=0x0000000004b62f72, R11=0x0000000004b62f18
R12=0x00000000269f2200, R13=0x000000001c0bc3e0, R14=0x000000001c0bc4a8, R15=0x000000001b385000
RIP=0x000000005e8b51c0, EFLAGS=0x0000000000010202

Top of Stack: (sp=0x000000001c0bc2e0)
0x000000001c0bc2e0:   0000000000000007 000000005ee4ee78
0x000000001c0bc2f0:   000000000004bf00 000000005f7a8d17
0x000000001c0bc300:   000000000004bf00 000000005e823b57
0x000000001c0bc310:   0000000000000000 000000000004bf00
0x000000001c0bc320:   0000000000000000 000000005e823750
0x000000001c0bc330:   0000000000000007 000000000004bf00
0x000000001c0bc340:   0000000000000000 0000000004b62ff0
0x000000001c0bc350:   0000000000000000 00000000186f02c8
0x000000001c0bc360:   000000001c0bc3c0 0000000026ad8ba0
0x000000001c0bc370:   0000000000000000 0000000026ad8ba0
0x000000001c0bc380:   000000000004bf00 00000000d7e09f08
0x000000001c0bc390:   0000000000000000 0000000000000000
0x000000001c0bc3a0:   0000000000000000 0000000000000000
0x000000001c0bc3b0:   0004bf000004bf00 ffffffff00000000
0x000000001c0bc3c0:   000000001c0bc468 00000000044c83fd
0x000000001c0bc3d0:   000000000004bf00 00000000044c83fd 

Instructions: (pc=0x000000005e8b51c0)
0x000000005e8b51a0:   ef 48 83 c4 28 c3 4a 8d 54 c1 f8 4b 8d 4c c1 f8
0x000000005e8b51b0:   4d 85 c0 0f 84 9a 00 00 00 0f 1f 80 00 00 00 00
0x000000005e8b51c0:   48 8b 02 48 83 e9 08 48 83 ea 08 49 ff c8 48 89
0x000000005e8b51d0:   41 08 75 ec 48 83 c4 28 c3 a8 03 75 5a 49 c1 e8 


Register to memory mapping:

RAX=0x0000000026bfbfa0 is an unknown value
RBX=0x000000001b385000 is a thread
RCX=0x0000000026b24a98 is an unknown value
RDX=0x0000000026a3e0f8 is an unknown value
RSP=0x000000001c0bc2e0 is pointing into the stack for thread: 0x000000001b385000
RBP=0x0000000000000000 is an unknown value
RSI=0x000000000004bf00 is an unknown value
RDI=0x0000000000000000 is an unknown value
R8 =0x00000000000097e0 is an unknown value
R9 =0x0000000026ad8ba0 is an unknown value
R10=0x0000000004b62f72 is at entry_point+114 in (nmethod*)0x0000000004b62d90
R11=0x0000000004b62f18 is at entry_point+24 in (nmethod*)0x0000000004b62d90
R12=0x00000000269f2200 is an unknown value
R13=0x000000001c0bc3e0 is pointing into the stack for thread: 0x000000001b385000
R14=0x000000001c0bc4a8 is pointing into the stack for thread: 0x000000001b385000
R15=0x000000001b385000 is a thread


Stack: [0x000000001bfc0000,0x000000001c0c0000],  sp=0x000000001c0bc2e0,  free space=1008k
Native frames: (J=compiled Java code, j=interpreted, Vv=VM code, C=native code)

Java frames: (J=compiled Java code, j=interpreted, Vv=VM code)
J 1904  sun.misc.Unsafe.copyMemory(Ljava/lang/Object;JLjava/lang/Object;JJ)V (0 bytes) @ 0x0000000004b62f72 [0x0000000004b62f00+0x72]
j  sun.misc.Unsafe.copyMemory(JJJ)V+7
j  java.nio.DirectByteBuffer.put(Ljava/nio/ByteBuffer;)Ljava/nio/ByteBuffer;+157
J 2175 C1 org.bytedeco.javacv.Frame.cloneBufferArray([Ljava/nio/Buffer;)[Ljava/nio/Buffer; (405 bytes) @ 0x0000000004c6b844 [0x0000000004c6b1e0+0x664]
j  org.bytedeco.javacv.Frame.clone()Lorg/bytedeco/javacv/Frame;+69
j  org.bytedeco.javacv.Java2DFrameUtils.toBufferedImage(Lorg/bytedeco/javacpp/opencv_core$Mat;)Ljava/awt/image/BufferedImage;+10
j  IEv4.Imagensish.<init>(Lorg/bytedeco/javacpp/opencv_core$Mat;I)V+29
j  IEv4.DB.TileImage()V+68
j  IEv4.DB.GenerateMosaic()Lorg/bytedeco/javacpp/opencv_core$Mat;+1
j  IEv4.IEv4UI.ShowPhotoMosaicActionPerformed(Ljava/awt/event/ActionEvent;)V+47
j  IEv4.IEv4UI.access$1800(LIEv4/IEv4UI;Ljava/awt/event/ActionEvent;)V+2
j  IEv4.IEv4UI$19.actionPerformed(Ljava/awt/event/ActionEvent;)V+5
j  javax.swing.AbstractButton.fireActionPerformed(Ljava/awt/event/ActionEvent;)V+83
j  javax.swing.AbstractButton$Handler.actionPerformed(Ljava/awt/event/ActionEvent;)V+5
j  javax.swing.DefaultButtonModel.fireActionPerformed(Ljava/awt/event/ActionEvent;)V+34
j  javax.swing.DefaultButtonModel.setPressed(Z)V+117
j  javax.swing.plaf.basic.BasicButtonListener.mouseReleased(Ljava/awt/event/MouseEvent;)V+35
j  java.awt.Component.processMouseEvent(Ljava/awt/event/MouseEvent;)V+64
j  javax.swing.JComponent.processMouseEvent(Ljava/awt/event/MouseEvent;)V+23
J 1352 C1 java.awt.Component.processEvent(Ljava/awt/AWTEvent;)V (220 bytes) @ 0x000000000496cd5c [0x000000000496c820+0x53c]
J 1258 C1 java.awt.Container.processEvent(Ljava/awt/AWTEvent;)V (22 bytes) @ 0x00000000048f66ec [0x00000000048f63a0+0x34c]
J 1263 C1 java.awt.Component.dispatchEventImpl(Ljava/awt/AWTEvent;)V (883 bytes) @ 0x00000000049030cc [0x00000000048fdb80+0x554c]
J 1041 C1 java.awt.Container.dispatchEventImpl(Ljava/awt/AWTEvent;)V (129 bytes) @ 0x0000000004842c64 [0x0000000004842b20+0x144]
J 1224 C1 java.awt.LightweightDispatcher.retargetMouseEvent(Ljava/awt/Component;ILjava/awt/event/MouseEvent;)V (350 bytes) @ 0x00000000048e06b4 [0x00000000048de320+0x2394]
J 1259 C1 java.awt.LightweightDispatcher.processMouseEvent(Ljava/awt/event/MouseEvent;)Z (286 bytes) @ 0x00000000048f4efc [0x00000000048f3780+0x177c]
J 1312 C1 java.awt.LightweightDispatcher.dispatchEvent(Ljava/awt/AWTEvent;)Z (73 bytes) @ 0x000000000492d634 [0x000000000492d200+0x434]
J 1041 C1 java.awt.Container.dispatchEventImpl(Ljava/awt/AWTEvent;)V (129 bytes) @ 0x0000000004842c04 [0x0000000004842b20+0xe4]
J 1165 C1 java.awt.Window.dispatchEventImpl(Ljava/awt/AWTEvent;)V (23 bytes) @ 0x00000000048b44ac [0x00000000048b3ec0+0x5ec]
J 1037 C1 java.awt.EventQueue.dispatchEventImpl(Ljava/awt/AWTEvent;Ljava/lang/Object;)V (149 bytes) @ 0x00000000048407f4 [0x000000000483ef80+0x1874]
J 1035 C1 java.awt.EventQueue$3.run()Ljava/lang/Void; (60 bytes) @ 0x000000000483cd5c [0x000000000483cb40+0x21c]
J 1034 C1 java.awt.EventQueue$3.run()Ljava/lang/Object; (5 bytes) @ 0x000000000483d454 [0x000000000483d3c0+0x94]
v  ~StubRoutines::call_stub
J 751  java.security.AccessController.doPrivileged(Ljava/security/PrivilegedAction;Ljava/security/AccessControlContext;)Ljava/lang/Object; (0 bytes) @ 0x0000000004765066 [0x0000000004765000+0x66]
J 1133 C1 java.awt.EventQueue$4.run()Ljava/lang/Object; (5 bytes) @ 0x00000000048a177c [0x00000000048a1340+0x43c]
v  ~StubRoutines::call_stub
J 751  java.security.AccessController.doPrivileged(Ljava/security/PrivilegedAction;Ljava/security/AccessControlContext;)Ljava/lang/Object; (0 bytes) @ 0x0000000004765066 [0x0000000004765000+0x66]
J 773 C1 java.awt.EventQueue.dispatchEvent(Ljava/awt/AWTEvent;)V (80 bytes) @ 0x0000000004772064 [0x00000000047711c0+0xea4]
J 976 C1 java.awt.EventDispatchThread.pumpOneEventForFilters(I)V (295 bytes) @ 0x000000000481a0ac [0x00000000048184a0+0x1c0c]
j  java.awt.EventDispatchThread.pumpEventsForFilter(ILjava/awt/Conditional;Ljava/awt/EventFilter;)V+35
j  java.awt.EventDispatchThread.pumpEventsForHierarchy(ILjava/awt/Conditional;Ljava/awt/Component;)V+11
j  java.awt.EventDispatchThread.pumpEvents(ILjava/awt/Conditional;)V+4
j  java.awt.EventDispatchThread.pumpEvents(Ljava/awt/Conditional;)V+3
j  java.awt.EventDispatchThread.run()V+9
v  ~StubRoutines::call_stub

---------------  P R O C E S S  ---------------

Java Threads: ( => current thread )
  0x000000001b6d7800 JavaThread "JavaCPP Deallocator" daemon [_thread_blocked, id=13340, stack(0x0000000020c30000,0x0000000020d30000)]
  0x000000001b584000 JavaThread "Swing-Shell" daemon [_thread_blocked, id=12056, stack(0x000000001dc70000,0x000000001dd70000)]
  0x000000001b4d0800 JavaThread "TimerQueue" daemon [_thread_blocked, id=5536, stack(0x000000001c7c0000,0x000000001c8c0000)]
  0x000000001b3a4000 JavaThread "org.netbeans.modules.debugger.jpda.visual AWT Access Loop" daemon [_thread_blocked, id=13100, stack(0x000000001c0c0000,0x000000001c1c0000)]
  0x00000000043c2800 JavaThread "DestroyJavaVM" [_thread_blocked, id=12780, stack(0x00000000042c0000,0x00000000043c0000)]
=>0x000000001b385000 JavaThread "AWT-EventQueue-0" [_thread_in_vm, id=8228, stack(0x000000001bfc0000,0x000000001c0c0000)]
  0x000000001b382000 JavaThread "AWT-Windows" daemon [_thread_in_native, id=13420, stack(0x000000001bda0000,0x000000001bea0000)]
  0x000000001b381000 JavaThread "AWT-Shutdown" [_thread_blocked, id=6028, stack(0x000000001bca0000,0x000000001bda0000)]
  0x000000001b380000 JavaThread "Java2D Disposer" daemon [_thread_blocked, id=10488, stack(0x000000001bba0000,0x000000001bca0000)]
  0x000000001accf000 JavaThread "Service Thread" daemon [_thread_blocked, id=9364, stack(0x000000001b060000,0x000000001b160000)]
  0x0000000019061000 JavaThread "C1 CompilerThread2" daemon [_thread_blocked, id=13096, stack(0x000000001ab60000,0x000000001ac60000)]
  0x000000001903d800 JavaThread "C2 CompilerThread1" daemon [_thread_blocked, id=11788, stack(0x000000001aa60000,0x000000001ab60000)]
  0x0000000019038800 JavaThread "C2 CompilerThread0" daemon [_thread_blocked, id=14560, stack(0x000000001a960000,0x000000001aa60000)]
  0x0000000019028800 JavaThread "JDWP Command Reader" daemon [_thread_in_native, id=12720, stack(0x000000001a860000,0x000000001a960000)]
  0x0000000019025800 JavaThread "JDWP Event Helper Thread" daemon [_thread_blocked, id=8064, stack(0x000000001a760000,0x000000001a860000)]
  0x000000001901a000 JavaThread "JDWP Transport Listener: dt_shmem" daemon [_thread_blocked, id=11968, stack(0x000000001a660000,0x000000001a760000)]
  0x000000001900d800 JavaThread "Attach Listener" daemon [_thread_blocked, id=13680, stack(0x000000001a560000,0x000000001a660000)]
  0x000000001900c800 JavaThread "Signal Dispatcher" daemon [_thread_blocked, id=9436, stack(0x000000001a460000,0x000000001a560000)]
  0x0000000018ffa800 JavaThread "Finalizer" daemon [_thread_blocked, id=2692, stack(0x000000001a270000,0x000000001a370000)]
  0x00000000044b2000 JavaThread "Reference Handler" daemon [_thread_blocked, id=10320, stack(0x000000001a170000,0x000000001a270000)]

Other Threads:
  0x0000000018fd6800 VMThread [stack: 0x000000001a070000,0x000000001a170000] [id=188]
  0x000000001acd4000 WatcherThread [stack: 0x000000001b160000,0x000000001b260000] [id=13640]

VM state:not at safepoint (normal execution)

VM Mutex/Monitor currently owned by a thread: None

Heap:
 PSYoungGen      total 38400K, used 34740K [0x00000000d5d80000, 0x00000000dab80000, 0x0000000100000000)
  eden space 33280K, 89% used [0x00000000d5d80000,0x00000000d7a6e428,0x00000000d7e00000)
  from space 5120K, 99% used [0x00000000d7e00000,0x00000000d82fec10,0x00000000d8300000)
  to   space 6656K, 0% used [0x00000000da500000,0x00000000da500000,0x00000000dab80000)
 ParOldGen       total 87552K, used 3223K [0x0000000081800000, 0x0000000086d80000, 0x00000000d5d80000)
  object space 87552K, 3% used [0x0000000081800000,0x0000000081b25dc0,0x0000000086d80000)
 Metaspace       used 19199K, capacity 19442K, committed 19584K, reserved 1067008K
  class space    used 2335K, capacity 2419K, committed 2432K, reserved 1048576K

Card table byte_map: [0x0000000013880000,0x0000000013c80000] byte_map_base: 0x0000000013474000

Marking Bits: (ParMarkBitMap*) 0x000000005ee5a6c0
 Begin Bits: [0x0000000014330000, 0x00000000162d0000)
 End Bits:   [0x00000000162d0000, 0x0000000018270000)

Polling page: 0x00000000029e0000

CodeCache: size=245760Kb used=8097Kb max_used=8097Kb free=237662Kb
 bounds [0x00000000044c0000, 0x0000000004cb0000, 0x00000000134c0000]
 total_blobs=2881 nmethods=2244 adapters=556
 compilation: enabled

Compilation events (10 events):
Event: 19.575 Thread 0x0000000019061000 nmethod 2251 0x0000000004ca7790 code [0x0000000004ca7900, 0x0000000004ca7b08]
Event: 19.575 Thread 0x0000000019061000 2252       3       org.bytedeco.javacpp.BytePointer::capacity (9 bytes)
Event: 19.576 Thread 0x0000000019061000 nmethod 2252 0x0000000004ca7bd0 code [0x0000000004ca7d20, 0x0000000004ca7ed0]
Event: 19.576 Thread 0x0000000019061000 2253       3       org.bytedeco.javacpp.BytePointer::asBuffer (5 bytes)
Event: 19.576 Thread 0x0000000019061000 nmethod 2253 0x0000000004ca7f90 code [0x0000000004ca8100, 0x0000000004ca8308]
Event: 19.576 Thread 0x0000000019061000 2260  s    3       sun.awt.image.BufImgSurfaceData::getSolidLoops (85 bytes)
Event: 19.577 Thread 0x0000000019061000 nmethod 2260 0x0000000004ca8390 code [0x0000000004ca8580, 0x0000000004ca8e88]
Event: 19.577 Thread 0x0000000019061000 2254       3       org.bytedeco.javacpp.Pointer::asByteBuffer (147 bytes)
Event: 19.579 Thread 0x0000000019061000 nmethod 2254 0x0000000004ca92d0 code [0x0000000004ca95a0, 0x0000000004caacf8]
Event: 19.579 Thread 0x0000000019061000 2256       3       java.awt.image.BufferedImage::getGraphics (5 bytes)

GC Heap History (10 events):
Event: 10.852 GC heap before
{Heap before GC invocations=1 (full 0):
 PSYoungGen      total 38400K, used 33280K [0x00000000d5d80000, 0x00000000d8800000, 0x0000000100000000)
  eden space 33280K, 100% used [0x00000000d5d80000,0x00000000d7e00000,0x00000000d7e00000)
  from space 5120K, 0% used [0x00000000d8300000,0x00000000d8300000,0x00000000d8800000)
  to   space 5120K, 0% used [0x00000000d7e00000,0x00000000d7e00000,0x00000000d8300000)
 ParOldGen       total 87552K, used 0K [0x0000000081800000, 0x0000000086d80000, 0x00000000d5d80000)
  object space 87552K, 0% used [0x0000000081800000,0x0000000081800000,0x0000000086d80000)
 Metaspace       used 16180K, capacity 16370K, committed 16512K, reserved 1062912K
  class space    used 2059K, capacity 2163K, committed 2176K, reserved 1048576K
Event: 10.860 GC heap after
Heap after GC invocations=1 (full 0):
 PSYoungGen      total 38400K, used 5095K [0x00000000d5d80000, 0x00000000d8800000, 0x0000000100000000)
  eden space 33280K, 0% used [0x00000000d5d80000,0x00000000d5d80000,0x00000000d7e00000)
  from space 5120K, 99% used [0x00000000d7e00000,0x00000000d82f9ed8,0x00000000d8300000)
  to   space 5120K, 0% used [0x00000000d8300000,0x00000000d8300000,0x00000000d8800000)
 ParOldGen       total 87552K, used 890K [0x0000000081800000, 0x0000000086d80000, 0x00000000d5d80000)
  object space 87552K, 1% used [0x0000000081800000,0x00000000818de888,0x0000000086d80000)
 Metaspace       used 16180K, capacity 16370K, committed 16512K, reserved 1062912K
  class space    used 2059K, capacity 2163K, committed 2176K, reserved 1048576K
}
Event: 13.761 GC heap before
{Heap before GC invocations=2 (full 0):
 PSYoungGen      total 38400K, used 38375K [0x00000000d5d80000, 0x00000000d8800000, 0x0000000100000000)
  eden space 33280K, 100% used [0x00000000d5d80000,0x00000000d7e00000,0x00000000d7e00000)
  from space 5120K, 99% used [0x00000000d7e00000,0x00000000d82f9ed8,0x00000000d8300000)
  to   space 5120K, 0% used [0x00000000d8300000,0x00000000d8300000,0x00000000d8800000)
 ParOldGen       total 87552K, used 890K [0x0000000081800000, 0x0000000086d80000, 0x00000000d5d80000)
  object space 87552K, 1% used [0x0000000081800000,0x00000000818de888,0x0000000086d80000)
 Metaspace       used 18549K, capacity 18770K, committed 19072K, reserved 1067008K
  class space    used 2312K, capacity 2387K, committed 2432K, reserved 1048576K
Event: 13.768 GC heap after
Heap after GC invocations=2 (full 0):
 PSYoungGen      total 38400K, used 5091K [0x00000000d5d80000, 0x00000000d8800000, 0x0000000100000000)
  eden space 33280K, 0% used [0x00000000d5d80000,0x00000000d5d80000,0x00000000d7e00000)
  from space 5120K, 99% used [0x00000000d8300000,0x00000000d87f8ee8,0x00000000d8800000)
  to   space 5120K, 0% used [0x00000000d7e00000,0x00000000d7e00000,0x00000000d8300000)
 ParOldGen       total 87552K, used 1962K [0x0000000081800000, 0x0000000086d80000, 0x00000000d5d80000)
  object space 87552K, 2% used [0x0000000081800000,0x00000000819ea968,0x0000000086d80000)
 Metaspace       used 18549K, capacity 18770K, committed 19072K, reserved 1067008K
  class space    used 2312K, capacity 2387K, committed 2432K, reserved 1048576K
}
Event: 19.290 GC heap before
{Heap before GC invocations=3 (full 0):
 PSYoungGen      total 38400K, used 38371K [0x00000000d5d80000, 0x00000000d8800000, 0x0000000100000000)
  eden space 33280K, 100% used [0x00000000d5d80000,0x00000000d7e00000,0x00000000d7e00000)
  from space 5120K, 99% used [0x00000000d8300000,0x00000000d87f8ee8,0x00000000d8800000)
  to   space 5120K, 0% used [0x00000000d7e00000,0x00000000d7e00000,0x00000000d8300000)
 ParOldGen       total 87552K, used 1962K [0x0000000081800000, 0x0000000086d80000, 0x00000000d5d80000)
  object space 87552K, 2% used [0x0000000081800000,0x00000000819ea968,0x0000000086d80000)
 Metaspace       used 19119K, capacity 19314K, committed 19584K, reserved 1067008K
  class space    used 2335K, capacity 2419K, committed 2432K, reserved 1048576K
Event: 19.295 GC heap after
Heap after GC invocations=3 (full 0):
 PSYoungGen      total 38400K, used 5099K [0x00000000d5d80000, 0x00000000d8800000, 0x0000000100000000)
  eden space 33280K, 0% used [0x00000000d5d80000,0x00000000d5d80000,0x00000000d7e00000)
  from space 5120K, 99% used [0x00000000d7e00000,0x00000000d82fac00,0x00000000d8300000)
  to   space 5120K, 0% used [0x00000000d8300000,0x00000000d8300000,0x00000000d8800000)
 ParOldGen       total 87552K, used 2967K [0x0000000081800000, 0x0000000086d80000, 0x00000000d5d80000)
  object space 87552K, 3% used [0x0000000081800000,0x0000000081ae5dc0,0x0000000086d80000)
 Metaspace       used 19119K, capacity 19314K, committed 19584K, reserved 1067008K
  class space    used 2335K, capacity 2419K, committed 2432K, reserved 1048576K
}
Event: 19.397 GC heap before
{Heap before GC invocations=4 (full 0):
 PSYoungGen      total 38400K, used 38379K [0x00000000d5d80000, 0x00000000d8800000, 0x0000000100000000)
  eden space 33280K, 100% used [0x00000000d5d80000,0x00000000d7e00000,0x00000000d7e00000)
  from space 5120K, 99% used [0x00000000d7e00000,0x00000000d82fac00,0x00000000d8300000)
  to   space 5120K, 0% used [0x00000000d8300000,0x00000000d8300000,0x00000000d8800000)
 ParOldGen       total 87552K, used 2967K [0x0000000081800000, 0x0000000086d80000, 0x00000000d5d80000)
  object space 87552K, 3% used [0x0000000081800000,0x0000000081ae5dc0,0x0000000086d80000)
 Metaspace       used 19148K, capacity 19378K, committed 19584K, reserved 1067008K
  class space    used 2335K, capacity 2419K, committed 2432K, reserved 1048576K
Event: 19.403 GC heap after
Heap after GC invocations=4 (full 0):
 PSYoungGen      total 38400K, used 5115K [0x00000000d5d80000, 0x00000000da880000, 0x0000000100000000)
  eden space 33280K, 0% used [0x00000000d5d80000,0x00000000d5d80000,0x00000000d7e00000)
  from space 5120K, 99% used [0x00000000d8300000,0x00000000d87fec10,0x00000000d8800000)
  to   space 5120K, 0% used [0x00000000d7e00000,0x00000000d7e00000,0x00000000d8300000)
 ParOldGen       total 87552K, used 3079K [0x0000000081800000, 0x0000000086d80000, 0x00000000d5d80000)
  object space 87552K, 3% used [0x0000000081800000,0x0000000081b01dc0,0x0000000086d80000)
 Metaspace       used 19148K, capacity 19378K, committed 19584K, reserved 1067008K
  class space    used 2335K, capacity 2419K, committed 2432K, reserved 1048576K
}
Event: 19.495 GC heap before
{Heap before GC invocations=5 (full 0):
 PSYoungGen      total 38400K, used 38395K [0x00000000d5d80000, 0x00000000da880000, 0x0000000100000000)
  eden space 33280K, 100% used [0x00000000d5d80000,0x00000000d7e00000,0x00000000d7e00000)
  from space 5120K, 99% used [0x00000000d8300000,0x00000000d87fec10,0x00000000d8800000)
  to   space 5120K, 0% used [0x00000000d7e00000,0x00000000d7e00000,0x00000000d8300000)
 ParOldGen       total 87552K, used 3079K [0x0000000081800000, 0x0000000086d80000, 0x00000000d5d80000)
  object space 87552K, 3% used [0x0000000081800000,0x0000000081b01dc0,0x0000000086d80000)
 Metaspace       used 19178K, capacity 19442K, committed 19584K, reserved 1067008K
  class space    used 2335K, capacity 2419K, committed 2432K, reserved 1048576K
Event: 19.500 GC heap after
Heap after GC invocations=5 (full 0):
 PSYoungGen      total 38400K, used 5115K [0x00000000d5d80000, 0x00000000dab80000, 0x0000000100000000)
  eden space 33280K, 0% used [0x00000000d5d80000,0x00000000d5d80000,0x00000000d7e00000)
  from space 5120K, 99% used [0x00000000d7e00000,0x00000000d82fec10,0x00000000d8300000)
  to   space 6656K, 0% used [0x00000000da500000,0x00000000da500000,0x00000000dab80000)
 ParOldGen       total 87552K, used 3223K [0x0000000081800000, 0x0000000086d80000, 0x00000000d5d80000)
  object space 87552K, 3% used [0x0000000081800000,0x0000000081b25dc0,0x0000000086d80000)
 Metaspace       used 19178K, capacity 19442K, committed 19584K, reserved 1067008K
  class space    used 2335K, capacity 2419K, committed 2432K, reserved 1048576K
}

Deoptimization events (10 events):
Event: 3.200 Thread 0x000000001b385000 Uncommon trap: reason=class_check action=maybe_recompile pc=0x0000000004661354 method=java.lang.String.equals(Ljava/lang/Object;)Z @ 8
Event: 3.208 Thread 0x000000001b385000 Uncommon trap: reason=class_check action=maybe_recompile pc=0x0000000004661354 method=java.lang.String.equals(Ljava/lang/Object;)Z @ 8
Event: 3.209 Thread 0x000000001b385000 Uncommon trap: reason=class_check action=maybe_recompile pc=0x0000000004661354 method=java.lang.String.equals(Ljava/lang/Object;)Z @ 8
Event: 3.209 Thread 0x000000001b385000 Uncommon trap: reason=class_check action=maybe_recompile pc=0x0000000004661354 method=java.lang.String.equals(Ljava/lang/Object;)Z @ 8
Event: 10.312 Thread 0x000000001b385000 Uncommon trap: reason=unstable_if action=reinterpret pc=0x000000000472d198 method=java.util.HashMap.getNode(ILjava/lang/Object;)Ljava/util/HashMap$Node; @ 62
Event: 10.313 Thread 0x000000001b385000 Uncommon trap: reason=unstable_if action=reinterpret pc=0x0000000004717460 method=java.util.HashMap.getNode(ILjava/lang/Object;)Ljava/util/HashMap$Node; @ 62
Event: 13.295 Thread 0x000000001b385000 Uncommon trap: reason=unstable_if action=reinterpret pc=0x0000000004a46fd8 method=java.net.URI.match(CJJ)Z @ 19
Event: 16.577 Thread 0x000000001b385000 Uncommon trap: reason=unstable_if action=reinterpret pc=0x0000000004937dc4 method=java.awt.Container.findComponentAtImpl(IIZ)Ljava/awt/Component; @ 24
Event: 17.174 Thread 0x000000001b385000 Uncommon trap: reason=unstable_if action=reinterpret pc=0x0000000004bee020 method=org.bytedeco.javacv.Java2DFrameConverter.flipCopyWithGamma(Ljava/nio/ByteBuffer;ILjava/nio/ByteBuffer;IZDZI)V @ 50
Event: 19.073 Thread 0x000000001b385000 Uncommon trap: reason=unstable_if action=reinterpret pc=0x0000000004b789d4 method=sun.misc.URLClassPath$FileLoader.getResource(Ljava/lang/String;Z)Lsun/misc/Resource; @ 139

Internal exceptions (10 events):
Event: 0.339 Thread 0x00000000043c2800 Exception <a 'java/security/PrivilegedActionException'> (0x00000000d606c0e8) thrown at [C:\re\workspace\8-2-build-windows-amd64-cygwin\jdk8u111\7883\hotspot\src\share\vm\prims\jvm.cpp, line 1386]
Event: 0.339 Thread 0x00000000043c2800 Exception <a 'java/security/PrivilegedActionException'> (0x00000000d606c2f8) thrown at [C:\re\workspace\8-2-build-windows-amd64-cygwin\jdk8u111\7883\hotspot\src\share\vm\prims\jvm.cpp, line 1386]
Event: 0.450 Thread 0x00000000043c2800 Exception <a 'java/lang/NoSuchFieldError': method resolution failed> (0x00000000d614ce50) thrown at [C:\re\workspace\8-2-build-windows-amd64-cygwin\jdk8u111\7883\hotspot\src\share\vm\prims\methodHandles.cpp, line 1146]
Event: 0.454 Thread 0x00000000043c2800 Exception <a 'java/lang/NoSuchFieldError': method resolution failed> (0x00000000d615a250) thrown at [C:\re\workspace\8-2-build-windows-amd64-cygwin\jdk8u111\7883\hotspot\src\share\vm\prims\methodHandles.cpp, line 1146]
Event: 0.511 Thread 0x00000000043c2800 Exception <a 'java/security/PrivilegedActionException'> (0x00000000d61e6298) thrown at [C:\re\workspace\8-2-build-windows-amd64-cygwin\jdk8u111\7883\hotspot\src\share\vm\prims\jvm.cpp, line 1386]
Event: 0.511 Thread 0x00000000043c2800 Exception <a 'java/security/PrivilegedActionException'> (0x00000000d61e64a8) thrown at [C:\re\workspace\8-2-build-windows-amd64-cygwin\jdk8u111\7883\hotspot\src\share\vm\prims\jvm.cpp, line 1386]
Event: 0.512 Thread 0x00000000043c2800 Exception <a 'java/security/PrivilegedActionException'> (0x00000000d61ea390) thrown at [C:\re\workspace\8-2-build-windows-amd64-cygwin\jdk8u111\7883\hotspot\src\share\vm\prims\jvm.cpp, line 1386]
Event: 0.512 Thread 0x00000000043c2800 Exception <a 'java/security/PrivilegedActionException'> (0x00000000d61ea5a0) thrown at [C:\re\workspace\8-2-build-windows-amd64-cygwin\jdk8u111\7883\hotspot\src\share\vm\prims\jvm.cpp, line 1386]
Event: 0.519 Thread 0x00000000043c2800 Exception <a 'java/io/FileNotFoundException'> (0x00000000d61ec9d8) thrown at [C:\re\workspace\8-2-build-windows-amd64-cygwin\jdk8u111\7883\hotspot\src\share\vm\prims\jni.cpp, line 709]
Event: 0.828 Thread 0x000000001b385000 Exception <a 'java/io/FileNotFoundException'> (0x00000000d63ea1c0) thrown at [C:\re\workspace\8-2-build-windows-amd64-cygwin\jdk8u111\7883\hotspot\src\share\vm\prims\jni.cpp, line 709]

Events (10 events):
Event: 19.403 Thread 0x0000000019061000 flushing nmethod 0x00000000045cf1d0
Event: 19.403 Thread 0x0000000019061000 flushing nmethod 0x00000000045d0010
Event: 19.403 Thread 0x0000000019061000 flushing nmethod 0x00000000045d3510
Event: 19.403 Thread 0x0000000019061000 flushing nmethod 0x00000000045d6690
Event: 19.403 Thread 0x0000000019061000 flushing nmethod 0x00000000045dbd10
Event: 19.404 Thread 0x0000000019061000 flushing nmethod 0x00000000045fa990
Event: 19.409 Thread 0x0000000019061000 flushing nmethod 0x0000000004623210
Event: 19.409 Thread 0x0000000019061000 flushing nmethod 0x00000000046266d0
Event: 19.495 Executing VM operation: ParallelGCFailedAllocation
Event: 19.500 Executing VM operation: ParallelGCFailedAllocation done


Dynamic libraries:
0x00007ff6bdd40000 - 0x00007ff6bdd77000 	C:\Program Files\Java\jdk1.8.0_111\bin\java.exe
0x00007ffdc6080000 - 0x00007ffdc6260000 	C:\Windows\SYSTEM32\ntdll.dll
0x00007ffdc3700000 - 0x00007ffdc37ae000 	C:\Windows\System32\KERNEL32.DLL
0x00007ffdc2860000 - 0x00007ffdc2ac6000 	C:\Windows\System32\KERNELBASE.dll
0x00007ffdc35b0000 - 0x00007ffdc3651000 	C:\Windows\System32\ADVAPI32.dll
0x00007ffdc5880000 - 0x00007ffdc591d000 	C:\Windows\System32\msvcrt.dll
0x00007ffdc56d0000 - 0x00007ffdc572b000 	C:\Windows\System32\sechost.dll
0x00007ffdc5f30000 - 0x00007ffdc604f000 	C:\Windows\System32\RPCRT4.dll
0x00007ffdc5da0000 - 0x00007ffdc5f2f000 	C:\Windows\System32\USER32.dll
0x00007ffdc2bf0000 - 0x00007ffdc2c10000 	C:\Windows\System32\win32u.dll
0x00007ffdc4ed0000 - 0x00007ffdc4ef8000 	C:\Windows\System32\GDI32.dll
0x00007ffdc33b0000 - 0x00007ffdc3544000 	C:\Windows\System32\gdi32full.dll
0x00007ffdc2ad0000 - 0x00007ffdc2b6b000 	C:\Windows\System32\msvcp_win.dll
0x00007ffdc2760000 - 0x00007ffdc2856000 	C:\Windows\System32\ucrtbase.dll
0x00007ffdb2be0000 - 0x00007ffdb2e49000 	C:\Windows\WinSxS\amd64_microsoft.windows.common-controls_6595b64144ccf1df_6.0.16299.64_none_cc9304e22215ca8f\COMCTL32.dll
0x00007ffdc5350000 - 0x00007ffdc5658000 	C:\Windows\System32\combase.dll
0x00007ffdc2b70000 - 0x00007ffdc2be2000 	C:\Windows\System32\bcryptPrimitives.dll
0x00007ffdc3810000 - 0x00007ffdc383d000 	C:\Windows\System32\IMM32.DLL
0x000000005f740000 - 0x000000005f812000 	C:\Program Files\Java\jdk1.8.0_111\jre\bin\msvcr100.dll
0x000000005e640000 - 0x000000005eeda000 	C:\Program Files\Java\jdk1.8.0_111\jre\bin\server\jvm.dll
0x00007ffdc59a0000 - 0x00007ffdc59a8000 	C:\Windows\System32\PSAPI.DLL
0x00007ffdbf550000 - 0x00007ffdbf559000 	C:\Windows\SYSTEM32\WSOCK32.dll
0x00007ffdc5660000 - 0x00007ffdc56cc000 	C:\Windows\System32\WS2_32.dll
0x00007ffdbf560000 - 0x00007ffdbf583000 	C:\Windows\SYSTEM32\WINMM.dll
0x00007ffdb4690000 - 0x00007ffdb469a000 	C:\Windows\SYSTEM32\VERSION.dll
0x00007ffdbee90000 - 0x00007ffdbeeba000 	C:\Windows\SYSTEM32\WINMMBASE.dll
0x00007ffdc3360000 - 0x00007ffdc33aa000 	C:\Windows\System32\cfgmgr32.dll
0x000000005f110000 - 0x000000005f11f000 	C:\Program Files\Java\jdk1.8.0_111\jre\bin\verify.dll
0x000000005f0e0000 - 0x000000005f109000 	C:\Program Files\Java\jdk1.8.0_111\jre\bin\java.dll
0x000000005d610000 - 0x000000005d645000 	C:\Program Files\Java\jdk1.8.0_111\jre\bin\jdwp.dll
0x000000005d600000 - 0x000000005d608000 	C:\Program Files\Java\jdk1.8.0_111\jre\bin\npt.dll
0x000000005f0c0000 - 0x000000005f0d6000 	C:\Program Files\Java\jdk1.8.0_111\jre\bin\zip.dll
0x00007ffdc38c0000 - 0x00007ffdc4cf7000 	C:\Windows\System32\SHELL32.dll
0x00007ffdc4d10000 - 0x00007ffdc4db6000 	C:\Windows\System32\shcore.dll
0x00007ffdc2c10000 - 0x00007ffdc3357000 	C:\Windows\System32\windows.storage.dll
0x00007ffdc3840000 - 0x00007ffdc3891000 	C:\Windows\System32\shlwapi.dll
0x00007ffdc23d0000 - 0x00007ffdc23e1000 	C:\Windows\System32\kernel.appcore.dll
0x00007ffdc2430000 - 0x00007ffdc247c000 	C:\Windows\System32\powrprof.dll
0x00007ffdc23f0000 - 0x00007ffdc240b000 	C:\Windows\System32\profapi.dll
0x000000005d650000 - 0x000000005d65b000 	C:\Program Files\Java\jdk1.8.0_111\jre\bin\dt_shmem.dll
0x000000005e460000 - 0x000000005e5f8000 	C:\Program Files\Java\jdk1.8.0_111\jre\bin\awt.dll
0x00007ffdc59b0000 - 0x00007ffdc5a75000 	C:\Windows\System32\OLEAUT32.dll
0x00007ffdc0890000 - 0x00007ffdc0917000 	C:\Windows\SYSTEM32\apphelp.dll
0x00007ffdc0a10000 - 0x00007ffdc0aa5000 	C:\Windows\system32\uxtheme.dll
0x00007ffdc5c30000 - 0x00007ffdc5d97000 	C:\Windows\System32\MSCTF.dll
0x00007ffdc0c80000 - 0x00007ffdc0caa000 	C:\Windows\system32\dwmapi.dll
0x00007ffdc5730000 - 0x00007ffdc5879000 	C:\Windows\System32\ole32.dll
0x000000005e410000 - 0x000000005e457000 	C:\Program Files\Java\jdk1.8.0_111\jre\bin\fontmanager.dll
0x000000005e620000 - 0x000000005e63a000 	C:\Program Files\Java\jdk1.8.0_111\jre\bin\net.dll
0x00007ffdc1c60000 - 0x00007ffdc1cc6000 	C:\Windows\system32\mswsock.dll
0x000000005e600000 - 0x000000005e611000 	C:\Program Files\Java\jdk1.8.0_111\jre\bin\nio.dll
0x000000005e3c0000 - 0x000000005e402000 	C:\Program Files\Java\jdk1.8.0_111\jre\bin\t2k.dll
0x00007ffdc3660000 - 0x00007ffdc36fe000 	C:\Windows\System32\clbcatq.dll
0x00007ffdb0860000 - 0x00007ffdb0a0b000 	C:\Windows\SYSTEM32\WindowsCodecs.dll
0x00007ffdad200000 - 0x00007ffdad24f000 	C:\Windows\system32\dataexchange.dll
0x00007ffdbf9d0000 - 0x00007ffdbfcb2000 	C:\Windows\system32\d3d11.dll
0x00007ffdc1240000 - 0x00007ffdc12ef000 	C:\Windows\system32\dxgi.dll
0x00007ffdc0360000 - 0x00007ffdc04a2000 	C:\Windows\system32\dcomp.dll
0x00007ffdc0d70000 - 0x00007ffdc0eeb000 	C:\Windows\system32\twinapi.appcore.dll
0x00007ffdc0ef0000 - 0x00007ffdc0f10000 	C:\Windows\system32\RMCLIENT.dll
0x00007ffdc1f30000 - 0x00007ffdc1f55000 	C:\Windows\system32\bcrypt.dll
0x00007ffdbbbc0000 - 0x00007ffdbbc58000 	C:\Windows\System32\TextInputFramework.dll
0x00007ffdb80f0000 - 0x00007ffdb83de000 	C:\Windows\System32\CoreUIComponents.dll
0x00007ffdc0280000 - 0x00007ffdc035d000 	C:\Windows\System32\CoreMessaging.dll
0x00007ffdc1510000 - 0x00007ffdc1541000 	C:\Windows\SYSTEM32\ntmarta.dll
0x00007ffdbeb70000 - 0x00007ffdbeca6000 	C:\Windows\SYSTEM32\wintypes.dll
0x00007ffdb14b0000 - 0x00007ffdb1556000 	C:\Windows\WinSxS\amd64_microsoft.windows.common-controls_6595b64144ccf1df_5.82.16299.64_none_e47b13aa03396f3a\comctl32.dll
0x00007ffdbe3c0000 - 0x00007ffdbe571000 	C:\Windows\SYSTEM32\PROPSYS.dll
0x00007ffdb65c0000 - 0x00007ffdb6bb4000 	C:\Windows\System32\OneCoreUAPCommonProxyStub.dll
0x00007ffda4d50000 - 0x00007ffda4e77000 	C:\Windows\system32\NetworkExplorer.dll
0x00007ffdb63a0000 - 0x00007ffdb63bb000 	C:\Windows\SYSTEM32\MPR.dll
0x00007ffdbee70000 - 0x00007ffdbee7b000 	C:\Windows\System32\drprov.dll
0x00007ffdc18b0000 - 0x00007ffdc1905000 	C:\Windows\System32\WINSTA.dll
0x00007ffdbd6f0000 - 0x00007ffdbd706000 	C:\Windows\System32\ntlanman.dll
0x00007ffdbd6a0000 - 0x00007ffdbd6bc000 	C:\Windows\System32\davclnt.dll
0x00007ffdbf520000 - 0x00007ffdbf52c000 	C:\Windows\System32\DAVHLPR.dll
0x00007ffdbeef0000 - 0x00007ffdbef07000 	C:\Windows\System32\wkscli.dll
0x00007ffdadc70000 - 0x00007ffdadc82000 	C:\Windows\SYSTEM32\cscapi.dll
0x00007ffdadff0000 - 0x00007ffdae03a000 	C:\Windows\System32\dlnashext.dll
0x00007ffdb1640000 - 0x00007ffdb16a3000 	C:\Windows\System32\PlayToDevice.dll
0x00007ffdb23c0000 - 0x00007ffdb23df000 	C:\Windows\System32\DevDispItemProvider.dll
0x00007ffdbe580000 - 0x00007ffdbe5ef000 	C:\Windows\System32\MMDevApi.dll
0x00007ffdc21e0000 - 0x00007ffdc2207000 	C:\Windows\System32\DEVOBJ.dll
0x00007ffda1080000 - 0x00007ffda125f000 	C:\Windows\system32\wpdshext.dll
0x00007ffda9a30000 - 0x00007ffda9bcc000 	C:\Windows\WinSxS\amd64_microsoft.windows.gdiplus_6595b64144ccf1df_1.1.16299.64_none_4c5a740035ade6b7\gdiplus.dll
0x00007ffda6a20000 - 0x00007ffda6ac0000 	C:\Windows\System32\PortableDeviceApi.dll
0x00007ffdc4f00000 - 0x00007ffdc534e000 	C:\Windows\System32\SETUPAPI.dll
0x00007ffdc2700000 - 0x00007ffdc2758000 	C:\Windows\System32\WINTRUST.dll
0x00007ffdc2410000 - 0x00007ffdc2422000 	C:\Windows\System32\MSASN1.dll
0x00007ffdc2480000 - 0x00007ffdc264e000 	C:\Windows\System32\CRYPT32.dll
0x00007ffda6b10000 - 0x00007ffda6b42000 	C:\Windows\System32\PortableDeviceTypes.dll
0x00007ffda9be0000 - 0x00007ffda9c16000 	C:\Windows\System32\EhStorShell.dll
0x00007ffdbb5a0000 - 0x00007ffdbb5c5000 	C:\Windows\System32\EhStorAPI.dll
0x00007ffdbede0000 - 0x00007ffdbedf3000 	C:\Windows\System32\WTSAPI32.dll
0x00007ffdb48c0000 - 0x00007ffdb48d0000 	C:\Windows\SYSTEM32\LINKINFO.dll
0x00007ffdb1390000 - 0x00007ffdb1457000 	C:\Users\FliaMejias\.javacpp\cache\ffmpeg-windows-x86_64.jar\org\bytedeco\javacpp\windows-x86_64\avutil-55.dll
0x000000006fe00000 - 0x000000006fed2000 	C:\Users\FliaMejias\.javacpp\cache\ffmpeg-windows-x86_64.jar\org\bytedeco\javacpp\windows-x86_64\jniavutil.dll
0x00007ffdb17e0000 - 0x00007ffdb1808000 	C:\Users\FliaMejias\.javacpp\cache\ffmpeg-windows-x86_64.jar\org\bytedeco\javacpp\windows-x86_64\swresample-2.dll
0x0000000070080000 - 0x00000000700ae000 	C:\Users\FliaMejias\.javacpp\cache\ffmpeg-windows-x86_64.jar\org\bytedeco\javacpp\windows-x86_64\jniswresample.dll
0x00007ffd95f10000 - 0x00007ffd97eb9000 	C:\Users\FliaMejias\.javacpp\cache\ffmpeg-windows-x86_64.jar\org\bytedeco\javacpp\windows-x86_64\avcodec-57.dll
0x000000006a1c0000 - 0x000000006a44d000 	C:\Users\FliaMejias\.javacpp\cache\ffmpeg-windows-x86_64.jar\org\bytedeco\javacpp\windows-x86_64\jniavcodec.dll
0x00007ffd9c2b0000 - 0x00007ffd9c6fd000 	C:\Users\FliaMejias\.javacpp\cache\ffmpeg-windows-x86_64.jar\org\bytedeco\javacpp\windows-x86_64\avformat-57.dll
0x00007ffdbab50000 - 0x00007ffdbab5c000 	C:\Windows\SYSTEM32\Secur32.dll
0x00007ffdc2300000 - 0x00007ffdc2330000 	C:\Windows\SYSTEM32\SSPICLI.DLL
0x000000006abc0000 - 0x000000006ad0a000 	C:\Users\FliaMejias\.javacpp\cache\ffmpeg-windows-x86_64.jar\org\bytedeco\javacpp\windows-x86_64\jniavformat.dll
0x00007ffda72a0000 - 0x00007ffda7334000 	C:\Users\FliaMejias\.javacpp\cache\ffmpeg-windows-x86_64.jar\org\bytedeco\javacpp\windows-x86_64\swscale-4.dll
0x0000000067cc0000 - 0x0000000067cf6000 	C:\Users\FliaMejias\.javacpp\cache\ffmpeg-windows-x86_64.jar\org\bytedeco\javacpp\windows-x86_64\jniswscale.dll
0x00007ffdb15d0000 - 0x00007ffdb15fa000 	C:\Users\FliaMejias\.javacpp\cache\ffmpeg-windows-x86_64.jar\org\bytedeco\javacpp\windows-x86_64\postproc-54.dll
0x000000006a0c0000 - 0x000000006a0ec000 	C:\Users\FliaMejias\.javacpp\cache\ffmpeg-windows-x86_64.jar\org\bytedeco\javacpp\windows-x86_64\jnipostproc.dll
0x00007ffda3170000 - 0x00007ffda34c9000 	C:\Users\FliaMejias\.javacpp\cache\ffmpeg-windows-x86_64.jar\org\bytedeco\javacpp\windows-x86_64\avfilter-6.dll
0x0000000064400000 - 0x0000000064478000 	C:\Users\FliaMejias\.javacpp\cache\ffmpeg-windows-x86_64.jar\org\bytedeco\javacpp\windows-x86_64\jniavfilter.dll
0x00007ffdb1320000 - 0x00007ffdb134d000 	C:\Users\FliaMejias\.javacpp\cache\ffmpeg-windows-x86_64.jar\org\bytedeco\javacpp\windows-x86_64\avdevice-57.dll
0x00007ffdb47f0000 - 0x00007ffdb4808000 	C:\Windows\SYSTEM32\AVICAP32.dll
0x00007ffdb12f0000 - 0x00007ffdb1319000 	C:\Windows\SYSTEM32\MSVFW32.dll
0x000000001de40000 - 0x000000001de79000 	C:\Users\FliaMejias\.javacpp\cache\ffmpeg-windows-x86_64.jar\org\bytedeco\javacpp\windows-x86_64\jniavdevice.dll
0x00007ffdb1230000 - 0x00007ffdb1281000 	C:\Users\FliaMejias\.javacpp\cache\opencv-windows-x86_64.jar\org\bytedeco\javacpp\windows-x86_64\concrt140.dll
0x00007ffda35f0000 - 0x00007ffda3696000 	C:\Windows\SYSTEM32\MSVCP140.dll
0x00007ffdb2ba0000 - 0x00007ffdb2bb6000 	C:\Windows\SYSTEM32\VCRUNTIME140.dll
0x00007ffda3800000 - 0x00007ffda389d000 	C:\Users\FliaMejias\.javacpp\cache\opencv-windows-x86_64.jar\org\bytedeco\javacpp\windows-x86_64\msvcp140.dll
0x00007ffdb12d0000 - 0x00007ffdb12e7000 	C:\Users\FliaMejias\.javacpp\cache\opencv-windows-x86_64.jar\org\bytedeco\javacpp\windows-x86_64\vcruntime140.dll
0x000000001de80000 - 0x000000001de83000 	C:\Users\FliaMejias\.javacpp\cache\opencv-windows-x86_64.jar\org\bytedeco\javacpp\windows-x86_64\api-ms-win-crt-locale-l1-1-0.dll
0x000000001de90000 - 0x000000001de94000 	C:\Users\FliaMejias\.javacpp\cache\opencv-windows-x86_64.jar\org\bytedeco\javacpp\windows-x86_64\api-ms-win-crt-string-l1-1-0.dll
0x000000001dea0000 - 0x000000001dea4000 	C:\Users\FliaMejias\.javacpp\cache\opencv-windows-x86_64.jar\org\bytedeco\javacpp\windows-x86_64\api-ms-win-crt-stdio-l1-1-0.dll
0x000000001deb0000 - 0x000000001deb5000 	C:\Users\FliaMejias\.javacpp\cache\opencv-windows-x86_64.jar\org\bytedeco\javacpp\windows-x86_64\api-ms-win-crt-math-l1-1-0.dll
0x000000001dec0000 - 0x000000001dec3000 	C:\Users\FliaMejias\.javacpp\cache\opencv-windows-x86_64.jar\org\bytedeco\javacpp\windows-x86_64\api-ms-win-crt-heap-l1-1-0.dll
0x000000001ded0000 - 0x000000001ded4000 	C:\Users\FliaMejias\.javacpp\cache\opencv-windows-x86_64.jar\org\bytedeco\javacpp\windows-x86_64\api-ms-win-crt-runtime-l1-1-0.dll
0x000000001dee0000 - 0x000000001dee4000 	C:\Users\FliaMejias\.javacpp\cache\opencv-windows-x86_64.jar\org\bytedeco\javacpp\windows-x86_64\api-ms-win-crt-convert-l1-1-0.dll
0x000000001def0000 - 0x000000001def3000 	C:\Users\FliaMejias\.javacpp\cache\opencv-windows-x86_64.jar\org\bytedeco\javacpp\windows-x86_64\api-ms-win-crt-environment-l1-1-0.dll

VM Arguments:
jvm_args: -Xdebug -Xrunjdwp:transport=dt_shmem,address=javadebug -Dfile.encoding=UTF-8 
java_command: IEv4.IEv4
java_class_path (initial): C:\Users\FliaMejias\Desktop\javaCV\artoolkitplus-platform.jar;C:\Users\FliaMejias\Desktop\javaCV\artoolkitplus-windows-x86.jar;C:\Users\FliaMejias\Desktop\javaCV\artoolkitplus-windows-x86_64.jar;C:\Users\FliaMejias\Desktop\javaCV\artoolkitplus.jar;C:\Users\FliaMejias\Desktop\javaCV\ffmpeg-platform.jar;C:\Users\FliaMejias\Desktop\javaCV\ffmpeg-windows-x86.jar;C:\Users\FliaMejias\Desktop\javaCV\ffmpeg-windows-x86_64.jar;C:\Users\FliaMejias\Desktop\javaCV\ffmpeg.jar;C:\Users\FliaMejias\Desktop\javaCV\flandmark-platform.jar;C:\Users\FliaMejias\Desktop\javaCV\flandmark-windows-x86.jar;C:\Users\FliaMejias\Desktop\javaCV\flandmark-windows-x86_64.jar;C:\Users\FliaMejias\Desktop\javaCV\flandmark.jar;C:\Users\FliaMejias\Desktop\javaCV\flycapture-platform.jar;C:\Users\FliaMejias\Desktop\javaCV\flycapture-windows-x86.jar;C:\Users\FliaMejias\Desktop\javaCV\flycapture-windows-x86_64.jar;C:\Users\FliaMejias\Desktop\javaCV\flycapture.jar;C:\Users\FliaMejias\Desktop\javaCV\javacpp.jar;C:\Users\FliaMejias\Desktop\javaCV\javacv-platform.jar;C:\Users\FliaMejias\Desktop\javaCV\javacv.jar;C:\Users\FliaMejias\Desktop\javaCV\libdc1394-platform.jar;C:\Users\FliaMejias\Desktop\javaCV\libdc1394-windows-x86.jar;C:\Users\FliaMejias\Desktop\javaCV\libdc1394-windows-x86_64.jar;C:\Users\FliaMejias\Desktop\javaCV\libdc1394.jar;C:\Users\FliaMejias\Desktop\javaCV\libfreenect-platform.jar;C:\Users\FliaMejias\Desktop\javaCV\libfreenect-windows-x86.jar;C:\Users\FliaMejias\Desktop\javaCV\libfreenect-windows-x86_64.jar;C:\Users\FliaMejias\Desktop\javaCV\libfreenect.jar;C:\Users\FliaMejias\Desktop\javaCV\libfreenect2-platform.jar;C:\Users\FliaMejias\Desktop\javaCV\libfreenect2-windows-x86_64.jar;C:\Users\FliaMejias\Desktop\javaCV\libfreenect2.jar;C:\Users\FliaMejias\Desktop\javaCV\librealsense-platform.jar;C:\Users\FliaMejias\Desktop\javaCV\librealsense-windows-x86.jar;C:\Users\FliaMejias\Desktop\javaCV\librealsense-windows-x86_64.jar;C:\Users\FliaMejias\Desktop\javaCV\libreals
Launcher Type: SUN_STANDARD

Environment Variables:
PATH=C:\Program Files (x86)\Common Files\Oracle\Java\javapath;C:\ProgramData\Oracle\Java\javapath;C:\Windows\system32;C:\Windows;C:\Windows\System32\Wbem;C:\Windows\System32\WindowsPowerShell\v1.0\;C:\Program Files\Git\cmd;C:\Program Files\nodejs\;C:\xampp\php;C:\ProgramData\ComposerSetup\bin;C:\Program Files\SourceGear\Common\DiffMerge\;C:\Program Files (x86)\GtkSharp\2.12\bin;C:\Users\FliaMejias\AppData\Local\Microsoft\WindowsApps;C:\Program Files\Microsoft VS Code\bin;C:\Users\FliaMejias\AppData\Roaming\npm;C:\cygwin64\bin;C:\Users\FliaMejias\AppData\Roaming\Composer\vendor\bin
USERNAME=FliaMejias
OS=Windows_NT
PROCESSOR_IDENTIFIER=Intel64 Family 6 Model 58 Stepping 9, GenuineIntel



---------------  S Y S T E M  ---------------

OS: Windows 10.0 , 64 bit Build 16299 (10.0.16299.15)

CPU:total 4 (2 cores per cpu, 2 threads per core) family 6 model 58 stepping 9, cmov, cx8, fxsr, mmx, sse, sse2, sse3, ssse3, sse4.1, sse4.2, popcnt, avx, clmul, erms, ht, tsc, tscinvbit, tscinv

Memory: 4k page, physical 8282888k(1805676k free), swap 15436100k(6055260k free)

vm_info: Java HotSpot(TM) 64-Bit Server VM (25.111-b14) for windows-amd64 JRE (1.8.0_111-b14), built on Sep 22 2016 19:24:05 by "java_re" with MS VC++ 10.0 (VS2010)

time: Sat Jun 23 23:34:32 2018
elapsed time: 19 seconds (0d 0h 0m 19s)

