#
# A fatal error has been detected by the Java Runtime Environment:
#
#  EXCEPTION_ACCESS_VIOLATION (0xc0000005) at pc=0x0000000064a551c0, pid=524, tid=0x0000000000000c80
#
# JRE version: Java(TM) SE Runtime Environment (8.0_111-b14) (build 1.8.0_111-b14)
# Java VM: Java HotSpot(TM) 64-Bit Server VM (25.111-b14 mixed mode windows-amd64 compressed oops)
# Problematic frame:
# V  [jvm.dll+0x2751c0]
#
# Failed to write core dump. Minidumps are not enabled by default on client versions of Windows
#
# If you would like to submit a bug report, please visit:
#   http://bugreport.java.com/bugreport/crash.jsp
#

---------------  T H R E A D  ---------------

Current thread (0x000000001bada800):  JavaThread "AWT-EventQueue-0" [_thread_in_vm, id=3200, stack(0x000000001c900000,0x000000001ca00000)]

siginfo: ExceptionCode=0xc0000005, reading address 0x0000000028de60f8

Registers:
RAX=0x000000002edfffd0, RBX=0x000000001bada800, RCX=0x000000002e4b86c8, RDX=0x0000000028de60f8
RSP=0x000000001c9fc800, RBP=0x0000000000000000, RSI=0x000000000004bf00, RDI=0x0000000000000000
R8 =0x00000000000097e0, R9 =0x000000002e46c7d0, R10=0x000000000525dcb2, R11=0x000000000525dc58
R12=0x0000000028d9a200, R13=0x000000001c9fc900, R14=0x000000001c9fc9c8, R15=0x000000001bada800
RIP=0x0000000064a551c0, EFLAGS=0x0000000000010202

Top of Stack: (sp=0x000000001c9fc800)
0x000000001c9fc800:   0000000000000007 0000000064feee78
0x000000001c9fc810:   0000000000000000 00000000649c3750
0x000000001c9fc820:   000000000004bf00 00000000649c3b57
0x000000001c9fc830:   0000000000000000 0000000004cd23d9
0x000000001c9fc840:   0000000000000000 00000000649fe0ca
0x000000001c9fc850:   0000000000000000 0000000004be1850
0x000000001c9fc860:   0000000000000000 000000000525dd30
0x000000001c9fc870:   0000000000000000 0000000018df02c8
0x000000001c9fc880:   000000001c9fc8e0 000000002e46c7d0
0x000000001c9fc890:   0000000000000000 000000002e46c7d0
0x000000001c9fc8a0:   000000000004bf00 00000000826efc68
0x000000001c9fc8b0:   0000000000000000 000000001cfad6a1
0x000000001c9fc8c0:   0000000000000000 000000001cfad960
0x000000001c9fc8d0:   0000000000000000 000000001cfad6d8
0x000000001c9fc8e0:   000000001c9fc988 0000000004bc83fd
0x000000001c9fc8f0:   000000001c9fc970 0000000004bc83fd 

Instructions: (pc=0x0000000064a551c0)
0x0000000064a551a0:   ef 48 83 c4 28 c3 4a 8d 54 c1 f8 4b 8d 4c c1 f8
0x0000000064a551b0:   4d 85 c0 0f 84 9a 00 00 00 0f 1f 80 00 00 00 00
0x0000000064a551c0:   48 8b 02 48 83 e9 08 48 83 ea 08 49 ff c8 48 89
0x0000000064a551d0:   41 08 75 ec 48 83 c4 28 c3 a8 03 75 5a 49 c1 e8 


Register to memory mapping:

RAX=0x000000002edfffd0 is an unknown value
RBX=0x000000001bada800 is a thread
RCX=0x000000002e4b86c8 is an unknown value
RDX=0x0000000028de60f8 is an unknown value
RSP=0x000000001c9fc800 is pointing into the stack for thread: 0x000000001bada800
RBP=0x0000000000000000 is an unknown value
RSI=0x000000000004bf00 is an unknown value
RDI=0x0000000000000000 is an unknown value
R8 =0x00000000000097e0 is an unknown value
R9 =0x000000002e46c7d0 is an unknown value
R10=0x000000000525dcb2 is at entry_point+114 in (nmethod*)0x000000000525dad0
R11=0x000000000525dc58 is at entry_point+24 in (nmethod*)0x000000000525dad0
R12=0x0000000028d9a200 is an unknown value
R13=0x000000001c9fc900 is pointing into the stack for thread: 0x000000001bada800
R14=0x000000001c9fc9c8 is pointing into the stack for thread: 0x000000001bada800
R15=0x000000001bada800 is a thread


Stack: [0x000000001c900000,0x000000001ca00000],  sp=0x000000001c9fc800,  free space=1010k
Native frames: (J=compiled Java code, j=interpreted, Vv=VM code, C=native code)

Java frames: (J=compiled Java code, j=interpreted, Vv=VM code)
J 1879  sun.misc.Unsafe.copyMemory(Ljava/lang/Object;JLjava/lang/Object;JJ)V (0 bytes) @ 0x000000000525dcb2 [0x000000000525dc40+0x72]
j  sun.misc.Unsafe.copyMemory(JJJ)V+7
j  java.nio.DirectByteBuffer.put(Ljava/nio/ByteBuffer;)Ljava/nio/ByteBuffer;+157
J 2238 C1 org.bytedeco.javacv.Frame.cloneBufferArray([Ljava/nio/Buffer;)[Ljava/nio/Buffer; (405 bytes) @ 0x0000000005375844 [0x00000000053751e0+0x664]
j  org.bytedeco.javacv.Frame.clone()Lorg/bytedeco/javacv/Frame;+69
J 2282 C1 IEv4.Imagensish.<init>(Lorg/bytedeco/javacpp/opencv_core$Mat;I)V (36 bytes) @ 0x00000000053a4c04 [0x00000000053a48a0+0x364]
j  IEv4.DB.TileImage()V+68
j  IEv4.DB.GenerateMosaic()Lorg/bytedeco/javacpp/opencv_core$Mat;+1
j  IEv4.IEv4UI.ShowPhotoMosaicActionPerformed(Ljava/awt/event/ActionEvent;)V+47
j  IEv4.IEv4UI.access$1800(LIEv4/IEv4UI;Ljava/awt/event/ActionEvent;)V+2
j  IEv4.IEv4UI$19.actionPerformed(Ljava/awt/event/ActionEvent;)V+5
j  javax.swing.AbstractButton.fireActionPerformed(Ljava/awt/event/ActionEvent;)V+83
j  javax.swing.AbstractButton$Handler.actionPerformed(Ljava/awt/event/ActionEvent;)V+5
j  javax.swing.DefaultButtonModel.fireActionPerformed(Ljava/awt/event/ActionEvent;)V+34
j  javax.swing.DefaultButtonModel.setPressed(Z)V+117
j  javax.swing.plaf.basic.BasicButtonListener.mouseReleased(Ljava/awt/event/MouseEvent;)V+35
j  java.awt.Component.processMouseEvent(Ljava/awt/event/MouseEvent;)V+64
j  javax.swing.JComponent.processMouseEvent(Ljava/awt/event/MouseEvent;)V+23
J 1351 C1 java.awt.Component.processEvent(Ljava/awt/AWTEvent;)V (220 bytes) @ 0x000000000504929c [0x0000000005048d60+0x53c]
J 1283 C1 java.awt.Container.processEvent(Ljava/awt/AWTEvent;)V (22 bytes) @ 0x000000000501102c [0x0000000005010ce0+0x34c]
J 1078 C1 java.awt.Component.dispatchEventImpl(Ljava/awt/AWTEvent;)V (883 bytes) @ 0x0000000004f86514 [0x0000000004f80fa0+0x5574]
J 787 C1 java.awt.Container.dispatchEventImpl(Ljava/awt/AWTEvent;)V (129 bytes) @ 0x0000000004e8e124 [0x0000000004e8dfe0+0x144]
J 1169 C1 java.awt.LightweightDispatcher.retargetMouseEvent(Ljava/awt/Component;ILjava/awt/event/MouseEvent;)V (350 bytes) @ 0x0000000004fcad34 [0x0000000004fc89a0+0x2394]
J 1335 C1 java.awt.LightweightDispatcher.processMouseEvent(Ljava/awt/event/MouseEvent;)Z (286 bytes) @ 0x0000000005052b5c [0x0000000005051400+0x175c]
J 1164 C1 java.awt.LightweightDispatcher.dispatchEvent(Ljava/awt/AWTEvent;)Z (73 bytes) @ 0x0000000004fc1e34 [0x0000000004fc1a00+0x434]
J 787 C1 java.awt.Container.dispatchEventImpl(Ljava/awt/AWTEvent;)V (129 bytes) @ 0x0000000004e8e0c4 [0x0000000004e8dfe0+0xe4]
J 1171 C1 java.awt.Window.dispatchEventImpl(Ljava/awt/AWTEvent;)V (23 bytes) @ 0x0000000004fcd32c [0x0000000004fccd40+0x5ec]
J 1047 C1 java.awt.EventQueue.dispatchEventImpl(Ljava/awt/AWTEvent;Ljava/lang/Object;)V (149 bytes) @ 0x0000000004f4c2b4 [0x0000000004f4aa40+0x1874]
J 1045 C1 java.awt.EventQueue$3.run()Ljava/lang/Void; (60 bytes) @ 0x0000000004f49e1c [0x0000000004f49c00+0x21c]
J 1044 C1 java.awt.EventQueue$3.run()Ljava/lang/Object; (5 bytes) @ 0x0000000004f49894 [0x0000000004f49800+0x94]
v  ~StubRoutines::call_stub
J 750  java.security.AccessController.doPrivileged(Ljava/security/PrivilegedAction;Ljava/security/AccessControlContext;)Ljava/lang/Object; (0 bytes) @ 0x0000000004e75ea6 [0x0000000004e75e40+0x66]
J 1104 C1 java.awt.EventQueue$4.run()Ljava/lang/Object; (5 bytes) @ 0x0000000004f9d43c [0x0000000004f9d000+0x43c]
v  ~StubRoutines::call_stub
J 750  java.security.AccessController.doPrivileged(Ljava/security/PrivilegedAction;Ljava/security/AccessControlContext;)Ljava/lang/Object; (0 bytes) @ 0x0000000004e75ea6 [0x0000000004e75e40+0x66]
J 781 C1 java.awt.EventQueue.dispatchEvent(Ljava/awt/AWTEvent;)V (80 bytes) @ 0x0000000004e85da4 [0x0000000004e84f00+0xea4]
J 784 C1 java.awt.EventDispatchThread.pumpOneEventForFilters(I)V (295 bytes) @ 0x0000000004e8a12c [0x0000000004e88520+0x1c0c]
j  java.awt.EventDispatchThread.pumpEventsForFilter(ILjava/awt/Conditional;Ljava/awt/EventFilter;)V+35
j  java.awt.EventDispatchThread.pumpEventsForHierarchy(ILjava/awt/Conditional;Ljava/awt/Component;)V+11
j  java.awt.EventDispatchThread.pumpEvents(ILjava/awt/Conditional;)V+4
j  java.awt.EventDispatchThread.pumpEvents(Ljava/awt/Conditional;)V+3
j  java.awt.EventDispatchThread.run()V+9
v  ~StubRoutines::call_stub

---------------  P R O C E S S  ---------------

Java Threads: ( => current thread )
  0x000000001b5f7800 JavaThread "JavaCPP Deallocator" daemon [_thread_blocked, id=1772, stack(0x00000000202c0000,0x00000000203c0000)]
  0x000000001b609000 JavaThread "Swing-Shell" daemon [_thread_blocked, id=2360, stack(0x000000001e690000,0x000000001e790000)]
  0x000000001bc26000 JavaThread "TimerQueue" daemon [_thread_blocked, id=3504, stack(0x000000001d120000,0x000000001d220000)]
  0x000000001bb3c000 JavaThread "org.netbeans.modules.debugger.jpda.visual AWT Access Loop" daemon [_thread_blocked, id=11232, stack(0x000000001ca00000,0x000000001cb00000)]
  0x0000000004ac2800 JavaThread "DestroyJavaVM" [_thread_blocked, id=10776, stack(0x00000000049a0000,0x0000000004aa0000)]
=>0x000000001bada800 JavaThread "AWT-EventQueue-0" [_thread_in_vm, id=3200, stack(0x000000001c900000,0x000000001ca00000)]
  0x000000001bad9000 JavaThread "AWT-Windows" daemon [_thread_in_native, id=3820, stack(0x000000001c740000,0x000000001c840000)]
  0x000000001bad8000 JavaThread "AWT-Shutdown" [_thread_blocked, id=3632, stack(0x000000001c640000,0x000000001c740000)]
  0x000000001bad7800 JavaThread "Java2D Disposer" daemon [_thread_blocked, id=3592, stack(0x000000001c540000,0x000000001c640000)]
  0x000000001b363800 JavaThread "Service Thread" daemon [_thread_blocked, id=3100, stack(0x000000001b760000,0x000000001b860000)]
  0x0000000019740000 JavaThread "C1 CompilerThread2" daemon [_thread_blocked, id=3148, stack(0x000000001b260000,0x000000001b360000)]
  0x000000001973b000 JavaThread "C2 CompilerThread1" daemon [_thread_blocked, id=10664, stack(0x000000001b160000,0x000000001b260000)]
  0x0000000019739000 JavaThread "C2 CompilerThread0" daemon [_thread_blocked, id=628, stack(0x000000001b060000,0x000000001b160000)]
  0x0000000019729000 JavaThread "JDWP Command Reader" daemon [_thread_in_native, id=10516, stack(0x000000001af60000,0x000000001b060000)]
  0x0000000019726000 JavaThread "JDWP Event Helper Thread" daemon [_thread_blocked, id=10756, stack(0x000000001ae60000,0x000000001af60000)]
  0x0000000019718800 JavaThread "JDWP Transport Listener: dt_shmem" daemon [_thread_blocked, id=1000, stack(0x000000001ad60000,0x000000001ae60000)]
  0x000000001970e000 JavaThread "Attach Listener" daemon [_thread_blocked, id=3092, stack(0x000000001ac60000,0x000000001ad60000)]
  0x000000001970d000 JavaThread "Signal Dispatcher" daemon [_thread_blocked, id=8292, stack(0x000000001ab60000,0x000000001ac60000)]
  0x00000000196f9000 JavaThread "Finalizer" daemon [_thread_blocked, id=10384, stack(0x000000001a970000,0x000000001aa70000)]
  0x0000000004bb4000 JavaThread "Reference Handler" daemon [_thread_blocked, id=2976, stack(0x000000001a870000,0x000000001a970000)]

Other Threads:
  0x00000000196d7800 VMThread [stack: 0x000000001a770000,0x000000001a870000] [id=6528]
  0x000000001b3d8800 WatcherThread [stack: 0x000000001b860000,0x000000001b960000] [id=3780]

VM state:not at safepoint (normal execution)

VM Mutex/Monitor currently owned by a thread: None

Heap:
 PSYoungGen      total 150016K, used 109805K [0x00000000d5d80000, 0x00000000e0280000, 0x0000000100000000)
  eden space 132608K, 82% used [0x00000000d5d80000,0x00000000dc825540,0x00000000ddf00000)
  from space 17408K, 3% used [0x00000000df080000,0x00000000df115f10,0x00000000e0180000)
  to   space 17920K, 0% used [0x00000000ddf00000,0x00000000ddf00000,0x00000000df080000)
 ParOldGen       total 87552K, used 26104K [0x0000000081800000, 0x0000000086d80000, 0x00000000d5d80000)
  object space 87552K, 29% used [0x0000000081800000,0x000000008317e0d0,0x0000000086d80000)
 Metaspace       used 19203K, capacity 19442K, committed 19584K, reserved 1067008K
  class space    used 2337K, capacity 2419K, committed 2432K, reserved 1048576K

Card table byte_map: [0x0000000013f80000,0x0000000014380000] byte_map_base: 0x0000000013b74000

Marking Bits: (ParMarkBitMap*) 0x0000000064ffa6c0
 Begin Bits: [0x0000000014a30000, 0x00000000169d0000)
 End Bits:   [0x00000000169d0000, 0x0000000018970000)

Polling page: 0x0000000002d40000

CodeCache: size=245760Kb used=8166Kb max_used=8166Kb free=237593Kb
 bounds [0x0000000004bc0000, 0x00000000053c0000, 0x0000000013bc0000]
 total_blobs=2890 nmethods=2253 adapters=556
 compilation: enabled

Compilation events (10 events):
Event: 116.890 Thread 0x0000000019740000 2305       3       java.util.concurrent.atomic.AtomicLong::incrementAndGet (14 bytes)
Event: 116.890 Thread 0x0000000019740000 nmethod 2305 0x00000000053bdc10 code [0x00000000053bdd60, 0x00000000053bded0]
Event: 116.890 Thread 0x0000000019740000 2308       3       org.bytedeco.javacpp.BytePointer::capacity (9 bytes)
Event: 116.890 Thread 0x0000000019740000 nmethod 2308 0x00000000053bdf50 code [0x00000000053be0a0, 0x00000000053be250]
Event: 116.890 Thread 0x0000000019740000 2309       3       org.bytedeco.javacpp.BytePointer::asBuffer (5 bytes)
Event: 116.891 Thread 0x0000000019740000 nmethod 2309 0x00000000053be310 code [0x00000000053be480, 0x00000000053be688]
Event: 116.891 Thread 0x0000000019740000 2310       3       org.bytedeco.javacv.OpenCVFrameConverter::getFrameDepth (147 bytes)
Event: 116.891 Thread 0x0000000019740000 nmethod 2310 0x00000000053be710 code [0x00000000053be880, 0x00000000053beab0]
Event: 116.893 Thread 0x0000000019740000 2311       3       org.bytedeco.javacpp.opencv_core$Mat::<init> (15 bytes)
Event: 116.893 Thread 0x0000000019740000 nmethod 2311 0x00000000053bef10 code [0x00000000053bf0a0, 0x00000000053bf358]

GC Heap History (10 events):
Event: 71.293 GC heap before
{Heap before GC invocations=4 (full 0):
 PSYoungGen      total 38400K, used 38374K [0x00000000d5d80000, 0x00000000d8800000, 0x0000000100000000)
  eden space 33280K, 100% used [0x00000000d5d80000,0x00000000d7e00000,0x00000000d7e00000)
  from space 5120K, 99% used [0x00000000d7e00000,0x00000000d82f9ab0,0x00000000d8300000)
  to   space 5120K, 0% used [0x00000000d8300000,0x00000000d8300000,0x00000000d8800000)
 ParOldGen       total 87552K, used 15154K [0x0000000081800000, 0x0000000086d80000, 0x00000000d5d80000)
  object space 87552K, 17% used [0x0000000081800000,0x00000000826cc998,0x0000000086d80000)
 Metaspace       used 19044K, capacity 19250K, committed 19328K, reserved 1067008K
  class space    used 2332K, capacity 2419K, committed 2432K, reserved 1048576K
Event: 71.303 GC heap after
Heap after GC invocations=4 (full 0):
 PSYoungGen      total 38400K, used 5094K [0x00000000d5d80000, 0x00000000da880000, 0x0000000100000000)
  eden space 33280K, 0% used [0x00000000d5d80000,0x00000000d5d80000,0x00000000d7e00000)
  from space 5120K, 99% used [0x00000000d8300000,0x00000000d87f9ab0,0x00000000d8800000)
  to   space 5120K, 0% used [0x00000000d7e00000,0x00000000d7e00000,0x00000000d8300000)
 ParOldGen       total 87552K, used 15178K [0x0000000081800000, 0x0000000086d80000, 0x00000000d5d80000)
  object space 87552K, 17% used [0x0000000081800000,0x00000000826d2998,0x0000000086d80000)
 Metaspace       used 19044K, capacity 19250K, committed 19328K, reserved 1067008K
  class space    used 2332K, capacity 2419K, committed 2432K, reserved 1048576K
}
Event: 71.350 GC heap before
{Heap before GC invocations=5 (full 0):
 PSYoungGen      total 38400K, used 38374K [0x00000000d5d80000, 0x00000000da880000, 0x0000000100000000)
  eden space 33280K, 100% used [0x00000000d5d80000,0x00000000d7e00000,0x00000000d7e00000)
  from space 5120K, 99% used [0x00000000d8300000,0x00000000d87f9ab0,0x00000000d8800000)
  to   space 5120K, 0% used [0x00000000d7e00000,0x00000000d7e00000,0x00000000d8300000)
 ParOldGen       total 87552K, used 15178K [0x0000000081800000, 0x0000000086d80000, 0x00000000d5d80000)
  object space 87552K, 17% used [0x0000000081800000,0x00000000826d2998,0x0000000086d80000)
 Metaspace       used 19044K, capacity 19250K, committed 19328K, reserved 1067008K
  class space    used 2332K, capacity 2419K, committed 2432K, reserved 1048576K
Event: 71.355 GC heap after
Heap after GC invocations=5 (full 0):
 PSYoungGen      total 38400K, used 5110K [0x00000000d5d80000, 0x00000000dc080000, 0x0000000100000000)
  eden space 33280K, 0% used [0x00000000d5d80000,0x00000000d5d80000,0x00000000d7e00000)
  from space 5120K, 99% used [0x00000000d7e00000,0x00000000d82fdaa0,0x00000000d8300000)
  to   space 17408K, 0% used [0x00000000daf80000,0x00000000daf80000,0x00000000dc080000)
 ParOldGen       total 87552K, used 15202K [0x0000000081800000, 0x0000000086d80000, 0x00000000d5d80000)
  object space 87552K, 17% used [0x0000000081800000,0x00000000826d8998,0x0000000086d80000)
 Metaspace       used 19044K, capacity 19250K, committed 19328K, reserved 1067008K
  class space    used 2332K, capacity 2419K, committed 2432K, reserved 1048576K
}
Event: 71.399 GC heap before
{Heap before GC invocations=6 (full 0):
 PSYoungGen      total 38400K, used 38390K [0x00000000d5d80000, 0x00000000dc080000, 0x0000000100000000)
  eden space 33280K, 100% used [0x00000000d5d80000,0x00000000d7e00000,0x00000000d7e00000)
  from space 5120K, 99% used [0x00000000d7e00000,0x00000000d82fdaa0,0x00000000d8300000)
  to   space 17408K, 0% used [0x00000000daf80000,0x00000000daf80000,0x00000000dc080000)
 ParOldGen       total 87552K, used 15202K [0x0000000081800000, 0x0000000086d80000, 0x00000000d5d80000)
  object space 87552K, 17% used [0x0000000081800000,0x00000000826d8998,0x0000000086d80000)
 Metaspace       used 19044K, capacity 19250K, committed 19328K, reserved 1067008K
  class space    used 2332K, capacity 2419K, committed 2432K, reserved 1048576K
Event: 71.405 GC heap after
Heap after GC invocations=6 (full 0):
 PSYoungGen      total 80896K, used 7354K [0x00000000d5d80000, 0x00000000dbd80000, 0x0000000100000000)
  eden space 66560K, 0% used [0x00000000d5d80000,0x00000000d5d80000,0x00000000d9e80000)
  from space 14336K, 51% used [0x00000000daf80000,0x00000000db6ae988,0x00000000dbd80000)
  to   space 15872K, 0% used [0x00000000d9e80000,0x00000000d9e80000,0x00000000dae00000)
 ParOldGen       total 87552K, used 15210K [0x0000000081800000, 0x0000000086d80000, 0x00000000d5d80000)
  object space 87552K, 17% used [0x0000000081800000,0x00000000826da998,0x0000000086d80000)
 Metaspace       used 19044K, capacity 19250K, committed 19328K, reserved 1067008K
  class space    used 2332K, capacity 2419K, committed 2432K, reserved 1048576K
}
Event: 72.082 GC heap before
{Heap before GC invocations=7 (full 0):
 PSYoungGen      total 80896K, used 73914K [0x00000000d5d80000, 0x00000000dbd80000, 0x0000000100000000)
  eden space 66560K, 100% used [0x00000000d5d80000,0x00000000d9e80000,0x00000000d9e80000)
  from space 14336K, 51% used [0x00000000daf80000,0x00000000db6ae988,0x00000000dbd80000)
  to   space 15872K, 0% used [0x00000000d9e80000,0x00000000d9e80000,0x00000000dae00000)
 ParOldGen       total 87552K, used 15210K [0x0000000081800000, 0x0000000086d80000, 0x00000000d5d80000)
  object space 87552K, 17% used [0x0000000081800000,0x00000000826da998,0x0000000086d80000)
 Metaspace       used 19044K, capacity 19250K, committed 19328K, reserved 1067008K
  class space    used 2332K, capacity 2419K, committed 2432K, reserved 1048576K
Event: 72.096 GC heap after
Heap after GC invocations=7 (full 0):
 PSYoungGen      total 82432K, used 13256K [0x00000000d5d80000, 0x00000000e0180000, 0x0000000100000000)
  eden space 66560K, 0% used [0x00000000d5d80000,0x00000000d5d80000,0x00000000d9e80000)
  from space 15872K, 83% used [0x00000000d9e80000,0x00000000dab723d8,0x00000000dae00000)
  to   space 17408K, 0% used [0x00000000df080000,0x00000000df080000,0x00000000e0180000)
 ParOldGen       total 87552K, used 25398K [0x0000000081800000, 0x0000000086d80000, 0x00000000d5d80000)
  object space 87552K, 29% used [0x0000000081800000,0x00000000830cdbf8,0x0000000086d80000)
 Metaspace       used 19044K, capacity 19250K, committed 19328K, reserved 1067008K
  class space    used 2332K, capacity 2419K, committed 2432K, reserved 1048576K
}
Event: 116.480 GC heap before
{Heap before GC invocations=8 (full 0):
 PSYoungGen      total 82432K, used 79816K [0x00000000d5d80000, 0x00000000e0180000, 0x0000000100000000)
  eden space 66560K, 100% used [0x00000000d5d80000,0x00000000d9e80000,0x00000000d9e80000)
  from space 15872K, 83% used [0x00000000d9e80000,0x00000000dab723d8,0x00000000dae00000)
  to   space 17408K, 0% used [0x00000000df080000,0x00000000df080000,0x00000000e0180000)
 ParOldGen       total 87552K, used 25398K [0x0000000081800000, 0x0000000086d80000, 0x00000000d5d80000)
  object space 87552K, 29% used [0x0000000081800000,0x00000000830cdbf8,0x0000000086d80000)
 Metaspace       used 19110K, capacity 19314K, committed 19584K, reserved 1067008K
  class space    used 2337K, capacity 2419K, committed 2432K, reserved 1048576K
Event: 116.482 GC heap after
Heap after GC invocations=8 (full 0):
 PSYoungGen      total 150016K, used 599K [0x00000000d5d80000, 0x00000000e0280000, 0x0000000100000000)
  eden space 132608K, 0% used [0x00000000d5d80000,0x00000000d5d80000,0x00000000ddf00000)
  from space 17408K, 3% used [0x00000000df080000,0x00000000df115f10,0x00000000e0180000)
  to   space 17920K, 0% used [0x00000000ddf00000,0x00000000ddf00000,0x00000000df080000)
 ParOldGen       total 87552K, used 26104K [0x0000000081800000, 0x0000000086d80000, 0x00000000d5d80000)
  object space 87552K, 29% used [0x0000000081800000,0x000000008317e0d0,0x0000000086d80000)
 Metaspace       used 19110K, capacity 19314K, committed 19584K, reserved 1067008K
  class space    used 2337K, capacity 2419K, committed 2432K, reserved 1048576K
}

Deoptimization events (10 events):
Event: 9.260 Thread 0x000000001bada800 Uncommon trap: reason=class_check action=maybe_recompile pc=0x0000000004d78cd4 method=java.lang.String.equals(Ljava/lang/Object;)Z @ 8
Event: 9.260 Thread 0x000000001bada800 Uncommon trap: reason=class_check action=maybe_recompile pc=0x0000000004d78cd4 method=java.lang.String.equals(Ljava/lang/Object;)Z @ 8
Event: 17.021 Thread 0x000000001bada800 Uncommon trap: reason=unstable_if action=reinterpret pc=0x0000000004e2ed58 method=java.util.HashMap.getNode(ILjava/lang/Object;)Ljava/util/HashMap$Node; @ 62
Event: 17.021 Thread 0x000000001bada800 Uncommon trap: reason=unstable_if action=reinterpret pc=0x0000000004e1a720 method=java.util.HashMap.getNode(ILjava/lang/Object;)Ljava/util/HashMap$Node; @ 62
Event: 17.045 Thread 0x000000001bada800 Uncommon trap: reason=unstable_if action=reinterpret pc=0x0000000005022628 method=java.io.WinNTFileSystem.normalize(Ljava/lang/String;II)Ljava/lang/String; @ 8
Event: 29.159 Thread 0x000000001bada800 Uncommon trap: reason=unstable_if action=reinterpret pc=0x000000000514a198 method=java.net.URI.match(CJJ)Z @ 19
Event: 62.593 Thread 0x000000001bada800 Uncommon trap: reason=unstable_if action=reinterpret pc=0x00000000052b1ce0 method=org.bytedeco.javacv.Java2DFrameConverter.flipCopyWithGamma(Ljava/nio/ByteBuffer;ILjava/nio/ByteBuffer;IZDZI)V @ 50
Event: 64.085 Thread 0x000000001bada800 Uncommon trap: reason=unstable_if action=reinterpret pc=0x000000000525f614 method=sun.misc.URLClassPath$FileLoader.getResource(Ljava/lang/String;Z)Lsun/misc/Resource; @ 139
Event: 71.374 Thread 0x000000001bada800 Uncommon trap: reason=unstable_if action=reinterpret pc=0x0000000005319164 method=IEv4.Imagensish.MeasureROI(Ljava/awt/image/BufferedImage;Lorg/bytedeco/javacpp/opencv_core$Rect;)Ljava/awt/Color; @ 66
Event: 71.999 Thread 0x000000001bada800 Uncommon trap: reason=unstable_if action=reinterpret pc=0x0000000005305c90 method=java.awt.image.ComponentColorModel.getRGB(Ljava/lang/Object;)I @ 4

Internal exceptions (10 events):
Event: 0.842 Thread 0x0000000004ac2800 Exception <a 'java/lang/NoSuchFieldError': method resolution failed> (0x00000000d615a250) thrown at [C:\re\workspace\8-2-build-windows-amd64-cygwin\jdk8u111\7883\hotspot\src\share\vm\prims\methodHandles.cpp, line 1146]
Event: 0.961 Thread 0x0000000004ac2800 Exception <a 'java/security/PrivilegedActionException'> (0x00000000d61e6298) thrown at [C:\re\workspace\8-2-build-windows-amd64-cygwin\jdk8u111\7883\hotspot\src\share\vm\prims\jvm.cpp, line 1386]
Event: 0.961 Thread 0x0000000004ac2800 Exception <a 'java/security/PrivilegedActionException'> (0x00000000d61e64a8) thrown at [C:\re\workspace\8-2-build-windows-amd64-cygwin\jdk8u111\7883\hotspot\src\share\vm\prims\jvm.cpp, line 1386]
Event: 0.962 Thread 0x0000000004ac2800 Exception <a 'java/security/PrivilegedActionException'> (0x00000000d61ea390) thrown at [C:\re\workspace\8-2-build-windows-amd64-cygwin\jdk8u111\7883\hotspot\src\share\vm\prims\jvm.cpp, line 1386]
Event: 0.962 Thread 0x0000000004ac2800 Exception <a 'java/security/PrivilegedActionException'> (0x00000000d61ea5a0) thrown at [C:\re\workspace\8-2-build-windows-amd64-cygwin\jdk8u111\7883\hotspot\src\share\vm\prims\jvm.cpp, line 1386]
Event: 0.973 Thread 0x0000000004ac2800 Exception <a 'java/io/FileNotFoundException'> (0x00000000d61ec9d8) thrown at [C:\re\workspace\8-2-build-windows-amd64-cygwin\jdk8u111\7883\hotspot\src\share\vm\prims\jni.cpp, line 709]
Event: 1.618 Thread 0x000000001bada800 Exception <a 'java/io/FileNotFoundException'> (0x00000000d63ea288) thrown at [C:\re\workspace\8-2-build-windows-amd64-cygwin\jdk8u111\7883\hotspot\src\share\vm\prims\jni.cpp, line 709]
Event: 78.324 Thread 0x000000001bada800 Exception <a 'java/lang/NullPointerException': Pointer address of argument 0 is NULL.> (0x00000000d9a8e688) thrown at [C:\re\workspace\8-2-build-windows-amd64-cygwin\jdk8u111\7883\hotspot\src\share\vm\prims\jni.cpp, line 735]
Event: 78.324 Thread 0x000000001bada800 Exception <a 'java/lang/NullPointerException'> (0x00000000d9a8e688) thrown at [C:\re\workspace\8-2-build-windows-amd64-cygwin\jdk8u111\7883\hotspot\src\share\vm\prims\jvm.cpp, line 1390]
Event: 78.324 Thread 0x000000001bada800 Exception <a 'java/lang/NullPointerException'> (0x00000000d9a8e688) thrown at [C:\re\workspace\8-2-build-windows-amd64-cygwin\jdk8u111\7883\hotspot\src\share\vm\prims\jvm.cpp, line 1390]

Events (10 events):
Event: 116.490 Thread 0x000000001bada800 DEOPT PACKING pc=0x000000000531c640 sp=0x000000001c9fcac0
Event: 116.490 Thread 0x000000001bada800 DEOPT UNPACKING pc=0x0000000004c0787f sp=0x000000001c9fc880 mode 0
Event: 116.499 Thread 0x000000001bada800 DEOPT PACKING pc=0x000000000531c640 sp=0x000000001c9fcac0
Event: 116.499 Thread 0x000000001bada800 DEOPT UNPACKING pc=0x0000000004c0787f sp=0x000000001c9fc880 mode 0
Event: 116.503 Thread 0x000000001bada800 DEOPT PACKING pc=0x000000000531c640 sp=0x000000001c9fcac0
Event: 116.503 Thread 0x000000001bada800 DEOPT UNPACKING pc=0x0000000004c0787f sp=0x000000001c9fc880 mode 0
Event: 116.505 Thread 0x000000001bada800 DEOPT PACKING pc=0x000000000531c640 sp=0x000000001c9fcac0
Event: 116.505 Thread 0x000000001bada800 DEOPT UNPACKING pc=0x0000000004c0787f sp=0x000000001c9fc880 mode 0
Event: 116.528 Thread 0x000000001bada800 DEOPT PACKING pc=0x000000000531c640 sp=0x000000001c9fcac0
Event: 116.528 Thread 0x000000001bada800 DEOPT UNPACKING pc=0x0000000004c0787f sp=0x000000001c9fc880 mode 0


Dynamic libraries:
0x00007ff62dcd0000 - 0x00007ff62dd07000 	C:\Program Files\Java\jdk1.8.0_111\bin\java.exe
0x00007ff9f0850000 - 0x00007ff9f0a30000 	C:\Windows\SYSTEM32\ntdll.dll
0x00007ff9eec70000 - 0x00007ff9eed1e000 	C:\Windows\System32\KERNEL32.DLL
0x00007ff9ecca0000 - 0x00007ff9ecf06000 	C:\Windows\System32\KERNELBASE.dll
0x00007ff9f05f0000 - 0x00007ff9f0691000 	C:\Windows\System32\ADVAPI32.dll
0x00007ff9ee520000 - 0x00007ff9ee5bd000 	C:\Windows\System32\msvcrt.dll
0x00007ff9eed20000 - 0x00007ff9eed7b000 	C:\Windows\System32\sechost.dll
0x00007ff9edd20000 - 0x00007ff9ede3f000 	C:\Windows\System32\RPCRT4.dll
0x00007ff9ee760000 - 0x00007ff9ee8ef000 	C:\Windows\System32\USER32.dll
0x00007ff9ecfc0000 - 0x00007ff9ecfe0000 	C:\Windows\System32\win32u.dll
0x00007ff9eee00000 - 0x00007ff9eee28000 	C:\Windows\System32\GDI32.dll
0x00007ff9ed040000 - 0x00007ff9ed1d4000 	C:\Windows\System32\gdi32full.dll
0x00007ff9edab0000 - 0x00007ff9edb4b000 	C:\Windows\System32\msvcp_win.dll
0x00007ff9ed9b0000 - 0x00007ff9edaa6000 	C:\Windows\System32\ucrtbase.dll
0x00007ff9dc900000 - 0x00007ff9dcb69000 	C:\Windows\WinSxS\amd64_microsoft.windows.common-controls_6595b64144ccf1df_6.0.16299.64_none_cc9304e22215ca8f\COMCTL32.dll
0x00007ff9eeea0000 - 0x00007ff9ef1a8000 	C:\Windows\System32\combase.dll
0x00007ff9ed930000 - 0x00007ff9ed9a2000 	C:\Windows\System32\bcryptPrimitives.dll
0x00007ff9eec40000 - 0x00007ff9eec6d000 	C:\Windows\System32\IMM32.DLL
0x0000000064700000 - 0x00000000647d2000 	C:\Program Files\Java\jdk1.8.0_111\jre\bin\msvcr100.dll
0x00000000647e0000 - 0x000000006507a000 	C:\Program Files\Java\jdk1.8.0_111\jre\bin\server\jvm.dll
0x00007ff9ede40000 - 0x00007ff9ede48000 	C:\Windows\System32\PSAPI.DLL
0x00007ff9ea7f0000 - 0x00007ff9ea813000 	C:\Windows\SYSTEM32\WINMM.dll
0x00007ff9eaa50000 - 0x00007ff9eaa59000 	C:\Windows\SYSTEM32\WSOCK32.dll
0x00007ff9de9e0000 - 0x00007ff9de9ea000 	C:\Windows\SYSTEM32\VERSION.dll
0x00007ff9eee30000 - 0x00007ff9eee9c000 	C:\Windows\System32\WS2_32.dll
0x00007ff9ea7c0000 - 0x00007ff9ea7ea000 	C:\Windows\SYSTEM32\WINMMBASE.dll
0x00007ff9ecc50000 - 0x00007ff9ecc9a000 	C:\Windows\System32\cfgmgr32.dll
0x00000000646b0000 - 0x00000000646bf000 	C:\Program Files\Java\jdk1.8.0_111\jre\bin\verify.dll
0x0000000064680000 - 0x00000000646a9000 	C:\Program Files\Java\jdk1.8.0_111\jre\bin\java.dll
0x00000000642a0000 - 0x00000000642d5000 	C:\Program Files\Java\jdk1.8.0_111\jre\bin\jdwp.dll
0x0000000064290000 - 0x0000000064298000 	C:\Program Files\Java\jdk1.8.0_111\jre\bin\npt.dll
0x0000000064660000 - 0x0000000064676000 	C:\Program Files\Java\jdk1.8.0_111\jre\bin\zip.dll
0x00007ff9ef1b0000 - 0x00007ff9f05e7000 	C:\Windows\System32\SHELL32.dll
0x00007ff9f06a0000 - 0x00007ff9f0746000 	C:\Windows\System32\shcore.dll
0x00007ff9ed1e0000 - 0x00007ff9ed927000 	C:\Windows\System32\windows.storage.dll
0x00007ff9eed80000 - 0x00007ff9eedd1000 	C:\Windows\System32\shlwapi.dll
0x00007ff9ecc30000 - 0x00007ff9ecc41000 	C:\Windows\System32\kernel.appcore.dll
0x00007ff9ecba0000 - 0x00007ff9ecbec000 	C:\Windows\System32\powrprof.dll
0x00007ff9ecc10000 - 0x00007ff9ecc2b000 	C:\Windows\System32\profapi.dll
0x0000000064390000 - 0x000000006439b000 	C:\Program Files\Java\jdk1.8.0_111\jre\bin\dt_shmem.dll
0x0000000064480000 - 0x0000000064618000 	C:\Program Files\Java\jdk1.8.0_111\jre\bin\awt.dll
0x00007ff9f0750000 - 0x00007ff9f0815000 	C:\Windows\System32\OLEAUT32.dll
0x00007ff9eae40000 - 0x00007ff9eaec7000 	C:\Windows\SYSTEM32\apphelp.dll
0x00007ff9eb190000 - 0x00007ff9eb225000 	C:\Windows\system32\uxtheme.dll
0x00007ff9eeac0000 - 0x00007ff9eec27000 	C:\Windows\System32\MSCTF.dll
0x00007ff9eb470000 - 0x00007ff9eb49a000 	C:\Windows\system32\dwmapi.dll
0x00007ff9ee330000 - 0x00007ff9ee479000 	C:\Windows\System32\ole32.dll
0x0000000064430000 - 0x0000000064477000 	C:\Program Files\Java\jdk1.8.0_111\jre\bin\fontmanager.dll
0x0000000064640000 - 0x000000006465a000 	C:\Program Files\Java\jdk1.8.0_111\jre\bin\net.dll
0x00007ff9ec430000 - 0x00007ff9ec496000 	C:\Windows\system32\mswsock.dll
0x0000000064620000 - 0x0000000064631000 	C:\Program Files\Java\jdk1.8.0_111\jre\bin\nio.dll
0x00000000643e0000 - 0x0000000064422000 	C:\Program Files\Java\jdk1.8.0_111\jre\bin\t2k.dll
0x00007ff9ee480000 - 0x00007ff9ee51e000 	C:\Windows\System32\clbcatq.dll
0x00007ff9e89a0000 - 0x00007ff9e8b4b000 	C:\Windows\SYSTEM32\WindowsCodecs.dll
0x00007ff9d6300000 - 0x00007ff9d634f000 	C:\Windows\system32\dataexchange.dll
0x00007ff9e9f90000 - 0x00007ff9ea272000 	C:\Windows\system32\d3d11.dll
0x00007ff9ea850000 - 0x00007ff9ea992000 	C:\Windows\system32\dcomp.dll
0x00007ff9eba10000 - 0x00007ff9ebabf000 	C:\Windows\system32\dxgi.dll
0x00007ff9eb4d0000 - 0x00007ff9eb64b000 	C:\Windows\system32\twinapi.appcore.dll
0x00007ff9eb450000 - 0x00007ff9eb470000 	C:\Windows\system32\RMCLIENT.dll
0x00007ff9ec700000 - 0x00007ff9ec725000 	C:\Windows\system32\bcrypt.dll
0x00007ff9e3a60000 - 0x00007ff9e3af8000 	C:\Windows\System32\TextInputFramework.dll
0x00007ff9e8570000 - 0x00007ff9e885e000 	C:\Windows\System32\CoreUIComponents.dll
0x00007ff9ea6e0000 - 0x00007ff9ea7bd000 	C:\Windows\System32\CoreMessaging.dll
0x00007ff9ebce0000 - 0x00007ff9ebd11000 	C:\Windows\SYSTEM32\ntmarta.dll
0x00007ff9e8f80000 - 0x00007ff9e90b6000 	C:\Windows\SYSTEM32\wintypes.dll
0x00007ff9d4460000 - 0x00007ff9d4506000 	C:\Windows\WinSxS\amd64_microsoft.windows.common-controls_6595b64144ccf1df_5.82.16299.64_none_e47b13aa03396f3a\comctl32.dll
0x00007ff9e9630000 - 0x00007ff9e97e1000 	C:\Windows\SYSTEM32\PROPSYS.dll
0x00007ff9e6ee0000 - 0x00007ff9e74d4000 	C:\Windows\System32\OneCoreUAPCommonProxyStub.dll
0x00007ff9cc5a0000 - 0x00007ff9cc6c7000 	C:\Windows\system32\NetworkExplorer.dll
0x00007ff9e4ef0000 - 0x00007ff9e4f0b000 	C:\Windows\SYSTEM32\MPR.dll
0x00007ff9e9830000 - 0x00007ff9e983b000 	C:\Windows\System32\drprov.dll
0x00007ff9ebd50000 - 0x00007ff9ebda5000 	C:\Windows\System32\WINSTA.dll
0x00007ff9d88b0000 - 0x00007ff9d88c6000 	C:\Windows\System32\ntlanman.dll
0x00007ff9d8890000 - 0x00007ff9d88ac000 	C:\Windows\System32\davclnt.dll
0x00007ff9e48c0000 - 0x00007ff9e48cc000 	C:\Windows\System32\DAVHLPR.dll
0x00007ff9e9200000 - 0x00007ff9e9217000 	C:\Windows\System32\wkscli.dll
0x00007ff9d9960000 - 0x00007ff9d9972000 	C:\Windows\SYSTEM32\cscapi.dll
0x00007ff9d87a0000 - 0x00007ff9d87ea000 	C:\Windows\System32\dlnashext.dll
0x00007ff9d8820000 - 0x00007ff9d8883000 	C:\Windows\System32\PlayToDevice.dll
0x00007ff9e42b0000 - 0x00007ff9e42cf000 	C:\Windows\System32\DevDispItemProvider.dll
0x00007ff9e8170000 - 0x00007ff9e81df000 	C:\Windows\System32\MMDevApi.dll
0x00007ff9ec9b0000 - 0x00007ff9ec9d7000 	C:\Windows\System32\DEVOBJ.dll
0x00007ff9d4280000 - 0x00007ff9d445f000 	C:\Windows\system32\wpdshext.dll
0x00007ff9d1a30000 - 0x00007ff9d1bcc000 	C:\Windows\WinSxS\amd64_microsoft.windows.gdiplus_6595b64144ccf1df_1.1.16299.64_none_4c5a740035ade6b7\gdiplus.dll
0x00007ff9cfa70000 - 0x00007ff9cfb10000 	C:\Windows\System32\PortableDeviceApi.dll
0x00007ff9eded0000 - 0x00007ff9ee31e000 	C:\Windows\System32\SETUPAPI.dll
0x00007ff9ecfe0000 - 0x00007ff9ed038000 	C:\Windows\System32\WINTRUST.dll
0x00007ff9ecbf0000 - 0x00007ff9ecc02000 	C:\Windows\System32\MSASN1.dll
0x00007ff9edb50000 - 0x00007ff9edd1e000 	C:\Windows\System32\CRYPT32.dll
0x00007ff9d5690000 - 0x00007ff9d56c6000 	C:\Windows\System32\EhStorShell.dll
0x00007ff9e4890000 - 0x00007ff9e48b5000 	C:\Windows\System32\EhStorAPI.dll
0x00007ff9eaed0000 - 0x00007ff9eaee3000 	C:\Windows\System32\WTSAPI32.dll
0x00007ff9e6e80000 - 0x00007ff9e6e90000 	C:\Windows\SYSTEM32\LINKINFO.dll
0x00007ff9d3fb0000 - 0x00007ff9d4077000 	C:\Users\FliaMejias\.javacpp\cache\ffmpeg-windows-x86_64.jar\org\bytedeco\javacpp\windows-x86_64\avutil-55.dll
0x000000006fe00000 - 0x000000006fed2000 	C:\Users\FliaMejias\.javacpp\cache\ffmpeg-windows-x86_64.jar\org\bytedeco\javacpp\windows-x86_64\jniavutil.dll
0x00007ff9e3460000 - 0x00007ff9e3488000 	C:\Users\FliaMejias\.javacpp\cache\ffmpeg-windows-x86_64.jar\org\bytedeco\javacpp\windows-x86_64\swresample-2.dll
0x0000000070080000 - 0x00000000700ae000 	C:\Users\FliaMejias\.javacpp\cache\ffmpeg-windows-x86_64.jar\org\bytedeco\javacpp\windows-x86_64\jniswresample.dll
0x00007ff9c7ba0000 - 0x00007ff9c9b49000 	C:\Users\FliaMejias\.javacpp\cache\ffmpeg-windows-x86_64.jar\org\bytedeco\javacpp\windows-x86_64\avcodec-57.dll
0x000000006a1c0000 - 0x000000006a44d000 	C:\Users\FliaMejias\.javacpp\cache\ffmpeg-windows-x86_64.jar\org\bytedeco\javacpp\windows-x86_64\jniavcodec.dll
0x00007ff9ce290000 - 0x00007ff9ce6dd000 	C:\Users\FliaMejias\.javacpp\cache\ffmpeg-windows-x86_64.jar\org\bytedeco\javacpp\windows-x86_64\avformat-57.dll
0x00007ff9da410000 - 0x00007ff9da41c000 	C:\Windows\SYSTEM32\Secur32.dll
0x00007ff9ecad0000 - 0x00007ff9ecb00000 	C:\Windows\SYSTEM32\SSPICLI.DLL
0x000000006abc0000 - 0x000000006ad0a000 	C:\Users\FliaMejias\.javacpp\cache\ffmpeg-windows-x86_64.jar\org\bytedeco\javacpp\windows-x86_64\jniavformat.dll
0x00007ff9d41e0000 - 0x00007ff9d4274000 	C:\Users\FliaMejias\.javacpp\cache\ffmpeg-windows-x86_64.jar\org\bytedeco\javacpp\windows-x86_64\swscale-4.dll
0x0000000067cc0000 - 0x0000000067cf6000 	C:\Users\FliaMejias\.javacpp\cache\ffmpeg-windows-x86_64.jar\org\bytedeco\javacpp\windows-x86_64\jniswscale.dll
0x00007ff9e0070000 - 0x00007ff9e009a000 	C:\Users\FliaMejias\.javacpp\cache\ffmpeg-windows-x86_64.jar\org\bytedeco\javacpp\windows-x86_64\postproc-54.dll
0x000000006a0c0000 - 0x000000006a0ec000 	C:\Users\FliaMejias\.javacpp\cache\ffmpeg-windows-x86_64.jar\org\bytedeco\javacpp\windows-x86_64\jnipostproc.dll
0x00007ff9cbbb0000 - 0x00007ff9cbf09000 	C:\Users\FliaMejias\.javacpp\cache\ffmpeg-windows-x86_64.jar\org\bytedeco\javacpp\windows-x86_64\avfilter-6.dll
0x000000001e7e0000 - 0x000000001e858000 	C:\Users\FliaMejias\.javacpp\cache\ffmpeg-windows-x86_64.jar\org\bytedeco\javacpp\windows-x86_64\jniavfilter.dll
0x00007ff9da440000 - 0x00007ff9da46d000 	C:\Users\FliaMejias\.javacpp\cache\ffmpeg-windows-x86_64.jar\org\bytedeco\javacpp\windows-x86_64\avdevice-57.dll
0x00007ff9e3600000 - 0x00007ff9e3618000 	C:\Windows\SYSTEM32\AVICAP32.dll
0x00007ff9d8990000 - 0x00007ff9d89b9000 	C:\Windows\SYSTEM32\MSVFW32.dll
0x000000001e880000 - 0x000000001e8b9000 	C:\Users\FliaMejias\.javacpp\cache\ffmpeg-windows-x86_64.jar\org\bytedeco\javacpp\windows-x86_64\jniavdevice.dll
0x00007ff9d3f50000 - 0x00007ff9d3fa1000 	C:\Users\FliaMejias\.javacpp\cache\opencv-windows-x86_64.jar\org\bytedeco\javacpp\windows-x86_64\concrt140.dll
0x00007ff9df4b0000 - 0x00007ff9df4c6000 	C:\Windows\SYSTEM32\VCRUNTIME140.dll
0x00007ff9d3ea0000 - 0x00007ff9d3f46000 	C:\Windows\SYSTEM32\MSVCP140.dll
0x00007ff9d3e00000 - 0x00007ff9d3e9d000 	C:\Users\FliaMejias\.javacpp\cache\opencv-windows-x86_64.jar\org\bytedeco\javacpp\windows-x86_64\msvcp140.dll
0x00007ff9d88f0000 - 0x00007ff9d8907000 	C:\Users\FliaMejias\.javacpp\cache\opencv-windows-x86_64.jar\org\bytedeco\javacpp\windows-x86_64\vcruntime140.dll
0x000000001e8c0000 - 0x000000001e8c3000 	C:\Users\FliaMejias\.javacpp\cache\opencv-windows-x86_64.jar\org\bytedeco\javacpp\windows-x86_64\api-ms-win-crt-locale-l1-1-0.dll
0x00000000201c0000 - 0x00000000201c4000 	C:\Users\FliaMejias\.javacpp\cache\opencv-windows-x86_64.jar\org\bytedeco\javacpp\windows-x86_64\api-ms-win-crt-string-l1-1-0.dll
0x00000000201d0000 - 0x00000000201d4000 	C:\Users\FliaMejias\.javacpp\cache\opencv-windows-x86_64.jar\org\bytedeco\javacpp\windows-x86_64\api-ms-win-crt-stdio-l1-1-0.dll
0x00000000201e0000 - 0x00000000201e5000 	C:\Users\FliaMejias\.javacpp\cache\opencv-windows-x86_64.jar\org\bytedeco\javacpp\windows-x86_64\api-ms-win-crt-math-l1-1-0.dll
0x00000000201f0000 - 0x00000000201f3000 	C:\Users\FliaMejias\.javacpp\cache\opencv-windows-x86_64.jar\org\bytedeco\javacpp\windows-x86_64\api-ms-win-crt-heap-l1-1-0.dll
0x0000000020200000 - 0x0000000020204000 	C:\Users\FliaMejias\.javacpp\cache\opencv-windows-x86_64.jar\org\bytedeco\javacpp\windows-x86_64\api-ms-win-crt-runtime-l1-1-0.dll
0x0000000020210000 - 0x0000000020214000 	C:\Users\FliaMejias\.javacpp\cache\opencv-windows-x86_64.jar\org\bytedeco\javacpp\windows-x86_64\api-ms-win-crt-convert-l1-1-0.dll
0x0000000020220000 - 0x0000000020223000 	C:\Users\FliaMejias\.javacpp\cache\opencv-windows-x86_64.jar\org\bytedeco\javacpp\windows-x86_64\api-ms-win-crt-environment-l1-1-0.dll
0x0000000020230000 - 0x0000000020233000 	C:\Users\FliaMejias\.javacpp\cache\opencv-windows-x86_64.jar\org\bytedeco\javacpp\windows-x86_64\api-ms-win-crt-time-l1-1-0.dll

VM Arguments:
jvm_args: -Xdebug -Xrunjdwp:transport=dt_shmem,address=javadebug -Dfile.encoding=UTF-8 
java_command: IEv4.IEv4
java_class_path (initial): C:\Users\FliaMejias\Desktop\javaCV\artoolkitplus-platform.jar;C:\Users\FliaMejias\Desktop\javaCV\artoolkitplus-windows-x86.jar;C:\Users\FliaMejias\Desktop\javaCV\artoolkitplus-windows-x86_64.jar;C:\Users\FliaMejias\Desktop\javaCV\artoolkitplus.jar;C:\Users\FliaMejias\Desktop\javaCV\ffmpeg-platform.jar;C:\Users\FliaMejias\Desktop\javaCV\ffmpeg-windows-x86.jar;C:\Users\FliaMejias\Desktop\javaCV\ffmpeg-windows-x86_64.jar;C:\Users\FliaMejias\Desktop\javaCV\ffmpeg.jar;C:\Users\FliaMejias\Desktop\javaCV\flandmark-platform.jar;C:\Users\FliaMejias\Desktop\javaCV\flandmark-windows-x86.jar;C:\Users\FliaMejias\Desktop\javaCV\flandmark-windows-x86_64.jar;C:\Users\FliaMejias\Desktop\javaCV\flandmark.jar;C:\Users\FliaMejias\Desktop\javaCV\flycapture-platform.jar;C:\Users\FliaMejias\Desktop\javaCV\flycapture-windows-x86.jar;C:\Users\FliaMejias\Desktop\javaCV\flycapture-windows-x86_64.jar;C:\Users\FliaMejias\Desktop\javaCV\flycapture.jar;C:\Users\FliaMejias\Desktop\javaCV\javacpp.jar;C:\Users\FliaMejias\Desktop\javaCV\javacv-platform.jar;C:\Users\FliaMejias\Desktop\javaCV\javacv.jar;C:\Users\FliaMejias\Desktop\javaCV\libdc1394-platform.jar;C:\Users\FliaMejias\Desktop\javaCV\libdc1394-windows-x86.jar;C:\Users\FliaMejias\Desktop\javaCV\libdc1394-windows-x86_64.jar;C:\Users\FliaMejias\Desktop\javaCV\libdc1394.jar;C:\Users\FliaMejias\Desktop\javaCV\libfreenect-platform.jar;C:\Users\FliaMejias\Desktop\javaCV\libfreenect-windows-x86.jar;C:\Users\FliaMejias\Desktop\javaCV\libfreenect-windows-x86_64.jar;C:\Users\FliaMejias\Desktop\javaCV\libfreenect.jar;C:\Users\FliaMejias\Desktop\javaCV\libfreenect2-platform.jar;C:\Users\FliaMejias\Desktop\javaCV\libfreenect2-windows-x86_64.jar;C:\Users\FliaMejias\Desktop\javaCV\libfreenect2.jar;C:\Users\FliaMejias\Desktop\javaCV\librealsense-platform.jar;C:\Users\FliaMejias\Desktop\javaCV\librealsense-windows-x86.jar;C:\Users\FliaMejias\Desktop\javaCV\librealsense-windows-x86_64.jar;C:\Users\FliaMejias\Desktop\javaCV\libreals
Launcher Type: SUN_STANDARD

Environment Variables:
PATH=C:\Program Files (x86)\Common Files\Oracle\Java\javapath;C:\ProgramData\Oracle\Java\javapath;C:\Windows\system32;C:\Windows;C:\Windows\System32\Wbem;C:\Windows\System32\WindowsPowerShell\v1.0\;C:\Program Files\Git\cmd;C:\Program Files\nodejs\;C:\xampp\php;C:\ProgramData\ComposerSetup\bin;C:\Program Files\SourceGear\Common\DiffMerge\;C:\Program Files (x86)\GtkSharp\2.12\bin;C:\Users\FliaMejias\AppData\Local\Microsoft\WindowsApps;C:\Program Files\Microsoft VS Code\bin;C:\Users\FliaMejias\AppData\Roaming\npm;C:\cygwin64\bin;C:\Users\FliaMejias\AppData\Roaming\Composer\vendor\bin
USERNAME=FliaMejias
OS=Windows_NT
PROCESSOR_IDENTIFIER=Intel64 Family 6 Model 58 Stepping 9, GenuineIntel



---------------  S Y S T E M  ---------------

OS: Windows 10.0 , 64 bit Build 16299 (10.0.16299.15)

CPU:total 4 (2 cores per cpu, 2 threads per core) family 6 model 58 stepping 9, cmov, cx8, fxsr, mmx, sse, sse2, sse3, ssse3, sse4.1, sse4.2, popcnt, avx, clmul, erms, ht, tsc, tscinvbit, tscinv

Memory: 4k page, physical 8282888k(1554828k free), swap 12477192k(4775320k free)

vm_info: Java HotSpot(TM) 64-Bit Server VM (25.111-b14) for windows-amd64 JRE (1.8.0_111-b14), built on Sep 22 2016 19:24:05 by "java_re" with MS VC++ 10.0 (VS2010)

time: Sun Jun 24 12:21:22 2018
elapsed time: 117 seconds (0d 0h 1m 57s)

